<?xml version="1.0" encoding="UTF-8"?>
<TestRun id="d7b8d499-d27e-4d73-ad50-5b5c80ee4d27" name="briandek@TERRA 2011-04-23 02:45:20" runUser="Terra\briandek" xmlns="http://microsoft.com/schemas/VisualStudio/TeamTest/2010">
  <TestSettings name="Local" id="0134485d-d616-41be-ad31-963a4aa628bb">
    <Description>These are default test settings for a local test run.</Description>
    <Deployment enabled="false" runDeploymentRoot="briandek_TERRA 2011-04-23 02_45_20">
      <DeploymentItem filename="D:\Visual Studio 2010\Projects\WowDotNetAPI\RealmAPI\bin\Debug\RealmAPI.dll" />
    </Deployment>
    <Execution>
      <TestTypeSpecific />
      <AgentRule name="Execution Agents">
      </AgentRule>
    </Execution>
  </TestSettings>
  <Times creation="2011-04-23T02:45:20.9358890-04:00" queuing="2011-04-23T02:45:20.9528900-04:00" start="2011-04-23T02:45:20.9588903-04:00" finish="2011-04-23T02:45:30.3504275-04:00" />
  <ResultSummary outcome="Failed">
    <Counters total="17" executed="17" passed="16" error="0" failed="1" timeout="0" aborted="0" inconclusive="0" passedButRunAborted="0" notRunnable="0" notExecuted="0" disconnected="0" warning="0" completed="0" inProgress="0" pending="0" />
  </ResultSummary>
  <TestDefinitions>
    <UnitTest name="GetAll_US_Realms" storage="d:\visual studio 2010\projects\wowdotnetapi\realmapi.test\bin\debug\realmapi.test.dll" id="e7d9b83c-4193-8b62-50f6-f2129dba3d20">
      <Execution id="c944a2e7-0a84-4a47-9648-eb9cdb32be77" />
      <TestMethod codeBase="D:/Visual Studio 2010/Projects/WowDotNetAPI/RealmAPI.Test/bin/Debug/RealmAPI.Test.DLL" adapterTypeName="Microsoft.VisualStudio.TestTools.TestTypes.Unit.UnitTestAdapter, Microsoft.VisualStudio.QualityTools.Tips.UnitTest.Adapter, Version=10.0.0.0, Culture=neutral, PublicKeyToken=b03f5f7f11d50a3a" className="RealmAPI.Test.RealmExplorerTest, RealmAPI.Test, Version=1.0.0.0, Culture=neutral, PublicKeyToken=null" name="GetAll_US_Realms" />
    </UnitTest>
    <UnitTest name="GetAll_EU_Realms" storage="d:\visual studio 2010\projects\wowdotnetapi\realmapi.test\bin\debug\realmapi.test.dll" id="4491a6b8-c9f2-a204-f1ca-6cd219953d98">
      <Execution id="425627bf-1fd7-40e7-8bab-bf9986fee4f1" />
      <TestMethod codeBase="D:/Visual Studio 2010/Projects/WowDotNetAPI/RealmAPI.Test/bin/Debug/RealmAPI.Test.DLL" adapterTypeName="Microsoft.VisualStudio.TestTools.TestTypes.Unit.UnitTestAdapter, Microsoft.VisualStudio.QualityTools.Tips.UnitTest.Adapter, Version=10.0.0.0, Culture=neutral, PublicKeyToken=b03f5f7f11d50a3a" className="RealmAPI.Test.RealmExplorerTest, RealmAPI.Test, Version=1.0.0.0, Culture=neutral, PublicKeyToken=null" name="GetAll_EU_Realms" />
    </UnitTest>
    <UnitTest name="Get_Valid_US_Realm" storage="d:\visual studio 2010\projects\wowdotnetapi\realmapi.test\bin\debug\realmapi.test.dll" id="dd757992-ff7e-4c41-cb3a-9073dee3ac40">
      <Execution id="53bb0c55-f94b-4f51-a4eb-a927e5e7f92e" />
      <TestMethod codeBase="D:/Visual Studio 2010/Projects/WowDotNetAPI/RealmAPI.Test/bin/Debug/RealmAPI.Test.DLL" adapterTypeName="Microsoft.VisualStudio.TestTools.TestTypes.Unit.UnitTestAdapter, Microsoft.VisualStudio.QualityTools.Tips.UnitTest.Adapter, Version=10.0.0.0, Culture=neutral, PublicKeyToken=b03f5f7f11d50a3a" className="RealmAPI.Test.RealmExplorerTest, RealmAPI.Test, Version=1.0.0.0, Culture=neutral, PublicKeyToken=null" name="Get_Valid_US_Realm" />
    </UnitTest>
    <UnitTest name="Get_Realms_Using_Multiple_ValidNames_Query" storage="d:\visual studio 2010\projects\wowdotnetapi\realmapi.test\bin\debug\realmapi.test.dll" id="707990a1-ca22-b104-1ec8-9f4d6bf8fe63">
      <Execution id="0b4c007f-9d0c-424b-bedf-ef21d4409a3d" />
      <TestMethod codeBase="D:/Visual Studio 2010/Projects/WowDotNetAPI/RealmAPI.Test/bin/Debug/RealmAPI.Test.DLL" adapterTypeName="Microsoft.VisualStudio.TestTools.TestTypes.Unit.UnitTestAdapter, Microsoft.VisualStudio.QualityTools.Tips.UnitTest.Adapter, Version=10.0.0.0, Culture=neutral, PublicKeyToken=b03f5f7f11d50a3a" className="RealmAPI.Test.RealmExplorerTest, RealmAPI.Test, Version=1.0.0.0, Culture=neutral, PublicKeyToken=null" name="Get_Realms_Using_Multiple_ValidNames_Query" />
    </UnitTest>
    <UnitTest name="Get_Invalid_KR_Realm" storage="d:\visual studio 2010\projects\wowdotnetapi\realmapi.test\bin\debug\realmapi.test.dll" id="57c4e268-2ad1-24e6-0cf7-00b9834db970">
      <Execution id="8619ebe1-68b4-4f23-b86b-4b47ff398105" />
      <TestMethod codeBase="D:/Visual Studio 2010/Projects/WowDotNetAPI/RealmAPI.Test/bin/Debug/RealmAPI.Test.DLL" adapterTypeName="Microsoft.VisualStudio.TestTools.TestTypes.Unit.UnitTestAdapter, Microsoft.VisualStudio.QualityTools.Tips.UnitTest.Adapter, Version=10.0.0.0, Culture=neutral, PublicKeyToken=b03f5f7f11d50a3a" className="RealmAPI.Test.RealmExplorerTest, RealmAPI.Test, Version=1.0.0.0, Culture=neutral, PublicKeyToken=null" name="Get_Invalid_KR_Realm" />
    </UnitTest>
    <UnitTest name="Get_Invalid_EU_Realm" storage="d:\visual studio 2010\projects\wowdotnetapi\realmapi.test\bin\debug\realmapi.test.dll" id="5ee86b37-da80-71a0-5f59-f20e6892cdf7">
      <Execution id="9f113692-ea5d-431b-9212-13e15b562419" />
      <TestMethod codeBase="D:/Visual Studio 2010/Projects/WowDotNetAPI/RealmAPI.Test/bin/Debug/RealmAPI.Test.DLL" adapterTypeName="Microsoft.VisualStudio.TestTools.TestTypes.Unit.UnitTestAdapter, Microsoft.VisualStudio.QualityTools.Tips.UnitTest.Adapter, Version=10.0.0.0, Culture=neutral, PublicKeyToken=b03f5f7f11d50a3a" className="RealmAPI.Test.RealmExplorerTest, RealmAPI.Test, Version=1.0.0.0, Culture=neutral, PublicKeyToken=null" name="Get_Invalid_EU_Realm" />
    </UnitTest>
    <UnitTest name="Get_Realms_Using_Multiple_ValidNamesArray_Query" storage="d:\visual studio 2010\projects\wowdotnetapi\realmapi.test\bin\debug\realmapi.test.dll" id="6344372c-8e75-0725-d48b-eb26d4f91e9d">
      <Execution id="d106ac9e-c1d2-4b95-a09c-1e698ff8a32b" />
      <TestMethod codeBase="D:/Visual Studio 2010/Projects/WowDotNetAPI/RealmAPI.Test/bin/Debug/RealmAPI.Test.DLL" adapterTypeName="Microsoft.VisualStudio.TestTools.TestTypes.Unit.UnitTestAdapter, Microsoft.VisualStudio.QualityTools.Tips.UnitTest.Adapter, Version=10.0.0.0, Culture=neutral, PublicKeyToken=b03f5f7f11d50a3a" className="RealmAPI.Test.RealmExplorerTest, RealmAPI.Test, Version=1.0.0.0, Culture=neutral, PublicKeyToken=null" name="Get_Realms_Using_Multiple_ValidNamesArray_Query" />
    </UnitTest>
    <UnitTest name="Get_Valid_EU_Realm" storage="d:\visual studio 2010\projects\wowdotnetapi\realmapi.test\bin\debug\realmapi.test.dll" id="710d1407-a9ad-96c8-20ba-ccf5911743d0">
      <Execution id="4e207b5e-655f-403d-bf50-00485241fb47" />
      <TestMethod codeBase="D:/Visual Studio 2010/Projects/WowDotNetAPI/RealmAPI.Test/bin/Debug/RealmAPI.Test.DLL" adapterTypeName="Microsoft.VisualStudio.TestTools.TestTypes.Unit.UnitTestAdapter, Microsoft.VisualStudio.QualityTools.Tips.UnitTest.Adapter, Version=10.0.0.0, Culture=neutral, PublicKeyToken=b03f5f7f11d50a3a" className="RealmAPI.Test.RealmExplorerTest, RealmAPI.Test, Version=1.0.0.0, Culture=neutral, PublicKeyToken=null" name="Get_Valid_EU_Realm" />
    </UnitTest>
    <UnitTest name="Get_Invalid_US_Realm" storage="d:\visual studio 2010\projects\wowdotnetapi\realmapi.test\bin\debug\realmapi.test.dll" id="ba952dac-5f37-2ba4-33a1-e60c919490ba">
      <Execution id="d6997903-af5c-4c77-87f3-77852e3c49ac" />
      <TestMethod codeBase="D:/Visual Studio 2010/Projects/WowDotNetAPI/RealmAPI.Test/bin/Debug/RealmAPI.Test.DLL" adapterTypeName="Microsoft.VisualStudio.TestTools.TestTypes.Unit.UnitTestAdapter, Microsoft.VisualStudio.QualityTools.Tips.UnitTest.Adapter, Version=10.0.0.0, Culture=neutral, PublicKeyToken=b03f5f7f11d50a3a" className="RealmAPI.Test.RealmExplorerTest, RealmAPI.Test, Version=1.0.0.0, Culture=neutral, PublicKeyToken=null" name="Get_Invalid_US_Realm" />
    </UnitTest>
    <UnitTest name="Get_All_Realms_By_Queue" storage="d:\visual studio 2010\projects\wowdotnetapi\realmapi.test\bin\debug\realmapi.test.dll" id="1667cf12-b7b3-b8cf-8d54-f490afa44677">
      <Execution id="9d7ea669-07dd-4ffa-b306-1d8dcd5986cf" />
      <TestMethod codeBase="D:/Visual Studio 2010/Projects/WowDotNetAPI/RealmAPI.Test/bin/Debug/RealmAPI.Test.DLL" adapterTypeName="Microsoft.VisualStudio.TestTools.TestTypes.Unit.UnitTestAdapter, Microsoft.VisualStudio.QualityTools.Tips.UnitTest.Adapter, Version=10.0.0.0, Culture=neutral, PublicKeyToken=b03f5f7f11d50a3a" className="RealmAPI.Test.RealmExplorerTest, RealmAPI.Test, Version=1.0.0.0, Culture=neutral, PublicKeyToken=null" name="Get_All_Realms_By_Queue" />
    </UnitTest>
    <UnitTest name="GetAll_KR_Realms" storage="d:\visual studio 2010\projects\wowdotnetapi\realmapi.test\bin\debug\realmapi.test.dll" id="73220a94-4b99-cbd4-b347-bbd2b79c3294">
      <Execution id="ea40dfbd-8eac-406d-8fa4-875d95381bed" />
      <TestMethod codeBase="D:/Visual Studio 2010/Projects/WowDotNetAPI/RealmAPI.Test/bin/Debug/RealmAPI.Test.DLL" adapterTypeName="Microsoft.VisualStudio.TestTools.TestTypes.Unit.UnitTestAdapter, Microsoft.VisualStudio.QualityTools.Tips.UnitTest.Adapter, Version=10.0.0.0, Culture=neutral, PublicKeyToken=b03f5f7f11d50a3a" className="RealmAPI.Test.RealmExplorerTest, RealmAPI.Test, Version=1.0.0.0, Culture=neutral, PublicKeyToken=null" name="GetAll_KR_Realms" />
    </UnitTest>
    <UnitTest name="GetAllRealms_InvalidLocation_URL" storage="d:\visual studio 2010\projects\wowdotnetapi\realmapi.test\bin\debug\realmapi.test.dll" id="292cb1ef-5040-cb9f-b16e-7e0a1a91ad57">
      <Execution id="b359ddcd-faad-45df-9147-0eb080893b1d" />
      <TestMethod codeBase="D:/Visual Studio 2010/Projects/WowDotNetAPI/RealmAPI.Test/bin/Debug/RealmAPI.Test.DLL" adapterTypeName="Microsoft.VisualStudio.TestTools.TestTypes.Unit.UnitTestAdapter, Microsoft.VisualStudio.QualityTools.Tips.UnitTest.Adapter, Version=10.0.0.0, Culture=neutral, PublicKeyToken=b03f5f7f11d50a3a" className="RealmAPI.Test.RealmExplorerTest, RealmAPI.Test, Version=1.0.0.0, Culture=neutral, PublicKeyToken=null" name="GetAllRealms_InvalidLocation_URL" />
    </UnitTest>
    <UnitTest name="Get_Realms_Using_Multiple_InvalidNames_Query" storage="d:\visual studio 2010\projects\wowdotnetapi\realmapi.test\bin\debug\realmapi.test.dll" id="08d2fbe5-1b6e-d0da-202e-3826857d390a">
      <Execution id="dfa405b6-e7e1-4960-93db-e65d43271950" />
      <TestMethod codeBase="D:/Visual Studio 2010/Projects/WowDotNetAPI/RealmAPI.Test/bin/Debug/RealmAPI.Test.DLL" adapterTypeName="Microsoft.VisualStudio.TestTools.TestTypes.Unit.UnitTestAdapter, Microsoft.VisualStudio.QualityTools.Tips.UnitTest.Adapter, Version=10.0.0.0, Culture=neutral, PublicKeyToken=b03f5f7f11d50a3a" className="RealmAPI.Test.RealmExplorerTest, RealmAPI.Test, Version=1.0.0.0, Culture=neutral, PublicKeyToken=null" name="Get_Realms_Using_Multiple_InvalidNames_Query" />
    </UnitTest>
    <UnitTest name="Get_All_Realms_By_Status" storage="d:\visual studio 2010\projects\wowdotnetapi\realmapi.test\bin\debug\realmapi.test.dll" id="79084d8a-1380-0d34-b6c1-9bbf8ccd95a1">
      <Execution id="24dd21e3-1771-4e64-b18f-c97d2973d6c5" />
      <TestMethod codeBase="D:/Visual Studio 2010/Projects/WowDotNetAPI/RealmAPI.Test/bin/Debug/RealmAPI.Test.DLL" adapterTypeName="Microsoft.VisualStudio.TestTools.TestTypes.Unit.UnitTestAdapter, Microsoft.VisualStudio.QualityTools.Tips.UnitTest.Adapter, Version=10.0.0.0, Culture=neutral, PublicKeyToken=b03f5f7f11d50a3a" className="RealmAPI.Test.RealmExplorerTest, RealmAPI.Test, Version=1.0.0.0, Culture=neutral, PublicKeyToken=null" name="Get_All_Realms_By_Status" />
    </UnitTest>
    <UnitTest name="Get_All_Realms_By_Type" storage="d:\visual studio 2010\projects\wowdotnetapi\realmapi.test\bin\debug\realmapi.test.dll" id="a9446daf-6edb-437b-2cf8-d41d95f50f37">
      <Execution id="b3e43268-819f-42b2-8909-d511984c9fd1" />
      <TestMethod codeBase="D:/Visual Studio 2010/Projects/WowDotNetAPI/RealmAPI.Test/bin/Debug/RealmAPI.Test.DLL" adapterTypeName="Microsoft.VisualStudio.TestTools.TestTypes.Unit.UnitTestAdapter, Microsoft.VisualStudio.QualityTools.Tips.UnitTest.Adapter, Version=10.0.0.0, Culture=neutral, PublicKeyToken=b03f5f7f11d50a3a" className="RealmAPI.Test.RealmExplorerTest, RealmAPI.Test, Version=1.0.0.0, Culture=neutral, PublicKeyToken=null" name="Get_All_Realms_By_Type" />
    </UnitTest>
    <UnitTest name="Get_All_Realms_By_Population" storage="d:\visual studio 2010\projects\wowdotnetapi\realmapi.test\bin\debug\realmapi.test.dll" id="884b373c-d299-48da-e939-29739a48a124">
      <Execution id="d21a9f1e-4fe0-40ef-95d3-c57eef7a327a" />
      <TestMethod codeBase="D:/Visual Studio 2010/Projects/WowDotNetAPI/RealmAPI.Test/bin/Debug/RealmAPI.Test.DLL" adapterTypeName="Microsoft.VisualStudio.TestTools.TestTypes.Unit.UnitTestAdapter, Microsoft.VisualStudio.QualityTools.Tips.UnitTest.Adapter, Version=10.0.0.0, Culture=neutral, PublicKeyToken=b03f5f7f11d50a3a" className="RealmAPI.Test.RealmExplorerTest, RealmAPI.Test, Version=1.0.0.0, Culture=neutral, PublicKeyToken=null" name="Get_All_Realms_By_Population" />
    </UnitTest>
    <UnitTest name="Get_Valid_KR_Realm" storage="d:\visual studio 2010\projects\wowdotnetapi\realmapi.test\bin\debug\realmapi.test.dll" id="b2fbf06e-b806-75b8-f16c-2eb5bf6c6c89">
      <Execution id="5608e41f-e731-487b-b544-db43eb367b12" />
      <TestMethod codeBase="D:/Visual Studio 2010/Projects/WowDotNetAPI/RealmAPI.Test/bin/Debug/RealmAPI.Test.DLL" adapterTypeName="Microsoft.VisualStudio.TestTools.TestTypes.Unit.UnitTestAdapter, Microsoft.VisualStudio.QualityTools.Tips.UnitTest.Adapter, Version=10.0.0.0, Culture=neutral, PublicKeyToken=b03f5f7f11d50a3a" className="RealmAPI.Test.RealmExplorerTest, RealmAPI.Test, Version=1.0.0.0, Culture=neutral, PublicKeyToken=null" name="Get_Valid_KR_Realm" />
    </UnitTest>
  </TestDefinitions>
  <TestLists>
    <TestList name="Results Not in a List" id="8c84fa94-04c1-424b-9868-57a2d4851a1d" />
    <TestList name="All Loaded Results" id="19431567-8539-422a-85d7-44ee4e166bda" />
  </TestLists>
  <TestEntries>
    <TestEntry testId="08d2fbe5-1b6e-d0da-202e-3826857d390a" executionId="dfa405b6-e7e1-4960-93db-e65d43271950" testListId="8c84fa94-04c1-424b-9868-57a2d4851a1d" />
    <TestEntry testId="1667cf12-b7b3-b8cf-8d54-f490afa44677" executionId="9d7ea669-07dd-4ffa-b306-1d8dcd5986cf" testListId="8c84fa94-04c1-424b-9868-57a2d4851a1d" />
    <TestEntry testId="292cb1ef-5040-cb9f-b16e-7e0a1a91ad57" executionId="b359ddcd-faad-45df-9147-0eb080893b1d" testListId="8c84fa94-04c1-424b-9868-57a2d4851a1d" />
    <TestEntry testId="4491a6b8-c9f2-a204-f1ca-6cd219953d98" executionId="425627bf-1fd7-40e7-8bab-bf9986fee4f1" testListId="8c84fa94-04c1-424b-9868-57a2d4851a1d" />
    <TestEntry testId="57c4e268-2ad1-24e6-0cf7-00b9834db970" executionId="8619ebe1-68b4-4f23-b86b-4b47ff398105" testListId="8c84fa94-04c1-424b-9868-57a2d4851a1d" />
    <TestEntry testId="5ee86b37-da80-71a0-5f59-f20e6892cdf7" executionId="9f113692-ea5d-431b-9212-13e15b562419" testListId="8c84fa94-04c1-424b-9868-57a2d4851a1d" />
    <TestEntry testId="6344372c-8e75-0725-d48b-eb26d4f91e9d" executionId="d106ac9e-c1d2-4b95-a09c-1e698ff8a32b" testListId="8c84fa94-04c1-424b-9868-57a2d4851a1d" />
    <TestEntry testId="707990a1-ca22-b104-1ec8-9f4d6bf8fe63" executionId="0b4c007f-9d0c-424b-bedf-ef21d4409a3d" testListId="8c84fa94-04c1-424b-9868-57a2d4851a1d" />
    <TestEntry testId="710d1407-a9ad-96c8-20ba-ccf5911743d0" executionId="4e207b5e-655f-403d-bf50-00485241fb47" testListId="8c84fa94-04c1-424b-9868-57a2d4851a1d" />
    <TestEntry testId="73220a94-4b99-cbd4-b347-bbd2b79c3294" executionId="ea40dfbd-8eac-406d-8fa4-875d95381bed" testListId="8c84fa94-04c1-424b-9868-57a2d4851a1d" />
    <TestEntry testId="79084d8a-1380-0d34-b6c1-9bbf8ccd95a1" executionId="24dd21e3-1771-4e64-b18f-c97d2973d6c5" testListId="8c84fa94-04c1-424b-9868-57a2d4851a1d" />
    <TestEntry testId="884b373c-d299-48da-e939-29739a48a124" executionId="d21a9f1e-4fe0-40ef-95d3-c57eef7a327a" testListId="8c84fa94-04c1-424b-9868-57a2d4851a1d" />
    <TestEntry testId="a9446daf-6edb-437b-2cf8-d41d95f50f37" executionId="b3e43268-819f-42b2-8909-d511984c9fd1" testListId="8c84fa94-04c1-424b-9868-57a2d4851a1d" />
    <TestEntry testId="b2fbf06e-b806-75b8-f16c-2eb5bf6c6c89" executionId="5608e41f-e731-487b-b544-db43eb367b12" testListId="8c84fa94-04c1-424b-9868-57a2d4851a1d" />
    <TestEntry testId="ba952dac-5f37-2ba4-33a1-e60c919490ba" executionId="d6997903-af5c-4c77-87f3-77852e3c49ac" testListId="8c84fa94-04c1-424b-9868-57a2d4851a1d" />
    <TestEntry testId="dd757992-ff7e-4c41-cb3a-9073dee3ac40" executionId="53bb0c55-f94b-4f51-a4eb-a927e5e7f92e" testListId="8c84fa94-04c1-424b-9868-57a2d4851a1d" />
    <TestEntry testId="e7d9b83c-4193-8b62-50f6-f2129dba3d20" executionId="c944a2e7-0a84-4a47-9648-eb9cdb32be77" testListId="8c84fa94-04c1-424b-9868-57a2d4851a1d" />
  </TestEntries>
  <Results>
    <UnitTestResult executionId="dfa405b6-e7e1-4960-93db-e65d43271950" testId="08d2fbe5-1b6e-d0da-202e-3826857d390a" testName="Get_Realms_Using_Multiple_InvalidNames_Query" computerName="TERRA" duration="00:00:00.4361727" startTime="2011-04-23T02:45:20.9598904-04:00" endTime="2011-04-23T02:45:21.5319231-04:00" testType="13cdc9d9-ddb5-4fa4-a97d-d965ccfc6d4b" outcome="Failed" testListId="8c84fa94-04c1-424b-9868-57a2d4851a1d" relativeResultsDirectory="dfa405b6-e7e1-4960-93db-e65d43271950">
      <Output>
        <ErrorInfo>
          <Message>Assert.IsTrue failed. </Message>
          <StackTrace>   at RealmAPI.Test.RealmExplorerTest.Get_Realms_Using_Multiple_InvalidNames_Query() in D:\Visual Studio 2010\Projects\WowDotNetAPI\RealmAPI.Test\RealmExplorerTest.cs:line 110
</StackTrace>
        </ErrorInfo>
      </Output>
    </UnitTestResult>
    <UnitTestResult executionId="9d7ea669-07dd-4ffa-b306-1d8dcd5986cf" testId="1667cf12-b7b3-b8cf-8d54-f490afa44677" testName="Get_All_Realms_By_Queue" computerName="TERRA" duration="00:00:00.6371579" startTime="2011-04-23T02:45:21.5329231-04:00" endTime="2011-04-23T02:45:22.1739598-04:00" testType="13cdc9d9-ddb5-4fa4-a97d-d965ccfc6d4b" outcome="Passed" testListId="8c84fa94-04c1-424b-9868-57a2d4851a1d" relativeResultsDirectory="9d7ea669-07dd-4ffa-b306-1d8dcd5986cf">
    </UnitTestResult>
    <UnitTestResult executionId="b359ddcd-faad-45df-9147-0eb080893b1d" testId="292cb1ef-5040-cb9f-b16e-7e0a1a91ad57" testName="GetAllRealms_InvalidLocation_URL" computerName="TERRA" duration="00:00:02.2579806" startTime="2011-04-23T02:45:22.1749599-04:00" endTime="2011-04-23T02:45:24.4360892-04:00" testType="13cdc9d9-ddb5-4fa4-a97d-d965ccfc6d4b" outcome="Passed" testListId="8c84fa94-04c1-424b-9868-57a2d4851a1d" relativeResultsDirectory="b359ddcd-faad-45df-9147-0eb080893b1d">
    </UnitTestResult>
    <UnitTestResult executionId="425627bf-1fd7-40e7-8bab-bf9986fee4f1" testId="4491a6b8-c9f2-a204-f1ca-6cd219953d98" testName="GetAll_EU_Realms" computerName="TERRA" duration="00:00:00.9202466" startTime="2011-04-23T02:45:24.4390894-04:00" endTime="2011-04-23T02:45:25.3641423-04:00" testType="13cdc9d9-ddb5-4fa4-a97d-d965ccfc6d4b" outcome="Passed" testListId="8c84fa94-04c1-424b-9868-57a2d4851a1d" relativeResultsDirectory="425627bf-1fd7-40e7-8bab-bf9986fee4f1">
    </UnitTestResult>
    <UnitTestResult executionId="8619ebe1-68b4-4f23-b86b-4b47ff398105" testId="57c4e268-2ad1-24e6-0cf7-00b9834db970" testName="Get_Invalid_KR_Realm" computerName="TERRA" duration="00:00:00.6307325" startTime="2011-04-23T02:45:25.3661424-04:00" endTime="2011-04-23T02:45:26.0011787-04:00" testType="13cdc9d9-ddb5-4fa4-a97d-d965ccfc6d4b" outcome="Passed" testListId="8c84fa94-04c1-424b-9868-57a2d4851a1d" relativeResultsDirectory="8619ebe1-68b4-4f23-b86b-4b47ff398105">
    </UnitTestResult>
    <UnitTestResult executionId="9f113692-ea5d-431b-9212-13e15b562419" testId="5ee86b37-da80-71a0-5f59-f20e6892cdf7" testName="Get_Invalid_EU_Realm" computerName="TERRA" duration="00:00:00.1392444" startTime="2011-04-23T02:45:26.0031788-04:00" endTime="2011-04-23T02:45:26.1461870-04:00" testType="13cdc9d9-ddb5-4fa4-a97d-d965ccfc6d4b" outcome="Passed" testListId="8c84fa94-04c1-424b-9868-57a2d4851a1d" relativeResultsDirectory="9f113692-ea5d-431b-9212-13e15b562419">
    </UnitTestResult>
    <UnitTestResult executionId="d106ac9e-c1d2-4b95-a09c-1e698ff8a32b" testId="6344372c-8e75-0725-d48b-eb26d4f91e9d" testName="Get_Realms_Using_Multiple_ValidNamesArray_Query" computerName="TERRA" duration="00:00:00.1603399" startTime="2011-04-23T02:45:26.1471871-04:00" endTime="2011-04-23T02:45:26.3101964-04:00" testType="13cdc9d9-ddb5-4fa4-a97d-d965ccfc6d4b" outcome="Passed" testListId="8c84fa94-04c1-424b-9868-57a2d4851a1d" relativeResultsDirectory="d106ac9e-c1d2-4b95-a09c-1e698ff8a32b">
    </UnitTestResult>
    <UnitTestResult executionId="0b4c007f-9d0c-424b-bedf-ef21d4409a3d" testId="707990a1-ca22-b104-1ec8-9f4d6bf8fe63" testName="Get_Realms_Using_Multiple_ValidNames_Query" computerName="TERRA" duration="00:00:00.1293905" startTime="2011-04-23T02:45:26.3111965-04:00" endTime="2011-04-23T02:45:26.4452041-04:00" testType="13cdc9d9-ddb5-4fa4-a97d-d965ccfc6d4b" outcome="Passed" testListId="8c84fa94-04c1-424b-9868-57a2d4851a1d" relativeResultsDirectory="0b4c007f-9d0c-424b-bedf-ef21d4409a3d">
    </UnitTestResult>
    <UnitTestResult executionId="4e207b5e-655f-403d-bf50-00485241fb47" testId="710d1407-a9ad-96c8-20ba-ccf5911743d0" testName="Get_Valid_EU_Realm" computerName="TERRA" duration="00:00:00.2667591" startTime="2011-04-23T02:45:26.4472042-04:00" endTime="2011-04-23T02:45:26.7182197-04:00" testType="13cdc9d9-ddb5-4fa4-a97d-d965ccfc6d4b" outcome="Passed" testListId="8c84fa94-04c1-424b-9868-57a2d4851a1d" relativeResultsDirectory="4e207b5e-655f-403d-bf50-00485241fb47">
    </UnitTestResult>
    <UnitTestResult executionId="ea40dfbd-8eac-406d-8fa4-875d95381bed" testId="73220a94-4b99-cbd4-b347-bbd2b79c3294" testName="GetAll_KR_Realms" computerName="TERRA" duration="00:00:00.9440979" startTime="2011-04-23T02:45:26.7202198-04:00" endTime="2011-04-23T02:45:27.6692741-04:00" testType="13cdc9d9-ddb5-4fa4-a97d-d965ccfc6d4b" outcome="Passed" testListId="8c84fa94-04c1-424b-9868-57a2d4851a1d" relativeResultsDirectory="ea40dfbd-8eac-406d-8fa4-875d95381bed">
    </UnitTestResult>
    <UnitTestResult executionId="24dd21e3-1771-4e64-b18f-c97d2973d6c5" testId="79084d8a-1380-0d34-b6c1-9bbf8ccd95a1" testName="Get_All_Realms_By_Status" computerName="TERRA" duration="00:00:00.6169423" startTime="2011-04-23T02:45:27.6712742-04:00" endTime="2011-04-23T02:45:28.2933098-04:00" testType="13cdc9d9-ddb5-4fa4-a97d-d965ccfc6d4b" outcome="Passed" testListId="8c84fa94-04c1-424b-9868-57a2d4851a1d" relativeResultsDirectory="24dd21e3-1771-4e64-b18f-c97d2973d6c5">
    </UnitTestResult>
    <UnitTestResult executionId="d21a9f1e-4fe0-40ef-95d3-c57eef7a327a" testId="884b373c-d299-48da-e939-29739a48a124" testName="Get_All_Realms_By_Population" computerName="TERRA" duration="00:00:00.3762007" startTime="2011-04-23T02:45:28.2943099-04:00" endTime="2011-04-23T02:45:28.6753317-04:00" testType="13cdc9d9-ddb5-4fa4-a97d-d965ccfc6d4b" outcome="Passed" testListId="8c84fa94-04c1-424b-9868-57a2d4851a1d" relativeResultsDirectory="d21a9f1e-4fe0-40ef-95d3-c57eef7a327a">
    </UnitTestResult>
    <UnitTestResult executionId="b3e43268-819f-42b2-8909-d511984c9fd1" testId="a9446daf-6edb-437b-2cf8-d41d95f50f37" testName="Get_All_Realms_By_Type" computerName="TERRA" duration="00:00:00.2681367" startTime="2011-04-23T02:45:28.6773318-04:00" endTime="2011-04-23T02:45:28.9513475-04:00" testType="13cdc9d9-ddb5-4fa4-a97d-d965ccfc6d4b" outcome="Passed" testListId="8c84fa94-04c1-424b-9868-57a2d4851a1d" relativeResultsDirectory="b3e43268-819f-42b2-8909-d511984c9fd1">
    </UnitTestResult>
    <UnitTestResult executionId="5608e41f-e731-487b-b544-db43eb367b12" testId="b2fbf06e-b806-75b8-f16c-2eb5bf6c6c89" testName="Get_Valid_KR_Realm" computerName="TERRA" duration="00:00:00.3267983" startTime="2011-04-23T02:45:28.9533476-04:00" endTime="2011-04-23T02:45:29.2853666-04:00" testType="13cdc9d9-ddb5-4fa4-a97d-d965ccfc6d4b" outcome="Passed" testListId="8c84fa94-04c1-424b-9868-57a2d4851a1d" relativeResultsDirectory="5608e41f-e731-487b-b544-db43eb367b12">
    </UnitTestResult>
    <UnitTestResult executionId="d6997903-af5c-4c77-87f3-77852e3c49ac" testId="ba952dac-5f37-2ba4-33a1-e60c919490ba" testName="Get_Invalid_US_Realm" computerName="TERRA" duration="00:00:00.1326742" startTime="2011-04-23T02:45:29.2873667-04:00" endTime="2011-04-23T02:45:29.4253746-04:00" testType="13cdc9d9-ddb5-4fa4-a97d-d965ccfc6d4b" outcome="Passed" testListId="8c84fa94-04c1-424b-9868-57a2d4851a1d" relativeResultsDirectory="d6997903-af5c-4c77-87f3-77852e3c49ac">
    </UnitTestResult>
    <UnitTestResult executionId="53bb0c55-f94b-4f51-a4eb-a927e5e7f92e" testId="dd757992-ff7e-4c41-cb3a-9073dee3ac40" testName="Get_Valid_US_Realm" computerName="TERRA" duration="00:00:00.2601215" startTime="2011-04-23T02:45:29.4263746-04:00" endTime="2011-04-23T02:45:29.6913898-04:00" testType="13cdc9d9-ddb5-4fa4-a97d-d965ccfc6d4b" outcome="Passed" testListId="8c84fa94-04c1-424b-9868-57a2d4851a1d" relativeResultsDirectory="53bb0c55-f94b-4f51-a4eb-a927e5e7f92e">
    </UnitTestResult>
    <UnitTestResult executionId="c944a2e7-0a84-4a47-9648-eb9cdb32be77" testId="e7d9b83c-4193-8b62-50f6-f2129dba3d20" testName="GetAll_US_Realms" computerName="TERRA" duration="00:00:00.6327429" startTime="2011-04-23T02:45:29.6933899-04:00" endTime="2011-04-23T02:45:30.3354266-04:00" testType="13cdc9d9-ddb5-4fa4-a97d-d965ccfc6d4b" outcome="Passed" testListId="8c84fa94-04c1-424b-9868-57a2d4851a1d" relativeResultsDirectory="c944a2e7-0a84-4a47-9648-eb9cdb32be77">
    </UnitTestResult>
  </Results>
</TestRun>