<?xml version="1.0" encoding="UTF-8"?>
<TestRun id="e00fb1b8-a9e6-47f5-b47d-ede65046ce67" name="briandek@TERRA 2011-04-23 02:55:14" runUser="Terra\briandek" xmlns="http://microsoft.com/schemas/VisualStudio/TeamTest/2010">
  <TestSettings name="Local" id="0134485d-d616-41be-ad31-963a4aa628bb">
    <Description>These are default test settings for a local test run.</Description>
    <Deployment enabled="false" runDeploymentRoot="briandek_TERRA 2011-04-23 02_55_14">
      <DeploymentItem filename="D:\Visual Studio 2010\Projects\WowDotNetAPI\RealmAPI\bin\Debug\RealmAPI.dll" />
    </Deployment>
    <Execution>
      <TestTypeSpecific />
      <AgentRule name="Execution Agents">
      </AgentRule>
    </Execution>
  </TestSettings>
  <Times creation="2011-04-23T02:55:14.8948615-04:00" queuing="2011-04-23T02:55:14.9128625-04:00" start="2011-04-23T02:55:14.9178628-04:00" finish="2011-04-23T02:55:24.9394360-04:00" />
  <ResultSummary outcome="Completed">
    <Counters total="19" executed="19" passed="19" error="0" failed="0" timeout="0" aborted="0" inconclusive="0" passedButRunAborted="0" notRunnable="0" notExecuted="0" disconnected="0" warning="0" completed="0" inProgress="0" pending="0" />
  </ResultSummary>
  <TestDefinitions>
    <UnitTest name="Get_Realms_Using_Valid_Query" storage="d:\visual studio 2010\projects\wowdotnetapi\realmapi.test\bin\debug\realmapi.test.dll" id="1764edda-644c-f396-1a77-afa78e32aa52">
      <Execution id="ee66deaa-7dae-4048-90f4-d8283e8c0bdc" />
      <TestMethod codeBase="D:/Visual Studio 2010/Projects/WowDotNetAPI/RealmAPI.Test/bin/Debug/RealmAPI.Test.DLL" adapterTypeName="Microsoft.VisualStudio.TestTools.TestTypes.Unit.UnitTestAdapter, Microsoft.VisualStudio.QualityTools.Tips.UnitTest.Adapter, Version=10.0.0.0, Culture=neutral, PublicKeyToken=b03f5f7f11d50a3a" className="RealmAPI.Test.RealmExplorerTest, RealmAPI.Test, Version=1.0.0.0, Culture=neutral, PublicKeyToken=null" name="Get_Realms_Using_Valid_Query" />
    </UnitTest>
    <UnitTest name="GetAll_EU_Realms" storage="d:\visual studio 2010\projects\wowdotnetapi\realmapi.test\bin\debug\realmapi.test.dll" id="4491a6b8-c9f2-a204-f1ca-6cd219953d98">
      <Execution id="cb601a77-e303-4914-becf-04745f0929af" />
      <TestMethod codeBase="D:/Visual Studio 2010/Projects/WowDotNetAPI/RealmAPI.Test/bin/Debug/RealmAPI.Test.DLL" adapterTypeName="Microsoft.VisualStudio.TestTools.TestTypes.Unit.UnitTestAdapter, Microsoft.VisualStudio.QualityTools.Tips.UnitTest.Adapter, Version=10.0.0.0, Culture=neutral, PublicKeyToken=b03f5f7f11d50a3a" className="RealmAPI.Test.RealmExplorerTest, RealmAPI.Test, Version=1.0.0.0, Culture=neutral, PublicKeyToken=null" name="GetAll_EU_Realms" />
    </UnitTest>
    <UnitTest name="Get_Valid_US_Realm" storage="d:\visual studio 2010\projects\wowdotnetapi\realmapi.test\bin\debug\realmapi.test.dll" id="dd757992-ff7e-4c41-cb3a-9073dee3ac40">
      <Execution id="9d53c4a8-a63a-4169-b49b-a938496d1466" />
      <TestMethod codeBase="D:/Visual Studio 2010/Projects/WowDotNetAPI/RealmAPI.Test/bin/Debug/RealmAPI.Test.DLL" adapterTypeName="Microsoft.VisualStudio.TestTools.TestTypes.Unit.UnitTestAdapter, Microsoft.VisualStudio.QualityTools.Tips.UnitTest.Adapter, Version=10.0.0.0, Culture=neutral, PublicKeyToken=b03f5f7f11d50a3a" className="RealmAPI.Test.RealmExplorerTest, RealmAPI.Test, Version=1.0.0.0, Culture=neutral, PublicKeyToken=null" name="Get_Valid_US_Realm" />
    </UnitTest>
    <UnitTest name="Get_Realms_Using_Multiple_ValidNames_Query" storage="d:\visual studio 2010\projects\wowdotnetapi\realmapi.test\bin\debug\realmapi.test.dll" id="707990a1-ca22-b104-1ec8-9f4d6bf8fe63">
      <Execution id="25e8e9fc-4544-447c-9593-987cb6db0058" />
      <TestMethod codeBase="D:/Visual Studio 2010/Projects/WowDotNetAPI/RealmAPI.Test/bin/Debug/RealmAPI.Test.DLL" adapterTypeName="Microsoft.VisualStudio.TestTools.TestTypes.Unit.UnitTestAdapter, Microsoft.VisualStudio.QualityTools.Tips.UnitTest.Adapter, Version=10.0.0.0, Culture=neutral, PublicKeyToken=b03f5f7f11d50a3a" className="RealmAPI.Test.RealmExplorerTest, RealmAPI.Test, Version=1.0.0.0, Culture=neutral, PublicKeyToken=null" name="Get_Realms_Using_Multiple_ValidNames_Query" />
    </UnitTest>
    <UnitTest name="GetAll_US_Realms" storage="d:\visual studio 2010\projects\wowdotnetapi\realmapi.test\bin\debug\realmapi.test.dll" id="e7d9b83c-4193-8b62-50f6-f2129dba3d20">
      <Execution id="f83364d3-57f7-4920-8245-46789308db6c" />
      <TestMethod codeBase="D:/Visual Studio 2010/Projects/WowDotNetAPI/RealmAPI.Test/bin/Debug/RealmAPI.Test.DLL" adapterTypeName="Microsoft.VisualStudio.TestTools.TestTypes.Unit.UnitTestAdapter, Microsoft.VisualStudio.QualityTools.Tips.UnitTest.Adapter, Version=10.0.0.0, Culture=neutral, PublicKeyToken=b03f5f7f11d50a3a" className="RealmAPI.Test.RealmExplorerTest, RealmAPI.Test, Version=1.0.0.0, Culture=neutral, PublicKeyToken=null" name="GetAll_US_Realms" />
    </UnitTest>
    <UnitTest name="Get_Invalid_KR_Realm" storage="d:\visual studio 2010\projects\wowdotnetapi\realmapi.test\bin\debug\realmapi.test.dll" id="57c4e268-2ad1-24e6-0cf7-00b9834db970">
      <Execution id="e368176b-ec06-4637-8ded-73c1f46b49e0" />
      <TestMethod codeBase="D:/Visual Studio 2010/Projects/WowDotNetAPI/RealmAPI.Test/bin/Debug/RealmAPI.Test.DLL" adapterTypeName="Microsoft.VisualStudio.TestTools.TestTypes.Unit.UnitTestAdapter, Microsoft.VisualStudio.QualityTools.Tips.UnitTest.Adapter, Version=10.0.0.0, Culture=neutral, PublicKeyToken=b03f5f7f11d50a3a" className="RealmAPI.Test.RealmExplorerTest, RealmAPI.Test, Version=1.0.0.0, Culture=neutral, PublicKeyToken=null" name="Get_Invalid_KR_Realm" />
    </UnitTest>
    <UnitTest name="Get_Invalid_EU_Realm" storage="d:\visual studio 2010\projects\wowdotnetapi\realmapi.test\bin\debug\realmapi.test.dll" id="5ee86b37-da80-71a0-5f59-f20e6892cdf7">
      <Execution id="e7f8aa40-5a65-49ab-aee2-8d0ad1811ad4" />
      <TestMethod codeBase="D:/Visual Studio 2010/Projects/WowDotNetAPI/RealmAPI.Test/bin/Debug/RealmAPI.Test.DLL" adapterTypeName="Microsoft.VisualStudio.TestTools.TestTypes.Unit.UnitTestAdapter, Microsoft.VisualStudio.QualityTools.Tips.UnitTest.Adapter, Version=10.0.0.0, Culture=neutral, PublicKeyToken=b03f5f7f11d50a3a" className="RealmAPI.Test.RealmExplorerTest, RealmAPI.Test, Version=1.0.0.0, Culture=neutral, PublicKeyToken=null" name="Get_Invalid_EU_Realm" />
    </UnitTest>
    <UnitTest name="Get_Realms_Using_Multiple_ValidNamesArray_Query" storage="d:\visual studio 2010\projects\wowdotnetapi\realmapi.test\bin\debug\realmapi.test.dll" id="6344372c-8e75-0725-d48b-eb26d4f91e9d">
      <Execution id="1e1e41ae-8f75-4cfa-a7cc-474e5857ecfb" />
      <TestMethod codeBase="D:/Visual Studio 2010/Projects/WowDotNetAPI/RealmAPI.Test/bin/Debug/RealmAPI.Test.DLL" adapterTypeName="Microsoft.VisualStudio.TestTools.TestTypes.Unit.UnitTestAdapter, Microsoft.VisualStudio.QualityTools.Tips.UnitTest.Adapter, Version=10.0.0.0, Culture=neutral, PublicKeyToken=b03f5f7f11d50a3a" className="RealmAPI.Test.RealmExplorerTest, RealmAPI.Test, Version=1.0.0.0, Culture=neutral, PublicKeyToken=null" name="Get_Realms_Using_Multiple_ValidNamesArray_Query" />
    </UnitTest>
    <UnitTest name="Get_Valid_EU_Realm" storage="d:\visual studio 2010\projects\wowdotnetapi\realmapi.test\bin\debug\realmapi.test.dll" id="710d1407-a9ad-96c8-20ba-ccf5911743d0">
      <Execution id="27a807ec-3e5e-4ddf-933b-df8c7f7a0510" />
      <TestMethod codeBase="D:/Visual Studio 2010/Projects/WowDotNetAPI/RealmAPI.Test/bin/Debug/RealmAPI.Test.DLL" adapterTypeName="Microsoft.VisualStudio.TestTools.TestTypes.Unit.UnitTestAdapter, Microsoft.VisualStudio.QualityTools.Tips.UnitTest.Adapter, Version=10.0.0.0, Culture=neutral, PublicKeyToken=b03f5f7f11d50a3a" className="RealmAPI.Test.RealmExplorerTest, RealmAPI.Test, Version=1.0.0.0, Culture=neutral, PublicKeyToken=null" name="Get_Valid_EU_Realm" />
    </UnitTest>
    <UnitTest name="Get_Invalid_US_Realm" storage="d:\visual studio 2010\projects\wowdotnetapi\realmapi.test\bin\debug\realmapi.test.dll" id="ba952dac-5f37-2ba4-33a1-e60c919490ba">
      <Execution id="7d84ff64-ddf4-490a-aac9-b3b49cf8df0b" />
      <TestMethod codeBase="D:/Visual Studio 2010/Projects/WowDotNetAPI/RealmAPI.Test/bin/Debug/RealmAPI.Test.DLL" adapterTypeName="Microsoft.VisualStudio.TestTools.TestTypes.Unit.UnitTestAdapter, Microsoft.VisualStudio.QualityTools.Tips.UnitTest.Adapter, Version=10.0.0.0, Culture=neutral, PublicKeyToken=b03f5f7f11d50a3a" className="RealmAPI.Test.RealmExplorerTest, RealmAPI.Test, Version=1.0.0.0, Culture=neutral, PublicKeyToken=null" name="Get_Invalid_US_Realm" />
    </UnitTest>
    <UnitTest name="Get_All_Realms_By_Queue" storage="d:\visual studio 2010\projects\wowdotnetapi\realmapi.test\bin\debug\realmapi.test.dll" id="1667cf12-b7b3-b8cf-8d54-f490afa44677">
      <Execution id="89fa4f61-7e14-439c-8074-a3eadf0a7508" />
      <TestMethod codeBase="D:/Visual Studio 2010/Projects/WowDotNetAPI/RealmAPI.Test/bin/Debug/RealmAPI.Test.DLL" adapterTypeName="Microsoft.VisualStudio.TestTools.TestTypes.Unit.UnitTestAdapter, Microsoft.VisualStudio.QualityTools.Tips.UnitTest.Adapter, Version=10.0.0.0, Culture=neutral, PublicKeyToken=b03f5f7f11d50a3a" className="RealmAPI.Test.RealmExplorerTest, RealmAPI.Test, Version=1.0.0.0, Culture=neutral, PublicKeyToken=null" name="Get_All_Realms_By_Queue" />
    </UnitTest>
    <UnitTest name="GetAll_KR_Realms" storage="d:\visual studio 2010\projects\wowdotnetapi\realmapi.test\bin\debug\realmapi.test.dll" id="73220a94-4b99-cbd4-b347-bbd2b79c3294">
      <Execution id="a734d96f-805f-4390-bb76-cb5ada72a8e8" />
      <TestMethod codeBase="D:/Visual Studio 2010/Projects/WowDotNetAPI/RealmAPI.Test/bin/Debug/RealmAPI.Test.DLL" adapterTypeName="Microsoft.VisualStudio.TestTools.TestTypes.Unit.UnitTestAdapter, Microsoft.VisualStudio.QualityTools.Tips.UnitTest.Adapter, Version=10.0.0.0, Culture=neutral, PublicKeyToken=b03f5f7f11d50a3a" className="RealmAPI.Test.RealmExplorerTest, RealmAPI.Test, Version=1.0.0.0, Culture=neutral, PublicKeyToken=null" name="GetAll_KR_Realms" />
    </UnitTest>
    <UnitTest name="Get_Realms_Using_Multiple_InvalidNamesArray_Query" storage="d:\visual studio 2010\projects\wowdotnetapi\realmapi.test\bin\debug\realmapi.test.dll" id="2871af18-3198-d03e-98a1-6ac3621dd3a4">
      <Execution id="09e3cb1c-6683-40a9-aae2-58ec41c74f8b" />
      <TestMethod codeBase="D:/Visual Studio 2010/Projects/WowDotNetAPI/RealmAPI.Test/bin/Debug/RealmAPI.Test.DLL" adapterTypeName="Microsoft.VisualStudio.TestTools.TestTypes.Unit.UnitTestAdapter, Microsoft.VisualStudio.QualityTools.Tips.UnitTest.Adapter, Version=10.0.0.0, Culture=neutral, PublicKeyToken=b03f5f7f11d50a3a" className="RealmAPI.Test.RealmExplorerTest, RealmAPI.Test, Version=1.0.0.0, Culture=neutral, PublicKeyToken=null" name="Get_Realms_Using_Multiple_InvalidNamesArray_Query" />
    </UnitTest>
    <UnitTest name="GetAllRealms_InvalidLocation_URL" storage="d:\visual studio 2010\projects\wowdotnetapi\realmapi.test\bin\debug\realmapi.test.dll" id="292cb1ef-5040-cb9f-b16e-7e0a1a91ad57">
      <Execution id="f8ef6145-08e0-48b3-9e11-ce2ca1d6a52c" />
      <TestMethod codeBase="D:/Visual Studio 2010/Projects/WowDotNetAPI/RealmAPI.Test/bin/Debug/RealmAPI.Test.DLL" adapterTypeName="Microsoft.VisualStudio.TestTools.TestTypes.Unit.UnitTestAdapter, Microsoft.VisualStudio.QualityTools.Tips.UnitTest.Adapter, Version=10.0.0.0, Culture=neutral, PublicKeyToken=b03f5f7f11d50a3a" className="RealmAPI.Test.RealmExplorerTest, RealmAPI.Test, Version=1.0.0.0, Culture=neutral, PublicKeyToken=null" name="GetAllRealms_InvalidLocation_URL" />
    </UnitTest>
    <UnitTest name="Get_Realms_Using_Multiple_InvalidNames_Query" storage="d:\visual studio 2010\projects\wowdotnetapi\realmapi.test\bin\debug\realmapi.test.dll" id="08d2fbe5-1b6e-d0da-202e-3826857d390a">
      <Execution id="755c18be-a885-407b-a85f-0e32113c5bb9" />
      <TestMethod codeBase="D:/Visual Studio 2010/Projects/WowDotNetAPI/RealmAPI.Test/bin/Debug/RealmAPI.Test.DLL" adapterTypeName="Microsoft.VisualStudio.TestTools.TestTypes.Unit.UnitTestAdapter, Microsoft.VisualStudio.QualityTools.Tips.UnitTest.Adapter, Version=10.0.0.0, Culture=neutral, PublicKeyToken=b03f5f7f11d50a3a" className="RealmAPI.Test.RealmExplorerTest, RealmAPI.Test, Version=1.0.0.0, Culture=neutral, PublicKeyToken=null" name="Get_Realms_Using_Multiple_InvalidNames_Query" />
    </UnitTest>
    <UnitTest name="Get_All_Realms_By_Status" storage="d:\visual studio 2010\projects\wowdotnetapi\realmapi.test\bin\debug\realmapi.test.dll" id="79084d8a-1380-0d34-b6c1-9bbf8ccd95a1">
      <Execution id="29a7b18d-05e6-40d8-a813-60acc3c5d174" />
      <TestMethod codeBase="D:/Visual Studio 2010/Projects/WowDotNetAPI/RealmAPI.Test/bin/Debug/RealmAPI.Test.DLL" adapterTypeName="Microsoft.VisualStudio.TestTools.TestTypes.Unit.UnitTestAdapter, Microsoft.VisualStudio.QualityTools.Tips.UnitTest.Adapter, Version=10.0.0.0, Culture=neutral, PublicKeyToken=b03f5f7f11d50a3a" className="RealmAPI.Test.RealmExplorerTest, RealmAPI.Test, Version=1.0.0.0, Culture=neutral, PublicKeyToken=null" name="Get_All_Realms_By_Status" />
    </UnitTest>
    <UnitTest name="Get_All_Realms_By_Type" storage="d:\visual studio 2010\projects\wowdotnetapi\realmapi.test\bin\debug\realmapi.test.dll" id="a9446daf-6edb-437b-2cf8-d41d95f50f37">
      <Execution id="4b204775-1c88-49b8-83df-b148753b3a97" />
      <TestMethod codeBase="D:/Visual Studio 2010/Projects/WowDotNetAPI/RealmAPI.Test/bin/Debug/RealmAPI.Test.DLL" adapterTypeName="Microsoft.VisualStudio.TestTools.TestTypes.Unit.UnitTestAdapter, Microsoft.VisualStudio.QualityTools.Tips.UnitTest.Adapter, Version=10.0.0.0, Culture=neutral, PublicKeyToken=b03f5f7f11d50a3a" className="RealmAPI.Test.RealmExplorerTest, RealmAPI.Test, Version=1.0.0.0, Culture=neutral, PublicKeyToken=null" name="Get_All_Realms_By_Type" />
    </UnitTest>
    <UnitTest name="Get_All_Realms_By_Population" storage="d:\visual studio 2010\projects\wowdotnetapi\realmapi.test\bin\debug\realmapi.test.dll" id="884b373c-d299-48da-e939-29739a48a124">
      <Execution id="6a95e3c8-88c2-49ba-a49f-ec242a09b443" />
      <TestMethod codeBase="D:/Visual Studio 2010/Projects/WowDotNetAPI/RealmAPI.Test/bin/Debug/RealmAPI.Test.DLL" adapterTypeName="Microsoft.VisualStudio.TestTools.TestTypes.Unit.UnitTestAdapter, Microsoft.VisualStudio.QualityTools.Tips.UnitTest.Adapter, Version=10.0.0.0, Culture=neutral, PublicKeyToken=b03f5f7f11d50a3a" className="RealmAPI.Test.RealmExplorerTest, RealmAPI.Test, Version=1.0.0.0, Culture=neutral, PublicKeyToken=null" name="Get_All_Realms_By_Population" />
    </UnitTest>
    <UnitTest name="Get_Valid_KR_Realm" storage="d:\visual studio 2010\projects\wowdotnetapi\realmapi.test\bin\debug\realmapi.test.dll" id="b2fbf06e-b806-75b8-f16c-2eb5bf6c6c89">
      <Execution id="5c689f3a-1fcd-4900-9c89-2e2da09b9c5d" />
      <TestMethod codeBase="D:/Visual Studio 2010/Projects/WowDotNetAPI/RealmAPI.Test/bin/Debug/RealmAPI.Test.DLL" adapterTypeName="Microsoft.VisualStudio.TestTools.TestTypes.Unit.UnitTestAdapter, Microsoft.VisualStudio.QualityTools.Tips.UnitTest.Adapter, Version=10.0.0.0, Culture=neutral, PublicKeyToken=b03f5f7f11d50a3a" className="RealmAPI.Test.RealmExplorerTest, RealmAPI.Test, Version=1.0.0.0, Culture=neutral, PublicKeyToken=null" name="Get_Valid_KR_Realm" />
    </UnitTest>
  </TestDefinitions>
  <TestLists>
    <TestList name="Results Not in a List" id="8c84fa94-04c1-424b-9868-57a2d4851a1d" />
    <TestList name="All Loaded Results" id="19431567-8539-422a-85d7-44ee4e166bda" />
  </TestLists>
  <TestEntries>
    <TestEntry testId="08d2fbe5-1b6e-d0da-202e-3826857d390a" executionId="755c18be-a885-407b-a85f-0e32113c5bb9" testListId="8c84fa94-04c1-424b-9868-57a2d4851a1d" />
    <TestEntry testId="1667cf12-b7b3-b8cf-8d54-f490afa44677" executionId="89fa4f61-7e14-439c-8074-a3eadf0a7508" testListId="8c84fa94-04c1-424b-9868-57a2d4851a1d" />
    <TestEntry testId="1764edda-644c-f396-1a77-afa78e32aa52" executionId="ee66deaa-7dae-4048-90f4-d8283e8c0bdc" testListId="8c84fa94-04c1-424b-9868-57a2d4851a1d" />
    <TestEntry testId="2871af18-3198-d03e-98a1-6ac3621dd3a4" executionId="09e3cb1c-6683-40a9-aae2-58ec41c74f8b" testListId="8c84fa94-04c1-424b-9868-57a2d4851a1d" />
    <TestEntry testId="292cb1ef-5040-cb9f-b16e-7e0a1a91ad57" executionId="f8ef6145-08e0-48b3-9e11-ce2ca1d6a52c" testListId="8c84fa94-04c1-424b-9868-57a2d4851a1d" />
    <TestEntry testId="4491a6b8-c9f2-a204-f1ca-6cd219953d98" executionId="cb601a77-e303-4914-becf-04745f0929af" testListId="8c84fa94-04c1-424b-9868-57a2d4851a1d" />
    <TestEntry testId="57c4e268-2ad1-24e6-0cf7-00b9834db970" executionId="e368176b-ec06-4637-8ded-73c1f46b49e0" testListId="8c84fa94-04c1-424b-9868-57a2d4851a1d" />
    <TestEntry testId="5ee86b37-da80-71a0-5f59-f20e6892cdf7" executionId="e7f8aa40-5a65-49ab-aee2-8d0ad1811ad4" testListId="8c84fa94-04c1-424b-9868-57a2d4851a1d" />
    <TestEntry testId="6344372c-8e75-0725-d48b-eb26d4f91e9d" executionId="1e1e41ae-8f75-4cfa-a7cc-474e5857ecfb" testListId="8c84fa94-04c1-424b-9868-57a2d4851a1d" />
    <TestEntry testId="707990a1-ca22-b104-1ec8-9f4d6bf8fe63" executionId="25e8e9fc-4544-447c-9593-987cb6db0058" testListId="8c84fa94-04c1-424b-9868-57a2d4851a1d" />
    <TestEntry testId="710d1407-a9ad-96c8-20ba-ccf5911743d0" executionId="27a807ec-3e5e-4ddf-933b-df8c7f7a0510" testListId="8c84fa94-04c1-424b-9868-57a2d4851a1d" />
    <TestEntry testId="73220a94-4b99-cbd4-b347-bbd2b79c3294" executionId="a734d96f-805f-4390-bb76-cb5ada72a8e8" testListId="8c84fa94-04c1-424b-9868-57a2d4851a1d" />
    <TestEntry testId="79084d8a-1380-0d34-b6c1-9bbf8ccd95a1" executionId="29a7b18d-05e6-40d8-a813-60acc3c5d174" testListId="8c84fa94-04c1-424b-9868-57a2d4851a1d" />
    <TestEntry testId="884b373c-d299-48da-e939-29739a48a124" executionId="6a95e3c8-88c2-49ba-a49f-ec242a09b443" testListId="8c84fa94-04c1-424b-9868-57a2d4851a1d" />
    <TestEntry testId="a9446daf-6edb-437b-2cf8-d41d95f50f37" executionId="4b204775-1c88-49b8-83df-b148753b3a97" testListId="8c84fa94-04c1-424b-9868-57a2d4851a1d" />
    <TestEntry testId="b2fbf06e-b806-75b8-f16c-2eb5bf6c6c89" executionId="5c689f3a-1fcd-4900-9c89-2e2da09b9c5d" testListId="8c84fa94-04c1-424b-9868-57a2d4851a1d" />
    <TestEntry testId="ba952dac-5f37-2ba4-33a1-e60c919490ba" executionId="7d84ff64-ddf4-490a-aac9-b3b49cf8df0b" testListId="8c84fa94-04c1-424b-9868-57a2d4851a1d" />
    <TestEntry testId="dd757992-ff7e-4c41-cb3a-9073dee3ac40" executionId="9d53c4a8-a63a-4169-b49b-a938496d1466" testListId="8c84fa94-04c1-424b-9868-57a2d4851a1d" />
    <TestEntry testId="e7d9b83c-4193-8b62-50f6-f2129dba3d20" executionId="f83364d3-57f7-4920-8245-46789308db6c" testListId="8c84fa94-04c1-424b-9868-57a2d4851a1d" />
  </TestEntries>
  <Results>
    <UnitTestResult executionId="755c18be-a885-407b-a85f-0e32113c5bb9" testId="08d2fbe5-1b6e-d0da-202e-3826857d390a" testName="Get_Realms_Using_Multiple_InvalidNames_Query" computerName="TERRA" duration="00:00:00.4785224" startTime="2011-04-23T02:55:14.9198629-04:00" endTime="2011-04-23T02:55:15.5348981-04:00" testType="13cdc9d9-ddb5-4fa4-a97d-d965ccfc6d4b" outcome="Passed" testListId="8c84fa94-04c1-424b-9868-57a2d4851a1d" relativeResultsDirectory="755c18be-a885-407b-a85f-0e32113c5bb9">
    </UnitTestResult>
    <UnitTestResult executionId="89fa4f61-7e14-439c-8074-a3eadf0a7508" testId="1667cf12-b7b3-b8cf-8d54-f490afa44677" testName="Get_All_Realms_By_Queue" computerName="TERRA" duration="00:00:00.7620379" startTime="2011-04-23T02:55:15.5358982-04:00" endTime="2011-04-23T02:55:16.3019420-04:00" testType="13cdc9d9-ddb5-4fa4-a97d-d965ccfc6d4b" outcome="Passed" testListId="8c84fa94-04c1-424b-9868-57a2d4851a1d" relativeResultsDirectory="89fa4f61-7e14-439c-8074-a3eadf0a7508">
    </UnitTestResult>
    <UnitTestResult executionId="ee66deaa-7dae-4048-90f4-d8283e8c0bdc" testId="1764edda-644c-f396-1a77-afa78e32aa52" testName="Get_Realms_Using_Valid_Query" computerName="TERRA" duration="00:00:00.1346935" startTime="2011-04-23T02:55:16.3029420-04:00" endTime="2011-04-23T02:55:16.4429501-04:00" testType="13cdc9d9-ddb5-4fa4-a97d-d965ccfc6d4b" outcome="Passed" testListId="8c84fa94-04c1-424b-9868-57a2d4851a1d" relativeResultsDirectory="ee66deaa-7dae-4048-90f4-d8283e8c0bdc">
    </UnitTestResult>
    <UnitTestResult executionId="09e3cb1c-6683-40a9-aae2-58ec41c74f8b" testId="2871af18-3198-d03e-98a1-6ac3621dd3a4" testName="Get_Realms_Using_Multiple_InvalidNamesArray_Query" computerName="TERRA" duration="00:00:00.1339083" startTime="2011-04-23T02:55:16.4439501-04:00" endTime="2011-04-23T02:55:16.5829581-04:00" testType="13cdc9d9-ddb5-4fa4-a97d-d965ccfc6d4b" outcome="Passed" testListId="8c84fa94-04c1-424b-9868-57a2d4851a1d" relativeResultsDirectory="09e3cb1c-6683-40a9-aae2-58ec41c74f8b">
    </UnitTestResult>
    <UnitTestResult executionId="f8ef6145-08e0-48b3-9e11-ce2ca1d6a52c" testId="292cb1ef-5040-cb9f-b16e-7e0a1a91ad57" testName="GetAllRealms_InvalidLocation_URL" computerName="TERRA" duration="00:00:02.2647373" startTime="2011-04-23T02:55:16.5849582-04:00" endTime="2011-04-23T02:55:18.8550880-04:00" testType="13cdc9d9-ddb5-4fa4-a97d-d965ccfc6d4b" outcome="Passed" testListId="8c84fa94-04c1-424b-9868-57a2d4851a1d" relativeResultsDirectory="f8ef6145-08e0-48b3-9e11-ce2ca1d6a52c">
    </UnitTestResult>
    <UnitTestResult executionId="cb601a77-e303-4914-becf-04745f0929af" testId="4491a6b8-c9f2-a204-f1ca-6cd219953d98" testName="GetAll_EU_Realms" computerName="TERRA" duration="00:00:00.9529868" startTime="2011-04-23T02:55:18.8560881-04:00" endTime="2011-04-23T02:55:19.8141429-04:00" testType="13cdc9d9-ddb5-4fa4-a97d-d965ccfc6d4b" outcome="Passed" testListId="8c84fa94-04c1-424b-9868-57a2d4851a1d" relativeResultsDirectory="cb601a77-e303-4914-becf-04745f0929af">
    </UnitTestResult>
    <UnitTestResult executionId="e368176b-ec06-4637-8ded-73c1f46b49e0" testId="57c4e268-2ad1-24e6-0cf7-00b9834db970" testName="Get_Invalid_KR_Realm" computerName="TERRA" duration="00:00:00.6592126" startTime="2011-04-23T02:55:19.8151429-04:00" endTime="2011-04-23T02:55:20.4791809-04:00" testType="13cdc9d9-ddb5-4fa4-a97d-d965ccfc6d4b" outcome="Passed" testListId="8c84fa94-04c1-424b-9868-57a2d4851a1d" relativeResultsDirectory="e368176b-ec06-4637-8ded-73c1f46b49e0">
    </UnitTestResult>
    <UnitTestResult executionId="e7f8aa40-5a65-49ab-aee2-8d0ad1811ad4" testId="5ee86b37-da80-71a0-5f59-f20e6892cdf7" testName="Get_Invalid_EU_Realm" computerName="TERRA" duration="00:00:00.1497017" startTime="2011-04-23T02:55:20.4811810-04:00" endTime="2011-04-23T02:55:20.6361899-04:00" testType="13cdc9d9-ddb5-4fa4-a97d-d965ccfc6d4b" outcome="Passed" testListId="8c84fa94-04c1-424b-9868-57a2d4851a1d" relativeResultsDirectory="e7f8aa40-5a65-49ab-aee2-8d0ad1811ad4">
    </UnitTestResult>
    <UnitTestResult executionId="1e1e41ae-8f75-4cfa-a7cc-474e5857ecfb" testId="6344372c-8e75-0725-d48b-eb26d4f91e9d" testName="Get_Realms_Using_Multiple_ValidNamesArray_Query" computerName="TERRA" duration="00:00:00.2568134" startTime="2011-04-23T02:55:20.6371900-04:00" endTime="2011-04-23T02:55:20.8992049-04:00" testType="13cdc9d9-ddb5-4fa4-a97d-d965ccfc6d4b" outcome="Passed" testListId="8c84fa94-04c1-424b-9868-57a2d4851a1d" relativeResultsDirectory="1e1e41ae-8f75-4cfa-a7cc-474e5857ecfb">
    </UnitTestResult>
    <UnitTestResult executionId="25e8e9fc-4544-447c-9593-987cb6db0058" testId="707990a1-ca22-b104-1ec8-9f4d6bf8fe63" testName="Get_Realms_Using_Multiple_ValidNames_Query" computerName="TERRA" duration="00:00:00.1336816" startTime="2011-04-23T02:55:20.9002050-04:00" endTime="2011-04-23T02:55:21.0392129-04:00" testType="13cdc9d9-ddb5-4fa4-a97d-d965ccfc6d4b" outcome="Passed" testListId="8c84fa94-04c1-424b-9868-57a2d4851a1d" relativeResultsDirectory="25e8e9fc-4544-447c-9593-987cb6db0058">
    </UnitTestResult>
    <UnitTestResult executionId="27a807ec-3e5e-4ddf-933b-df8c7f7a0510" testId="710d1407-a9ad-96c8-20ba-ccf5911743d0" testName="Get_Valid_EU_Realm" computerName="TERRA" duration="00:00:00.2778461" startTime="2011-04-23T02:55:21.0402130-04:00" endTime="2011-04-23T02:55:21.3232292-04:00" testType="13cdc9d9-ddb5-4fa4-a97d-d965ccfc6d4b" outcome="Passed" testListId="8c84fa94-04c1-424b-9868-57a2d4851a1d" relativeResultsDirectory="27a807ec-3e5e-4ddf-933b-df8c7f7a0510">
    </UnitTestResult>
    <UnitTestResult executionId="a734d96f-805f-4390-bb76-cb5ada72a8e8" testId="73220a94-4b99-cbd4-b347-bbd2b79c3294" testName="GetAll_KR_Realms" computerName="TERRA" duration="00:00:00.9819268" startTime="2011-04-23T02:55:21.3252293-04:00" endTime="2011-04-23T02:55:22.3122858-04:00" testType="13cdc9d9-ddb5-4fa4-a97d-d965ccfc6d4b" outcome="Passed" testListId="8c84fa94-04c1-424b-9868-57a2d4851a1d" relativeResultsDirectory="a734d96f-805f-4390-bb76-cb5ada72a8e8">
    </UnitTestResult>
    <UnitTestResult executionId="29a7b18d-05e6-40d8-a813-60acc3c5d174" testId="79084d8a-1380-0d34-b6c1-9bbf8ccd95a1" testName="Get_All_Realms_By_Status" computerName="TERRA" duration="00:00:00.6873528" startTime="2011-04-23T02:55:22.3132858-04:00" endTime="2011-04-23T02:55:23.0063255-04:00" testType="13cdc9d9-ddb5-4fa4-a97d-d965ccfc6d4b" outcome="Passed" testListId="8c84fa94-04c1-424b-9868-57a2d4851a1d" relativeResultsDirectory="29a7b18d-05e6-40d8-a813-60acc3c5d174">
    </UnitTestResult>
    <UnitTestResult executionId="6a95e3c8-88c2-49ba-a49f-ec242a09b443" testId="884b373c-d299-48da-e939-29739a48a124" testName="Get_All_Realms_By_Population" computerName="TERRA" duration="00:00:00.2692622" startTime="2011-04-23T02:55:23.0073255-04:00" endTime="2011-04-23T02:55:23.2823412-04:00" testType="13cdc9d9-ddb5-4fa4-a97d-d965ccfc6d4b" outcome="Passed" testListId="8c84fa94-04c1-424b-9868-57a2d4851a1d" relativeResultsDirectory="6a95e3c8-88c2-49ba-a49f-ec242a09b443">
    </UnitTestResult>
    <UnitTestResult executionId="4b204775-1c88-49b8-83df-b148753b3a97" testId="a9446daf-6edb-437b-2cf8-d41d95f50f37" testName="Get_All_Realms_By_Type" computerName="TERRA" duration="00:00:00.2678831" startTime="2011-04-23T02:55:23.2843414-04:00" endTime="2011-04-23T02:55:23.5583570-04:00" testType="13cdc9d9-ddb5-4fa4-a97d-d965ccfc6d4b" outcome="Passed" testListId="8c84fa94-04c1-424b-9868-57a2d4851a1d" relativeResultsDirectory="4b204775-1c88-49b8-83df-b148753b3a97">
    </UnitTestResult>
    <UnitTestResult executionId="5c689f3a-1fcd-4900-9c89-2e2da09b9c5d" testId="b2fbf06e-b806-75b8-f16c-2eb5bf6c6c89" testName="Get_Valid_KR_Realm" computerName="TERRA" duration="00:00:00.3053229" startTime="2011-04-23T02:55:23.5593571-04:00" endTime="2011-04-23T02:55:23.8703749-04:00" testType="13cdc9d9-ddb5-4fa4-a97d-d965ccfc6d4b" outcome="Passed" testListId="8c84fa94-04c1-424b-9868-57a2d4851a1d" relativeResultsDirectory="5c689f3a-1fcd-4900-9c89-2e2da09b9c5d">
    </UnitTestResult>
    <UnitTestResult executionId="7d84ff64-ddf4-490a-aac9-b3b49cf8df0b" testId="ba952dac-5f37-2ba4-33a1-e60c919490ba" testName="Get_Invalid_US_Realm" computerName="TERRA" duration="00:00:00.1318261" startTime="2011-04-23T02:55:23.8713749-04:00" endTime="2011-04-23T02:55:24.0093828-04:00" testType="13cdc9d9-ddb5-4fa4-a97d-d965ccfc6d4b" outcome="Passed" testListId="8c84fa94-04c1-424b-9868-57a2d4851a1d" relativeResultsDirectory="7d84ff64-ddf4-490a-aac9-b3b49cf8df0b">
    </UnitTestResult>
    <UnitTestResult executionId="9d53c4a8-a63a-4169-b49b-a938496d1466" testId="dd757992-ff7e-4c41-cb3a-9073dee3ac40" testName="Get_Valid_US_Realm" computerName="TERRA" duration="00:00:00.2538201" startTime="2011-04-23T02:55:24.0103829-04:00" endTime="2011-04-23T02:55:24.2693977-04:00" testType="13cdc9d9-ddb5-4fa4-a97d-d965ccfc6d4b" outcome="Passed" testListId="8c84fa94-04c1-424b-9868-57a2d4851a1d" relativeResultsDirectory="9d53c4a8-a63a-4169-b49b-a938496d1466">
    </UnitTestResult>
    <UnitTestResult executionId="f83364d3-57f7-4920-8245-46789308db6c" testId="e7d9b83c-4193-8b62-50f6-f2129dba3d20" testName="GetAll_US_Realms" computerName="TERRA" duration="00:00:00.6431300" startTime="2011-04-23T02:55:24.2713978-04:00" endTime="2011-04-23T02:55:24.9194349-04:00" testType="13cdc9d9-ddb5-4fa4-a97d-d965ccfc6d4b" outcome="Passed" testListId="8c84fa94-04c1-424b-9868-57a2d4851a1d" relativeResultsDirectory="f83364d3-57f7-4920-8245-46789308db6c">
    </UnitTestResult>
  </Results>
</TestRun>