<?xml version="1.0" encoding="UTF-8"?>
<TestRun id="8a871f72-cbff-4d49-a2bc-237867de7b78" name="briandek@TERRA 2011-04-23 02:58:58" runUser="Terra\briandek" xmlns="http://microsoft.com/schemas/VisualStudio/TeamTest/2010">
  <TestSettings name="Local" id="0134485d-d616-41be-ad31-963a4aa628bb">
    <Description>These are default test settings for a local test run.</Description>
    <Deployment userDeploymentRoot="D:\Visual Studio 2010\Projects\WowDotNetAPI\TestResults" useDefaultDeploymentRoot="false" enabled="false" runDeploymentRoot="briandek_TERRA 2011-04-23 02_58_58">
      <DeploymentItem filename="D:\Visual Studio 2010\Projects\WowDotNetAPI\RealmAPI\bin\Debug\RealmAPI.dll" />
    </Deployment>
    <Execution>
      <TestTypeSpecific />
      <AgentRule name="Execution Agents">
      </AgentRule>
    </Execution>
  </TestSettings>
  <Times creation="2011-04-23T02:58:58.8026683-04:00" queuing="2011-04-23T02:58:58.9496767-04:00" start="2011-04-23T02:58:58.9866788-04:00" finish="2011-04-23T02:58:59.6387161-04:00" />
  <ResultSummary outcome="Completed">
    <Counters total="1" executed="1" passed="1" error="0" failed="0" timeout="0" aborted="0" inconclusive="0" passedButRunAborted="0" notRunnable="0" notExecuted="0" disconnected="0" warning="0" completed="0" inProgress="0" pending="0" />
  </ResultSummary>
  <TestDefinitions>
    <UnitTest name="Get_Realms_Using_Invalid_Query_Returns_Null" storage="d:\visual studio 2010\projects\wowdotnetapi\realmapi.test\bin\debug\realmapi.test.dll" id="db641adb-f27b-7ead-2e88-bfa3a60e2035">
      <Execution id="703797cf-5b52-471b-801f-b0a55fec7b90" />
      <TestMethod codeBase="D:/Visual Studio 2010/Projects/WowDotNetAPI/RealmAPI.Test/bin/Debug/RealmAPI.Test.DLL" adapterTypeName="Microsoft.VisualStudio.TestTools.TestTypes.Unit.UnitTestAdapter, Microsoft.VisualStudio.QualityTools.Tips.UnitTest.Adapter, Version=10.0.0.0, Culture=neutral, PublicKeyToken=b03f5f7f11d50a3a" className="RealmAPI.Test.RealmExplorerTest, RealmAPI.Test, Version=1.0.0.0, Culture=neutral, PublicKeyToken=null" name="Get_Realms_Using_Invalid_Query_Returns_Null" />
    </UnitTest>
  </TestDefinitions>
  <TestLists>
    <TestList name="Results Not in a List" id="8c84fa94-04c1-424b-9868-57a2d4851a1d" />
    <TestList name="All Loaded Results" id="19431567-8539-422a-85d7-44ee4e166bda" />
  </TestLists>
  <TestEntries>
    <TestEntry testId="db641adb-f27b-7ead-2e88-bfa3a60e2035" executionId="703797cf-5b52-471b-801f-b0a55fec7b90" testListId="8c84fa94-04c1-424b-9868-57a2d4851a1d" />
  </TestEntries>
  <Results>
    <UnitTestResult executionId="703797cf-5b52-471b-801f-b0a55fec7b90" testId="db641adb-f27b-7ead-2e88-bfa3a60e2035" testName="Get_Realms_Using_Invalid_Query_Returns_Null" computerName="TERRA" duration="00:00:00.3818730" startTime="2011-04-23T02:58:58.9976795-04:00" endTime="2011-04-23T02:58:59.6067143-04:00" testType="13cdc9d9-ddb5-4fa4-a97d-d965ccfc6d4b" outcome="Passed" testListId="8c84fa94-04c1-424b-9868-57a2d4851a1d" relativeResultsDirectory="703797cf-5b52-471b-801f-b0a55fec7b90">
    </UnitTestResult>
  </Results>
</TestRun>