<?xml version="1.0" encoding="UTF-8"?>
<TestRun id="757e60e0-7506-488a-a881-a5b36f8e6ccd" name="briandek@TERRA 2011-04-23 02:44:47" runUser="Terra\briandek" xmlns="http://microsoft.com/schemas/VisualStudio/TeamTest/2010">
  <TestSettings name="Local" id="0134485d-d616-41be-ad31-963a4aa628bb">
    <Description>These are default test settings for a local test run.</Description>
    <Deployment enabled="false" runDeploymentRoot="briandek_TERRA 2011-04-23 02_44_47">
      <DeploymentItem filename="D:\Visual Studio 2010\Projects\WowDotNetAPI\RealmAPI\bin\Debug\RealmAPI.dll" />
    </Deployment>
    <Execution>
      <TestTypeSpecific />
      <AgentRule name="Execution Agents">
      </AgentRule>
    </Execution>
  </TestSettings>
  <Times creation="2011-04-23T02:44:47.9570027-04:00" queuing="2011-04-23T02:44:47.9800040-04:00" start="2011-04-23T02:44:47.9870044-04:00" finish="2011-04-23T02:44:57.4495457-04:00" />
  <ResultSummary outcome="Completed">
    <Counters total="17" executed="17" passed="17" error="0" failed="0" timeout="0" aborted="0" inconclusive="0" passedButRunAborted="0" notRunnable="0" notExecuted="0" disconnected="0" warning="0" completed="0" inProgress="0" pending="0" />
  </ResultSummary>
  <TestDefinitions>
    <UnitTest name="GetAll_US_Realms" storage="d:\visual studio 2010\projects\wowdotnetapi\realmapi.test\bin\debug\realmapi.test.dll" id="e7d9b83c-4193-8b62-50f6-f2129dba3d20">
      <Execution id="3480c606-e72b-44f9-b31d-bec510f169fc" />
      <TestMethod codeBase="D:/Visual Studio 2010/Projects/WowDotNetAPI/RealmAPI.Test/bin/Debug/RealmAPI.Test.DLL" adapterTypeName="Microsoft.VisualStudio.TestTools.TestTypes.Unit.UnitTestAdapter, Microsoft.VisualStudio.QualityTools.Tips.UnitTest.Adapter, Version=10.0.0.0, Culture=neutral, PublicKeyToken=b03f5f7f11d50a3a" className="RealmAPI.Test.RealmExplorerTest, RealmAPI.Test, Version=1.0.0.0, Culture=neutral, PublicKeyToken=null" name="GetAll_US_Realms" />
    </UnitTest>
    <UnitTest name="GetAll_EU_Realms" storage="d:\visual studio 2010\projects\wowdotnetapi\realmapi.test\bin\debug\realmapi.test.dll" id="4491a6b8-c9f2-a204-f1ca-6cd219953d98">
      <Execution id="a873f6b7-35fd-4b3a-b3f3-4507075a010d" />
      <TestMethod codeBase="D:/Visual Studio 2010/Projects/WowDotNetAPI/RealmAPI.Test/bin/Debug/RealmAPI.Test.DLL" adapterTypeName="Microsoft.VisualStudio.TestTools.TestTypes.Unit.UnitTestAdapter, Microsoft.VisualStudio.QualityTools.Tips.UnitTest.Adapter, Version=10.0.0.0, Culture=neutral, PublicKeyToken=b03f5f7f11d50a3a" className="RealmAPI.Test.RealmExplorerTest, RealmAPI.Test, Version=1.0.0.0, Culture=neutral, PublicKeyToken=null" name="GetAll_EU_Realms" />
    </UnitTest>
    <UnitTest name="Get_Valid_US_Realm" storage="d:\visual studio 2010\projects\wowdotnetapi\realmapi.test\bin\debug\realmapi.test.dll" id="dd757992-ff7e-4c41-cb3a-9073dee3ac40">
      <Execution id="f9de0567-89d2-4ef8-9f2c-067adc561a9b" />
      <TestMethod codeBase="D:/Visual Studio 2010/Projects/WowDotNetAPI/RealmAPI.Test/bin/Debug/RealmAPI.Test.DLL" adapterTypeName="Microsoft.VisualStudio.TestTools.TestTypes.Unit.UnitTestAdapter, Microsoft.VisualStudio.QualityTools.Tips.UnitTest.Adapter, Version=10.0.0.0, Culture=neutral, PublicKeyToken=b03f5f7f11d50a3a" className="RealmAPI.Test.RealmExplorerTest, RealmAPI.Test, Version=1.0.0.0, Culture=neutral, PublicKeyToken=null" name="Get_Valid_US_Realm" />
    </UnitTest>
    <UnitTest name="Get_Realms_Using_Multiple_ValidNames_Query" storage="d:\visual studio 2010\projects\wowdotnetapi\realmapi.test\bin\debug\realmapi.test.dll" id="707990a1-ca22-b104-1ec8-9f4d6bf8fe63">
      <Execution id="4b580991-92e9-4446-997c-a1a224741be2" />
      <TestMethod codeBase="D:/Visual Studio 2010/Projects/WowDotNetAPI/RealmAPI.Test/bin/Debug/RealmAPI.Test.DLL" adapterTypeName="Microsoft.VisualStudio.TestTools.TestTypes.Unit.UnitTestAdapter, Microsoft.VisualStudio.QualityTools.Tips.UnitTest.Adapter, Version=10.0.0.0, Culture=neutral, PublicKeyToken=b03f5f7f11d50a3a" className="RealmAPI.Test.RealmExplorerTest, RealmAPI.Test, Version=1.0.0.0, Culture=neutral, PublicKeyToken=null" name="Get_Realms_Using_Multiple_ValidNames_Query" />
    </UnitTest>
    <UnitTest name="Get_Invalid_KR_Realm" storage="d:\visual studio 2010\projects\wowdotnetapi\realmapi.test\bin\debug\realmapi.test.dll" id="57c4e268-2ad1-24e6-0cf7-00b9834db970">
      <Execution id="8a4d55b2-b327-4eaf-a4d6-bf2821f5894f" />
      <TestMethod codeBase="D:/Visual Studio 2010/Projects/WowDotNetAPI/RealmAPI.Test/bin/Debug/RealmAPI.Test.DLL" adapterTypeName="Microsoft.VisualStudio.TestTools.TestTypes.Unit.UnitTestAdapter, Microsoft.VisualStudio.QualityTools.Tips.UnitTest.Adapter, Version=10.0.0.0, Culture=neutral, PublicKeyToken=b03f5f7f11d50a3a" className="RealmAPI.Test.RealmExplorerTest, RealmAPI.Test, Version=1.0.0.0, Culture=neutral, PublicKeyToken=null" name="Get_Invalid_KR_Realm" />
    </UnitTest>
    <UnitTest name="Get_Invalid_EU_Realm" storage="d:\visual studio 2010\projects\wowdotnetapi\realmapi.test\bin\debug\realmapi.test.dll" id="5ee86b37-da80-71a0-5f59-f20e6892cdf7">
      <Execution id="28e97726-d6e6-464b-a033-7a590621de99" />
      <TestMethod codeBase="D:/Visual Studio 2010/Projects/WowDotNetAPI/RealmAPI.Test/bin/Debug/RealmAPI.Test.DLL" adapterTypeName="Microsoft.VisualStudio.TestTools.TestTypes.Unit.UnitTestAdapter, Microsoft.VisualStudio.QualityTools.Tips.UnitTest.Adapter, Version=10.0.0.0, Culture=neutral, PublicKeyToken=b03f5f7f11d50a3a" className="RealmAPI.Test.RealmExplorerTest, RealmAPI.Test, Version=1.0.0.0, Culture=neutral, PublicKeyToken=null" name="Get_Invalid_EU_Realm" />
    </UnitTest>
    <UnitTest name="Get_Realms_Using_Multiple_ValidNamesArray_Query" storage="d:\visual studio 2010\projects\wowdotnetapi\realmapi.test\bin\debug\realmapi.test.dll" id="6344372c-8e75-0725-d48b-eb26d4f91e9d">
      <Execution id="ce2aee05-a504-4888-8e84-96d81e529003" />
      <TestMethod codeBase="D:/Visual Studio 2010/Projects/WowDotNetAPI/RealmAPI.Test/bin/Debug/RealmAPI.Test.DLL" adapterTypeName="Microsoft.VisualStudio.TestTools.TestTypes.Unit.UnitTestAdapter, Microsoft.VisualStudio.QualityTools.Tips.UnitTest.Adapter, Version=10.0.0.0, Culture=neutral, PublicKeyToken=b03f5f7f11d50a3a" className="RealmAPI.Test.RealmExplorerTest, RealmAPI.Test, Version=1.0.0.0, Culture=neutral, PublicKeyToken=null" name="Get_Realms_Using_Multiple_ValidNamesArray_Query" />
    </UnitTest>
    <UnitTest name="Get_Valid_EU_Realm" storage="d:\visual studio 2010\projects\wowdotnetapi\realmapi.test\bin\debug\realmapi.test.dll" id="710d1407-a9ad-96c8-20ba-ccf5911743d0">
      <Execution id="244dc3ac-22ee-4f82-8f0c-609c81462312" />
      <TestMethod codeBase="D:/Visual Studio 2010/Projects/WowDotNetAPI/RealmAPI.Test/bin/Debug/RealmAPI.Test.DLL" adapterTypeName="Microsoft.VisualStudio.TestTools.TestTypes.Unit.UnitTestAdapter, Microsoft.VisualStudio.QualityTools.Tips.UnitTest.Adapter, Version=10.0.0.0, Culture=neutral, PublicKeyToken=b03f5f7f11d50a3a" className="RealmAPI.Test.RealmExplorerTest, RealmAPI.Test, Version=1.0.0.0, Culture=neutral, PublicKeyToken=null" name="Get_Valid_EU_Realm" />
    </UnitTest>
    <UnitTest name="Get_Invalid_US_Realm" storage="d:\visual studio 2010\projects\wowdotnetapi\realmapi.test\bin\debug\realmapi.test.dll" id="ba952dac-5f37-2ba4-33a1-e60c919490ba">
      <Execution id="8e9bcbc5-6310-4ee8-8c0f-de461fde52b8" />
      <TestMethod codeBase="D:/Visual Studio 2010/Projects/WowDotNetAPI/RealmAPI.Test/bin/Debug/RealmAPI.Test.DLL" adapterTypeName="Microsoft.VisualStudio.TestTools.TestTypes.Unit.UnitTestAdapter, Microsoft.VisualStudio.QualityTools.Tips.UnitTest.Adapter, Version=10.0.0.0, Culture=neutral, PublicKeyToken=b03f5f7f11d50a3a" className="RealmAPI.Test.RealmExplorerTest, RealmAPI.Test, Version=1.0.0.0, Culture=neutral, PublicKeyToken=null" name="Get_Invalid_US_Realm" />
    </UnitTest>
    <UnitTest name="Get_All_Realms_By_Queue" storage="d:\visual studio 2010\projects\wowdotnetapi\realmapi.test\bin\debug\realmapi.test.dll" id="1667cf12-b7b3-b8cf-8d54-f490afa44677">
      <Execution id="94649d81-fad2-4c6a-9a11-6de44548014d" />
      <TestMethod codeBase="D:/Visual Studio 2010/Projects/WowDotNetAPI/RealmAPI.Test/bin/Debug/RealmAPI.Test.DLL" adapterTypeName="Microsoft.VisualStudio.TestTools.TestTypes.Unit.UnitTestAdapter, Microsoft.VisualStudio.QualityTools.Tips.UnitTest.Adapter, Version=10.0.0.0, Culture=neutral, PublicKeyToken=b03f5f7f11d50a3a" className="RealmAPI.Test.RealmExplorerTest, RealmAPI.Test, Version=1.0.0.0, Culture=neutral, PublicKeyToken=null" name="Get_All_Realms_By_Queue" />
    </UnitTest>
    <UnitTest name="GetAll_KR_Realms" storage="d:\visual studio 2010\projects\wowdotnetapi\realmapi.test\bin\debug\realmapi.test.dll" id="73220a94-4b99-cbd4-b347-bbd2b79c3294">
      <Execution id="6e73d644-99db-4a06-9c44-eba8ae806445" />
      <TestMethod codeBase="D:/Visual Studio 2010/Projects/WowDotNetAPI/RealmAPI.Test/bin/Debug/RealmAPI.Test.DLL" adapterTypeName="Microsoft.VisualStudio.TestTools.TestTypes.Unit.UnitTestAdapter, Microsoft.VisualStudio.QualityTools.Tips.UnitTest.Adapter, Version=10.0.0.0, Culture=neutral, PublicKeyToken=b03f5f7f11d50a3a" className="RealmAPI.Test.RealmExplorerTest, RealmAPI.Test, Version=1.0.0.0, Culture=neutral, PublicKeyToken=null" name="GetAll_KR_Realms" />
    </UnitTest>
    <UnitTest name="GetAllRealms_InvalidLocation_URL" storage="d:\visual studio 2010\projects\wowdotnetapi\realmapi.test\bin\debug\realmapi.test.dll" id="292cb1ef-5040-cb9f-b16e-7e0a1a91ad57">
      <Execution id="9a3adb1f-3d17-4ec1-bf0a-4e3999c93183" />
      <TestMethod codeBase="D:/Visual Studio 2010/Projects/WowDotNetAPI/RealmAPI.Test/bin/Debug/RealmAPI.Test.DLL" adapterTypeName="Microsoft.VisualStudio.TestTools.TestTypes.Unit.UnitTestAdapter, Microsoft.VisualStudio.QualityTools.Tips.UnitTest.Adapter, Version=10.0.0.0, Culture=neutral, PublicKeyToken=b03f5f7f11d50a3a" className="RealmAPI.Test.RealmExplorerTest, RealmAPI.Test, Version=1.0.0.0, Culture=neutral, PublicKeyToken=null" name="GetAllRealms_InvalidLocation_URL" />
    </UnitTest>
    <UnitTest name="Get_Realms_Using_Multiple_InvalidNames_Query" storage="d:\visual studio 2010\projects\wowdotnetapi\realmapi.test\bin\debug\realmapi.test.dll" id="08d2fbe5-1b6e-d0da-202e-3826857d390a">
      <Execution id="b615f6c5-9995-4242-84e8-8858094b8dda" />
      <TestMethod codeBase="D:/Visual Studio 2010/Projects/WowDotNetAPI/RealmAPI.Test/bin/Debug/RealmAPI.Test.DLL" adapterTypeName="Microsoft.VisualStudio.TestTools.TestTypes.Unit.UnitTestAdapter, Microsoft.VisualStudio.QualityTools.Tips.UnitTest.Adapter, Version=10.0.0.0, Culture=neutral, PublicKeyToken=b03f5f7f11d50a3a" className="RealmAPI.Test.RealmExplorerTest, RealmAPI.Test, Version=1.0.0.0, Culture=neutral, PublicKeyToken=null" name="Get_Realms_Using_Multiple_InvalidNames_Query" />
    </UnitTest>
    <UnitTest name="Get_All_Realms_By_Status" storage="d:\visual studio 2010\projects\wowdotnetapi\realmapi.test\bin\debug\realmapi.test.dll" id="79084d8a-1380-0d34-b6c1-9bbf8ccd95a1">
      <Execution id="01d1a3f2-a901-43e1-a7ea-677c77a574d8" />
      <TestMethod codeBase="D:/Visual Studio 2010/Projects/WowDotNetAPI/RealmAPI.Test/bin/Debug/RealmAPI.Test.DLL" adapterTypeName="Microsoft.VisualStudio.TestTools.TestTypes.Unit.UnitTestAdapter, Microsoft.VisualStudio.QualityTools.Tips.UnitTest.Adapter, Version=10.0.0.0, Culture=neutral, PublicKeyToken=b03f5f7f11d50a3a" className="RealmAPI.Test.RealmExplorerTest, RealmAPI.Test, Version=1.0.0.0, Culture=neutral, PublicKeyToken=null" name="Get_All_Realms_By_Status" />
    </UnitTest>
    <UnitTest name="Get_All_Realms_By_Type" storage="d:\visual studio 2010\projects\wowdotnetapi\realmapi.test\bin\debug\realmapi.test.dll" id="a9446daf-6edb-437b-2cf8-d41d95f50f37">
      <Execution id="e8a72c03-fdce-400d-b5e3-7fc416ffccc2" />
      <TestMethod codeBase="D:/Visual Studio 2010/Projects/WowDotNetAPI/RealmAPI.Test/bin/Debug/RealmAPI.Test.DLL" adapterTypeName="Microsoft.VisualStudio.TestTools.TestTypes.Unit.UnitTestAdapter, Microsoft.VisualStudio.QualityTools.Tips.UnitTest.Adapter, Version=10.0.0.0, Culture=neutral, PublicKeyToken=b03f5f7f11d50a3a" className="RealmAPI.Test.RealmExplorerTest, RealmAPI.Test, Version=1.0.0.0, Culture=neutral, PublicKeyToken=null" name="Get_All_Realms_By_Type" />
    </UnitTest>
    <UnitTest name="Get_All_Realms_By_Population" storage="d:\visual studio 2010\projects\wowdotnetapi\realmapi.test\bin\debug\realmapi.test.dll" id="884b373c-d299-48da-e939-29739a48a124">
      <Execution id="adc8660d-fb9a-4859-aeb5-4f413e7004bc" />
      <TestMethod codeBase="D:/Visual Studio 2010/Projects/WowDotNetAPI/RealmAPI.Test/bin/Debug/RealmAPI.Test.DLL" adapterTypeName="Microsoft.VisualStudio.TestTools.TestTypes.Unit.UnitTestAdapter, Microsoft.VisualStudio.QualityTools.Tips.UnitTest.Adapter, Version=10.0.0.0, Culture=neutral, PublicKeyToken=b03f5f7f11d50a3a" className="RealmAPI.Test.RealmExplorerTest, RealmAPI.Test, Version=1.0.0.0, Culture=neutral, PublicKeyToken=null" name="Get_All_Realms_By_Population" />
    </UnitTest>
    <UnitTest name="Get_Valid_KR_Realm" storage="d:\visual studio 2010\projects\wowdotnetapi\realmapi.test\bin\debug\realmapi.test.dll" id="b2fbf06e-b806-75b8-f16c-2eb5bf6c6c89">
      <Execution id="0e101ffc-12f6-4d72-b814-a9ccae296a06" />
      <TestMethod codeBase="D:/Visual Studio 2010/Projects/WowDotNetAPI/RealmAPI.Test/bin/Debug/RealmAPI.Test.DLL" adapterTypeName="Microsoft.VisualStudio.TestTools.TestTypes.Unit.UnitTestAdapter, Microsoft.VisualStudio.QualityTools.Tips.UnitTest.Adapter, Version=10.0.0.0, Culture=neutral, PublicKeyToken=b03f5f7f11d50a3a" className="RealmAPI.Test.RealmExplorerTest, RealmAPI.Test, Version=1.0.0.0, Culture=neutral, PublicKeyToken=null" name="Get_Valid_KR_Realm" />
    </UnitTest>
  </TestDefinitions>
  <TestLists>
    <TestList name="Results Not in a List" id="8c84fa94-04c1-424b-9868-57a2d4851a1d" />
    <TestList name="All Loaded Results" id="19431567-8539-422a-85d7-44ee4e166bda" />
  </TestLists>
  <TestEntries>
    <TestEntry testId="08d2fbe5-1b6e-d0da-202e-3826857d390a" executionId="b615f6c5-9995-4242-84e8-8858094b8dda" testListId="8c84fa94-04c1-424b-9868-57a2d4851a1d" />
    <TestEntry testId="1667cf12-b7b3-b8cf-8d54-f490afa44677" executionId="94649d81-fad2-4c6a-9a11-6de44548014d" testListId="8c84fa94-04c1-424b-9868-57a2d4851a1d" />
    <TestEntry testId="292cb1ef-5040-cb9f-b16e-7e0a1a91ad57" executionId="9a3adb1f-3d17-4ec1-bf0a-4e3999c93183" testListId="8c84fa94-04c1-424b-9868-57a2d4851a1d" />
    <TestEntry testId="4491a6b8-c9f2-a204-f1ca-6cd219953d98" executionId="a873f6b7-35fd-4b3a-b3f3-4507075a010d" testListId="8c84fa94-04c1-424b-9868-57a2d4851a1d" />
    <TestEntry testId="57c4e268-2ad1-24e6-0cf7-00b9834db970" executionId="8a4d55b2-b327-4eaf-a4d6-bf2821f5894f" testListId="8c84fa94-04c1-424b-9868-57a2d4851a1d" />
    <TestEntry testId="5ee86b37-da80-71a0-5f59-f20e6892cdf7" executionId="28e97726-d6e6-464b-a033-7a590621de99" testListId="8c84fa94-04c1-424b-9868-57a2d4851a1d" />
    <TestEntry testId="6344372c-8e75-0725-d48b-eb26d4f91e9d" executionId="ce2aee05-a504-4888-8e84-96d81e529003" testListId="8c84fa94-04c1-424b-9868-57a2d4851a1d" />
    <TestEntry testId="707990a1-ca22-b104-1ec8-9f4d6bf8fe63" executionId="4b580991-92e9-4446-997c-a1a224741be2" testListId="8c84fa94-04c1-424b-9868-57a2d4851a1d" />
    <TestEntry testId="710d1407-a9ad-96c8-20ba-ccf5911743d0" executionId="244dc3ac-22ee-4f82-8f0c-609c81462312" testListId="8c84fa94-04c1-424b-9868-57a2d4851a1d" />
    <TestEntry testId="73220a94-4b99-cbd4-b347-bbd2b79c3294" executionId="6e73d644-99db-4a06-9c44-eba8ae806445" testListId="8c84fa94-04c1-424b-9868-57a2d4851a1d" />
    <TestEntry testId="79084d8a-1380-0d34-b6c1-9bbf8ccd95a1" executionId="01d1a3f2-a901-43e1-a7ea-677c77a574d8" testListId="8c84fa94-04c1-424b-9868-57a2d4851a1d" />
    <TestEntry testId="884b373c-d299-48da-e939-29739a48a124" executionId="adc8660d-fb9a-4859-aeb5-4f413e7004bc" testListId="8c84fa94-04c1-424b-9868-57a2d4851a1d" />
    <TestEntry testId="a9446daf-6edb-437b-2cf8-d41d95f50f37" executionId="e8a72c03-fdce-400d-b5e3-7fc416ffccc2" testListId="8c84fa94-04c1-424b-9868-57a2d4851a1d" />
    <TestEntry testId="b2fbf06e-b806-75b8-f16c-2eb5bf6c6c89" executionId="0e101ffc-12f6-4d72-b814-a9ccae296a06" testListId="8c84fa94-04c1-424b-9868-57a2d4851a1d" />
    <TestEntry testId="ba952dac-5f37-2ba4-33a1-e60c919490ba" executionId="8e9bcbc5-6310-4ee8-8c0f-de461fde52b8" testListId="8c84fa94-04c1-424b-9868-57a2d4851a1d" />
    <TestEntry testId="dd757992-ff7e-4c41-cb3a-9073dee3ac40" executionId="f9de0567-89d2-4ef8-9f2c-067adc561a9b" testListId="8c84fa94-04c1-424b-9868-57a2d4851a1d" />
    <TestEntry testId="e7d9b83c-4193-8b62-50f6-f2129dba3d20" executionId="3480c606-e72b-44f9-b31d-bec510f169fc" testListId="8c84fa94-04c1-424b-9868-57a2d4851a1d" />
  </TestEntries>
  <Results>
    <UnitTestResult executionId="b615f6c5-9995-4242-84e8-8858094b8dda" testId="08d2fbe5-1b6e-d0da-202e-3826857d390a" testName="Get_Realms_Using_Multiple_InvalidNames_Query" computerName="TERRA" duration="00:00:00.4591877" startTime="2011-04-23T02:44:47.9880045-04:00" endTime="2011-04-23T02:44:48.5870388-04:00" testType="13cdc9d9-ddb5-4fa4-a97d-d965ccfc6d4b" outcome="Passed" testListId="8c84fa94-04c1-424b-9868-57a2d4851a1d" relativeResultsDirectory="b615f6c5-9995-4242-84e8-8858094b8dda">
    </UnitTestResult>
    <UnitTestResult executionId="94649d81-fad2-4c6a-9a11-6de44548014d" testId="1667cf12-b7b3-b8cf-8d54-f490afa44677" testName="Get_All_Realms_By_Queue" computerName="TERRA" duration="00:00:00.6135760" startTime="2011-04-23T02:44:48.5880388-04:00" endTime="2011-04-23T02:44:49.2050741-04:00" testType="13cdc9d9-ddb5-4fa4-a97d-d965ccfc6d4b" outcome="Passed" testListId="8c84fa94-04c1-424b-9868-57a2d4851a1d" relativeResultsDirectory="94649d81-fad2-4c6a-9a11-6de44548014d">
    </UnitTestResult>
    <UnitTestResult executionId="9a3adb1f-3d17-4ec1-bf0a-4e3999c93183" testId="292cb1ef-5040-cb9f-b16e-7e0a1a91ad57" testName="GetAllRealms_InvalidLocation_URL" computerName="TERRA" duration="00:00:02.2644902" startTime="2011-04-23T02:44:49.2070742-04:00" endTime="2011-04-23T02:44:51.4762040-04:00" testType="13cdc9d9-ddb5-4fa4-a97d-d965ccfc6d4b" outcome="Passed" testListId="8c84fa94-04c1-424b-9868-57a2d4851a1d" relativeResultsDirectory="9a3adb1f-3d17-4ec1-bf0a-4e3999c93183">
    </UnitTestResult>
    <UnitTestResult executionId="a873f6b7-35fd-4b3a-b3f3-4507075a010d" testId="4491a6b8-c9f2-a204-f1ca-6cd219953d98" testName="GetAll_EU_Realms" computerName="TERRA" duration="00:00:01.0425606" startTime="2011-04-23T02:44:51.4782041-04:00" endTime="2011-04-23T02:44:52.5262641-04:00" testType="13cdc9d9-ddb5-4fa4-a97d-d965ccfc6d4b" outcome="Passed" testListId="8c84fa94-04c1-424b-9868-57a2d4851a1d" relativeResultsDirectory="a873f6b7-35fd-4b3a-b3f3-4507075a010d">
    </UnitTestResult>
    <UnitTestResult executionId="8a4d55b2-b327-4eaf-a4d6-bf2821f5894f" testId="57c4e268-2ad1-24e6-0cf7-00b9834db970" testName="Get_Invalid_KR_Realm" computerName="TERRA" duration="00:00:00.6063341" startTime="2011-04-23T02:44:52.5272641-04:00" endTime="2011-04-23T02:44:53.1392991-04:00" testType="13cdc9d9-ddb5-4fa4-a97d-d965ccfc6d4b" outcome="Passed" testListId="8c84fa94-04c1-424b-9868-57a2d4851a1d" relativeResultsDirectory="8a4d55b2-b327-4eaf-a4d6-bf2821f5894f">
    </UnitTestResult>
    <UnitTestResult executionId="28e97726-d6e6-464b-a033-7a590621de99" testId="5ee86b37-da80-71a0-5f59-f20e6892cdf7" testName="Get_Invalid_EU_Realm" computerName="TERRA" duration="00:00:00.1392011" startTime="2011-04-23T02:44:53.1402992-04:00" endTime="2011-04-23T02:44:53.2843074-04:00" testType="13cdc9d9-ddb5-4fa4-a97d-d965ccfc6d4b" outcome="Passed" testListId="8c84fa94-04c1-424b-9868-57a2d4851a1d" relativeResultsDirectory="28e97726-d6e6-464b-a033-7a590621de99">
    </UnitTestResult>
    <UnitTestResult executionId="ce2aee05-a504-4888-8e84-96d81e529003" testId="6344372c-8e75-0725-d48b-eb26d4f91e9d" testName="Get_Realms_Using_Multiple_ValidNamesArray_Query" computerName="TERRA" duration="00:00:00.1370791" startTime="2011-04-23T02:44:53.2863075-04:00" endTime="2011-04-23T02:44:53.4283157-04:00" testType="13cdc9d9-ddb5-4fa4-a97d-d965ccfc6d4b" outcome="Passed" testListId="8c84fa94-04c1-424b-9868-57a2d4851a1d" relativeResultsDirectory="ce2aee05-a504-4888-8e84-96d81e529003">
    </UnitTestResult>
    <UnitTestResult executionId="4b580991-92e9-4446-997c-a1a224741be2" testId="707990a1-ca22-b104-1ec8-9f4d6bf8fe63" testName="Get_Realms_Using_Multiple_ValidNames_Query" computerName="TERRA" duration="00:00:00.1324107" startTime="2011-04-23T02:44:53.4303158-04:00" endTime="2011-04-23T02:44:53.5673236-04:00" testType="13cdc9d9-ddb5-4fa4-a97d-d965ccfc6d4b" outcome="Passed" testListId="8c84fa94-04c1-424b-9868-57a2d4851a1d" relativeResultsDirectory="4b580991-92e9-4446-997c-a1a224741be2">
    </UnitTestResult>
    <UnitTestResult executionId="244dc3ac-22ee-4f82-8f0c-609c81462312" testId="710d1407-a9ad-96c8-20ba-ccf5911743d0" testName="Get_Valid_EU_Realm" computerName="TERRA" duration="00:00:00.2666240" startTime="2011-04-23T02:44:53.5693237-04:00" endTime="2011-04-23T02:44:53.8413393-04:00" testType="13cdc9d9-ddb5-4fa4-a97d-d965ccfc6d4b" outcome="Passed" testListId="8c84fa94-04c1-424b-9868-57a2d4851a1d" relativeResultsDirectory="244dc3ac-22ee-4f82-8f0c-609c81462312">
    </UnitTestResult>
    <UnitTestResult executionId="6e73d644-99db-4a06-9c44-eba8ae806445" testId="73220a94-4b99-cbd4-b347-bbd2b79c3294" testName="GetAll_KR_Realms" computerName="TERRA" duration="00:00:00.9129536" startTime="2011-04-23T02:44:53.8423393-04:00" endTime="2011-04-23T02:44:54.7603918-04:00" testType="13cdc9d9-ddb5-4fa4-a97d-d965ccfc6d4b" outcome="Passed" testListId="8c84fa94-04c1-424b-9868-57a2d4851a1d" relativeResultsDirectory="6e73d644-99db-4a06-9c44-eba8ae806445">
    </UnitTestResult>
    <UnitTestResult executionId="01d1a3f2-a901-43e1-a7ea-677c77a574d8" testId="79084d8a-1380-0d34-b6c1-9bbf8ccd95a1" testName="Get_All_Realms_By_Status" computerName="TERRA" duration="00:00:00.6241500" startTime="2011-04-23T02:44:54.7623920-04:00" endTime="2011-04-23T02:44:55.3914279-04:00" testType="13cdc9d9-ddb5-4fa4-a97d-d965ccfc6d4b" outcome="Passed" testListId="8c84fa94-04c1-424b-9868-57a2d4851a1d" relativeResultsDirectory="01d1a3f2-a901-43e1-a7ea-677c77a574d8">
    </UnitTestResult>
    <UnitTestResult executionId="adc8660d-fb9a-4859-aeb5-4f413e7004bc" testId="884b373c-d299-48da-e939-29739a48a124" testName="Get_All_Realms_By_Population" computerName="TERRA" duration="00:00:00.3787443" startTime="2011-04-23T02:44:55.3934281-04:00" endTime="2011-04-23T02:44:55.7774500-04:00" testType="13cdc9d9-ddb5-4fa4-a97d-d965ccfc6d4b" outcome="Passed" testListId="8c84fa94-04c1-424b-9868-57a2d4851a1d" relativeResultsDirectory="adc8660d-fb9a-4859-aeb5-4f413e7004bc">
    </UnitTestResult>
    <UnitTestResult executionId="e8a72c03-fdce-400d-b5e3-7fc416ffccc2" testId="a9446daf-6edb-437b-2cf8-d41d95f50f37" testName="Get_All_Realms_By_Type" computerName="TERRA" duration="00:00:00.2682354" startTime="2011-04-23T02:44:55.7784501-04:00" endTime="2011-04-23T02:44:56.0524658-04:00" testType="13cdc9d9-ddb5-4fa4-a97d-d965ccfc6d4b" outcome="Passed" testListId="8c84fa94-04c1-424b-9868-57a2d4851a1d" relativeResultsDirectory="e8a72c03-fdce-400d-b5e3-7fc416ffccc2">
    </UnitTestResult>
    <UnitTestResult executionId="0e101ffc-12f6-4d72-b814-a9ccae296a06" testId="b2fbf06e-b806-75b8-f16c-2eb5bf6c6c89" testName="Get_Valid_KR_Realm" computerName="TERRA" duration="00:00:00.3134797" startTime="2011-04-23T02:44:56.0544659-04:00" endTime="2011-04-23T02:44:56.3724841-04:00" testType="13cdc9d9-ddb5-4fa4-a97d-d965ccfc6d4b" outcome="Passed" testListId="8c84fa94-04c1-424b-9868-57a2d4851a1d" relativeResultsDirectory="0e101ffc-12f6-4d72-b814-a9ccae296a06">
    </UnitTestResult>
    <UnitTestResult executionId="8e9bcbc5-6310-4ee8-8c0f-de461fde52b8" testId="ba952dac-5f37-2ba4-33a1-e60c919490ba" testName="Get_Invalid_US_Realm" computerName="TERRA" duration="00:00:00.1342921" startTime="2011-04-23T02:44:56.3744842-04:00" endTime="2011-04-23T02:44:56.5134921-04:00" testType="13cdc9d9-ddb5-4fa4-a97d-d965ccfc6d4b" outcome="Passed" testListId="8c84fa94-04c1-424b-9868-57a2d4851a1d" relativeResultsDirectory="8e9bcbc5-6310-4ee8-8c0f-de461fde52b8">
    </UnitTestResult>
    <UnitTestResult executionId="f9de0567-89d2-4ef8-9f2c-067adc561a9b" testId="dd757992-ff7e-4c41-cb3a-9073dee3ac40" testName="Get_Valid_US_Realm" computerName="TERRA" duration="00:00:00.2609269" startTime="2011-04-23T02:44:56.5144922-04:00" endTime="2011-04-23T02:44:56.7805074-04:00" testType="13cdc9d9-ddb5-4fa4-a97d-d965ccfc6d4b" outcome="Passed" testListId="8c84fa94-04c1-424b-9868-57a2d4851a1d" relativeResultsDirectory="f9de0567-89d2-4ef8-9f2c-067adc561a9b">
    </UnitTestResult>
    <UnitTestResult executionId="3480c606-e72b-44f9-b31d-bec510f169fc" testId="e7d9b83c-4193-8b62-50f6-f2129dba3d20" testName="GetAll_US_Realms" computerName="TERRA" duration="00:00:00.6310353" startTime="2011-04-23T02:44:56.7825075-04:00" endTime="2011-04-23T02:44:57.4185439-04:00" testType="13cdc9d9-ddb5-4fa4-a97d-d965ccfc6d4b" outcome="Passed" testListId="8c84fa94-04c1-424b-9868-57a2d4851a1d" relativeResultsDirectory="3480c606-e72b-44f9-b31d-bec510f169fc">
    </UnitTestResult>
  </Results>
</TestRun>