<?xml version="1.0" encoding="UTF-8"?>
<TestRun id="c7747bf5-d7e6-4a61-b3f8-41574223636b" name="briandek@TERRA 2011-04-23 02:43:34" runUser="Terra\briandek" xmlns="http://microsoft.com/schemas/VisualStudio/TeamTest/2010">
  <TestSettings name="Local" id="0134485d-d616-41be-ad31-963a4aa628bb">
    <Description>These are default test settings for a local test run.</Description>
    <Deployment userDeploymentRoot="D:\Visual Studio 2010\Projects\WowDotNetAPI\TestResults" useDefaultDeploymentRoot="false" enabled="false" runDeploymentRoot="briandek_TERRA 2011-04-23 02_43_34">
      <DeploymentItem filename="D:\Visual Studio 2010\Projects\WowDotNetAPI\RealmAPI\bin\Debug\RealmAPI.dll" />
    </Deployment>
    <Execution>
      <TestTypeSpecific />
      <AgentRule name="Execution Agents">
      </AgentRule>
    </Execution>
  </TestSettings>
  <Times creation="2011-04-23T02:43:34.2747883-04:00" queuing="2011-04-23T02:43:34.2927894-04:00" start="2011-04-23T02:43:34.2987897-04:00" finish="2011-04-23T02:43:34.9108247-04:00" />
  <ResultSummary outcome="Completed">
    <Counters total="1" executed="1" passed="1" error="0" failed="0" timeout="0" aborted="0" inconclusive="0" passedButRunAborted="0" notRunnable="0" notExecuted="0" disconnected="0" warning="0" completed="0" inProgress="0" pending="0" />
  </ResultSummary>
  <TestDefinitions>
    <UnitTest name="Get_Realms_Using_Multiple_ValidNamesArray_Query" storage="d:\visual studio 2010\projects\wowdotnetapi\realmapi.test\bin\debug\realmapi.test.dll" id="6344372c-8e75-0725-d48b-eb26d4f91e9d">
      <Execution id="3ce19315-2380-46f9-a077-545daebb5512" />
      <TestMethod codeBase="D:/Visual Studio 2010/Projects/WowDotNetAPI/RealmAPI.Test/bin/Debug/RealmAPI.Test.DLL" adapterTypeName="Microsoft.VisualStudio.TestTools.TestTypes.Unit.UnitTestAdapter, Microsoft.VisualStudio.QualityTools.Tips.UnitTest.Adapter, Version=10.0.0.0, Culture=neutral, PublicKeyToken=b03f5f7f11d50a3a" className="RealmAPI.Test.RealmExplorerTest, RealmAPI.Test, Version=1.0.0.0, Culture=neutral, PublicKeyToken=null" name="Get_Realms_Using_Multiple_ValidNamesArray_Query" />
    </UnitTest>
  </TestDefinitions>
  <TestLists>
    <TestList name="Results Not in a List" id="8c84fa94-04c1-424b-9868-57a2d4851a1d" />
    <TestList name="All Loaded Results" id="19431567-8539-422a-85d7-44ee4e166bda" />
  </TestLists>
  <TestEntries>
    <TestEntry testId="6344372c-8e75-0725-d48b-eb26d4f91e9d" executionId="3ce19315-2380-46f9-a077-545daebb5512" testListId="8c84fa94-04c1-424b-9868-57a2d4851a1d" />
  </TestEntries>
  <Results>
    <UnitTestResult executionId="3ce19315-2380-46f9-a077-545daebb5512" testId="6344372c-8e75-0725-d48b-eb26d4f91e9d" testName="Get_Realms_Using_Multiple_ValidNamesArray_Query" computerName="TERRA" duration="00:00:00.4500813" startTime="2011-04-23T02:43:34.3017899-04:00" endTime="2011-04-23T02:43:34.8988240-04:00" testType="13cdc9d9-ddb5-4fa4-a97d-d965ccfc6d4b" outcome="Passed" testListId="8c84fa94-04c1-424b-9868-57a2d4851a1d" relativeResultsDirectory="3ce19315-2380-46f9-a077-545daebb5512">
    </UnitTestResult>
  </Results>
</TestRun>