<?xml version="1.0" encoding="UTF-8"?>
<TestRun id="d0f09744-7d5a-421b-868c-7be56304f060" name="briandek@TERRA 2011-04-23 03:10:44" runUser="Terra\briandek" xmlns="http://microsoft.com/schemas/VisualStudio/TeamTest/2010">
  <TestSettings name="Local" id="0134485d-d616-41be-ad31-963a4aa628bb">
    <Description>These are default test settings for a local test run.</Description>
    <Deployment enabled="false" runDeploymentRoot="briandek_TERRA 2011-04-23 03_10_44">
      <DeploymentItem filename="D:\Visual Studio 2010\Projects\WowDotNetAPI\RealmAPI\bin\Debug\RealmAPI.dll" />
    </Deployment>
    <Execution>
      <TestTypeSpecific />
      <AgentRule name="Execution Agents">
      </AgentRule>
    </Execution>
  </TestSettings>
  <Times creation="2011-04-23T03:10:44.9830595-04:00" queuing="2011-04-23T03:10:45.0000605-04:00" start="2011-04-23T03:10:45.0060608-04:00" finish="2011-04-23T03:10:55.3856545-04:00" />
  <ResultSummary outcome="Completed">
    <Counters total="21" executed="21" passed="21" error="0" failed="0" timeout="0" aborted="0" inconclusive="0" passedButRunAborted="0" notRunnable="0" notExecuted="0" disconnected="0" warning="0" completed="0" inProgress="0" pending="0" />
  </ResultSummary>
  <TestDefinitions>
    <UnitTest name="GetAll_KR_Realms_Returns_All_KR_Realms" storage="d:\visual studio 2010\projects\wowdotnetapi\realmapi.test\bin\debug\realmapi.test.dll" id="6a5af8ba-1649-fa6f-04cb-4e7907ab9f9d">
      <Execution id="268aa82e-445e-4833-b747-6479fd07b7bc" />
      <TestMethod codeBase="D:/Visual Studio 2010/Projects/WowDotNetAPI/RealmAPI.Test/bin/Debug/RealmAPI.Test.DLL" adapterTypeName="Microsoft.VisualStudio.TestTools.TestTypes.Unit.UnitTestAdapter, Microsoft.VisualStudio.QualityTools.Tips.UnitTest.Adapter, Version=10.0.0.0, Culture=neutral, PublicKeyToken=b03f5f7f11d50a3a" className="RealmAPI.Test.RealmExplorerTest, RealmAPI.Test, Version=1.0.0.0, Culture=neutral, PublicKeyToken=null" name="GetAll_KR_Realms_Returns_All_KR_Realms" />
    </UnitTest>
    <UnitTest name="Get_Realms_Using_Multiple_ValidNames_Query_Returns_Valid_Results" storage="d:\visual studio 2010\projects\wowdotnetapi\realmapi.test\bin\debug\realmapi.test.dll" id="e2215a6e-e592-4a84-bf11-86df07375fb2">
      <Execution id="bbdbce52-055f-42f8-9713-26fa6794a115" />
      <TestMethod codeBase="D:/Visual Studio 2010/Projects/WowDotNetAPI/RealmAPI.Test/bin/Debug/RealmAPI.Test.DLL" adapterTypeName="Microsoft.VisualStudio.TestTools.TestTypes.Unit.UnitTestAdapter, Microsoft.VisualStudio.QualityTools.Tips.UnitTest.Adapter, Version=10.0.0.0, Culture=neutral, PublicKeyToken=b03f5f7f11d50a3a" className="RealmAPI.Test.RealmExplorerTest, RealmAPI.Test, Version=1.0.0.0, Culture=neutral, PublicKeyToken=null" name="Get_Realms_Using_Multiple_ValidNames_Query_Returns_Valid_Results" />
    </UnitTest>
    <UnitTest name="GetAll_EU_Realms_Returns_All_EU_Realms" storage="d:\visual studio 2010\projects\wowdotnetapi\realmapi.test\bin\debug\realmapi.test.dll" id="016416bb-5658-18e6-338e-14fab632fbb4">
      <Execution id="625a3333-8e9a-4613-a3c8-e82e275e8fcd" />
      <TestMethod codeBase="D:/Visual Studio 2010/Projects/WowDotNetAPI/RealmAPI.Test/bin/Debug/RealmAPI.Test.DLL" adapterTypeName="Microsoft.VisualStudio.TestTools.TestTypes.Unit.UnitTestAdapter, Microsoft.VisualStudio.QualityTools.Tips.UnitTest.Adapter, Version=10.0.0.0, Culture=neutral, PublicKeyToken=b03f5f7f11d50a3a" className="RealmAPI.Test.RealmExplorerTest, RealmAPI.Test, Version=1.0.0.0, Culture=neutral, PublicKeyToken=null" name="GetAll_EU_Realms_Returns_All_EU_Realms" />
    </UnitTest>
    <UnitTest name="Get_Realms_Using_Multiple_InvalidNamesArray_Query_Returns_Null" storage="d:\visual studio 2010\projects\wowdotnetapi\realmapi.test\bin\debug\realmapi.test.dll" id="c8ece4fe-fdd5-8895-437a-ba9d562a9393">
      <Execution id="f3a2afa0-615b-4d94-a1a0-ab390bf85d75" />
      <TestMethod codeBase="D:/Visual Studio 2010/Projects/WowDotNetAPI/RealmAPI.Test/bin/Debug/RealmAPI.Test.DLL" adapterTypeName="Microsoft.VisualStudio.TestTools.TestTypes.Unit.UnitTestAdapter, Microsoft.VisualStudio.QualityTools.Tips.UnitTest.Adapter, Version=10.0.0.0, Culture=neutral, PublicKeyToken=b03f5f7f11d50a3a" className="RealmAPI.Test.RealmExplorerTest, RealmAPI.Test, Version=1.0.0.0, Culture=neutral, PublicKeyToken=null" name="Get_Realms_Using_Multiple_InvalidNamesArray_Query_Returns_Null" />
    </UnitTest>
    <UnitTest name="Get_Valid_US_Realm_Returns_Unique_Realm" storage="d:\visual studio 2010\projects\wowdotnetapi\realmapi.test\bin\debug\realmapi.test.dll" id="c7d225fc-83c1-55fe-9ae3-d47fdb1fcede">
      <Execution id="a1b1e31b-2f91-4f4d-b371-fc57a83381e1" />
      <TestMethod codeBase="D:/Visual Studio 2010/Projects/WowDotNetAPI/RealmAPI.Test/bin/Debug/RealmAPI.Test.DLL" adapterTypeName="Microsoft.VisualStudio.TestTools.TestTypes.Unit.UnitTestAdapter, Microsoft.VisualStudio.QualityTools.Tips.UnitTest.Adapter, Version=10.0.0.0, Culture=neutral, PublicKeyToken=b03f5f7f11d50a3a" className="RealmAPI.Test.RealmExplorerTest, RealmAPI.Test, Version=1.0.0.0, Culture=neutral, PublicKeyToken=null" name="Get_Valid_US_Realm_Returns_Unique_Realm" />
    </UnitTest>
    <UnitTest name="Get_All_Realms_By_Type_Returns_Pvp_Realms" storage="d:\visual studio 2010\projects\wowdotnetapi\realmapi.test\bin\debug\realmapi.test.dll" id="c9c45897-e78f-62ad-4751-2c45d854b123">
      <Execution id="d652be20-4f48-45d7-800e-3e5704ccda67" />
      <TestMethod codeBase="D:/Visual Studio 2010/Projects/WowDotNetAPI/RealmAPI.Test/bin/Debug/RealmAPI.Test.DLL" adapterTypeName="Microsoft.VisualStudio.TestTools.TestTypes.Unit.UnitTestAdapter, Microsoft.VisualStudio.QualityTools.Tips.UnitTest.Adapter, Version=10.0.0.0, Culture=neutral, PublicKeyToken=b03f5f7f11d50a3a" className="RealmAPI.Test.RealmExplorerTest, RealmAPI.Test, Version=1.0.0.0, Culture=neutral, PublicKeyToken=null" name="Get_All_Realms_By_Type_Returns_Pvp_Realms" />
    </UnitTest>
    <UnitTest name="Get_Realms_Using_Multiple_ValidNamesArray_Query_Returns_Valid_Results" storage="d:\visual studio 2010\projects\wowdotnetapi\realmapi.test\bin\debug\realmapi.test.dll" id="d87e1b83-355f-19ba-4fe3-fcbe52a0fe6d">
      <Execution id="5a0a8639-7215-4a02-ab8d-7ecf4ddfe465" />
      <TestMethod codeBase="D:/Visual Studio 2010/Projects/WowDotNetAPI/RealmAPI.Test/bin/Debug/RealmAPI.Test.DLL" adapterTypeName="Microsoft.VisualStudio.TestTools.TestTypes.Unit.UnitTestAdapter, Microsoft.VisualStudio.QualityTools.Tips.UnitTest.Adapter, Version=10.0.0.0, Culture=neutral, PublicKeyToken=b03f5f7f11d50a3a" className="RealmAPI.Test.RealmExplorerTest, RealmAPI.Test, Version=1.0.0.0, Culture=neutral, PublicKeyToken=null" name="Get_Realms_Using_Multiple_ValidNamesArray_Query_Returns_Valid_Results" />
    </UnitTest>
    <UnitTest name="Get_Realms_Using_Multiple_InvalidNames_Query_Returns_One_Valid_Result" storage="d:\visual studio 2010\projects\wowdotnetapi\realmapi.test\bin\debug\realmapi.test.dll" id="d608dcce-d9fb-6d84-90fd-9e607a078572">
      <Execution id="1e449f79-e3ec-47a2-9eb4-6ce11db89cd1" />
      <TestMethod codeBase="D:/Visual Studio 2010/Projects/WowDotNetAPI/RealmAPI.Test/bin/Debug/RealmAPI.Test.DLL" adapterTypeName="Microsoft.VisualStudio.TestTools.TestTypes.Unit.UnitTestAdapter, Microsoft.VisualStudio.QualityTools.Tips.UnitTest.Adapter, Version=10.0.0.0, Culture=neutral, PublicKeyToken=b03f5f7f11d50a3a" className="RealmAPI.Test.RealmExplorerTest, RealmAPI.Test, Version=1.0.0.0, Culture=neutral, PublicKeyToken=null" name="Get_Realms_Using_Multiple_InvalidNames_Query_Returns_One_Valid_Result" />
    </UnitTest>
    <UnitTest name="Get_Valid_KR_Realm_Returns_Unique_KR_Realm" storage="d:\visual studio 2010\projects\wowdotnetapi\realmapi.test\bin\debug\realmapi.test.dll" id="1c3657c1-2092-354d-0489-a5922b3117c4">
      <Execution id="c82e0fa2-ab49-4ba0-b7e7-412eaf2001df" />
      <TestMethod codeBase="D:/Visual Studio 2010/Projects/WowDotNetAPI/RealmAPI.Test/bin/Debug/RealmAPI.Test.DLL" adapterTypeName="Microsoft.VisualStudio.TestTools.TestTypes.Unit.UnitTestAdapter, Microsoft.VisualStudio.QualityTools.Tips.UnitTest.Adapter, Version=10.0.0.0, Culture=neutral, PublicKeyToken=b03f5f7f11d50a3a" className="RealmAPI.Test.RealmExplorerTest, RealmAPI.Test, Version=1.0.0.0, Culture=neutral, PublicKeyToken=null" name="Get_Valid_KR_Realm_Returns_Unique_KR_Realm" />
    </UnitTest>
    <UnitTest name="Get_All_Realms_By_Status_Returns_Realms_That_Are_Up" storage="d:\visual studio 2010\projects\wowdotnetapi\realmapi.test\bin\debug\realmapi.test.dll" id="3a58a424-202c-4993-1f21-dcc161491d40">
      <Execution id="42fc32b9-0389-4ad6-8b78-4bdb86242484" />
      <TestMethod codeBase="D:/Visual Studio 2010/Projects/WowDotNetAPI/RealmAPI.Test/bin/Debug/RealmAPI.Test.DLL" adapterTypeName="Microsoft.VisualStudio.TestTools.TestTypes.Unit.UnitTestAdapter, Microsoft.VisualStudio.QualityTools.Tips.UnitTest.Adapter, Version=10.0.0.0, Culture=neutral, PublicKeyToken=b03f5f7f11d50a3a" className="RealmAPI.Test.RealmExplorerTest, RealmAPI.Test, Version=1.0.0.0, Culture=neutral, PublicKeyToken=null" name="Get_All_Realms_By_Status_Returns_Realms_That_Are_Up" />
    </UnitTest>
    <UnitTest name="GetAllRealms_InvalidRegion_URL_Throws_WebException" storage="d:\visual studio 2010\projects\wowdotnetapi\realmapi.test\bin\debug\realmapi.test.dll" id="f6966b7c-5c2e-4e63-4e06-258062d73de5">
      <Execution id="08122ddc-3966-48e7-9845-327209314bbc" />
      <TestMethod codeBase="D:/Visual Studio 2010/Projects/WowDotNetAPI/RealmAPI.Test/bin/Debug/RealmAPI.Test.DLL" adapterTypeName="Microsoft.VisualStudio.TestTools.TestTypes.Unit.UnitTestAdapter, Microsoft.VisualStudio.QualityTools.Tips.UnitTest.Adapter, Version=10.0.0.0, Culture=neutral, PublicKeyToken=b03f5f7f11d50a3a" className="RealmAPI.Test.RealmExplorerTest, RealmAPI.Test, Version=1.0.0.0, Culture=neutral, PublicKeyToken=null" name="GetAllRealms_InvalidRegion_URL_Throws_WebException" />
    </UnitTest>
    <UnitTest name="Get_Invalid_KR_Realm_Returns_Null" storage="d:\visual studio 2010\projects\wowdotnetapi\realmapi.test\bin\debug\realmapi.test.dll" id="fa9fed67-eb0e-afb0-864a-a12221f60dd9">
      <Execution id="1241a157-124e-4520-893e-feda9d756172" />
      <TestMethod codeBase="D:/Visual Studio 2010/Projects/WowDotNetAPI/RealmAPI.Test/bin/Debug/RealmAPI.Test.DLL" adapterTypeName="Microsoft.VisualStudio.TestTools.TestTypes.Unit.UnitTestAdapter, Microsoft.VisualStudio.QualityTools.Tips.UnitTest.Adapter, Version=10.0.0.0, Culture=neutral, PublicKeyToken=b03f5f7f11d50a3a" className="RealmAPI.Test.RealmExplorerTest, RealmAPI.Test, Version=1.0.0.0, Culture=neutral, PublicKeyToken=null" name="Get_Invalid_KR_Realm_Returns_Null" />
    </UnitTest>
    <UnitTest name="Get_Realms_Using_Valid_Query_Returns_Valid_Results" storage="d:\visual studio 2010\projects\wowdotnetapi\realmapi.test\bin\debug\realmapi.test.dll" id="b00eb8c3-44d1-b0d5-78ed-133c1351f56b">
      <Execution id="63c10b12-ce98-4f84-8b05-8aca7c14f4e3" />
      <TestMethod codeBase="D:/Visual Studio 2010/Projects/WowDotNetAPI/RealmAPI.Test/bin/Debug/RealmAPI.Test.DLL" adapterTypeName="Microsoft.VisualStudio.TestTools.TestTypes.Unit.UnitTestAdapter, Microsoft.VisualStudio.QualityTools.Tips.UnitTest.Adapter, Version=10.0.0.0, Culture=neutral, PublicKeyToken=b03f5f7f11d50a3a" className="RealmAPI.Test.RealmExplorerTest, RealmAPI.Test, Version=1.0.0.0, Culture=neutral, PublicKeyToken=null" name="Get_Realms_Using_Valid_Query_Returns_Valid_Results" />
    </UnitTest>
    <UnitTest name="Get_Realms_Using_Garbage_Query_Still_Returns_All_Realms" storage="d:\visual studio 2010\projects\wowdotnetapi\realmapi.test\bin\debug\realmapi.test.dll" id="e963691d-9802-8dbe-87d9-40c135a80620">
      <Execution id="e935d916-8c51-46f8-a795-78f66c74c7dd" />
      <TestMethod codeBase="D:/Visual Studio 2010/Projects/WowDotNetAPI/RealmAPI.Test/bin/Debug/RealmAPI.Test.DLL" adapterTypeName="Microsoft.VisualStudio.TestTools.TestTypes.Unit.UnitTestAdapter, Microsoft.VisualStudio.QualityTools.Tips.UnitTest.Adapter, Version=10.0.0.0, Culture=neutral, PublicKeyToken=b03f5f7f11d50a3a" className="RealmAPI.Test.RealmExplorerTest, RealmAPI.Test, Version=1.0.0.0, Culture=neutral, PublicKeyToken=null" name="Get_Realms_Using_Garbage_Query_Still_Returns_All_Realms" />
    </UnitTest>
    <UnitTest name="Get_Invalid_EU_Realm_Returns_Null" storage="d:\visual studio 2010\projects\wowdotnetapi\realmapi.test\bin\debug\realmapi.test.dll" id="3b9aa556-05fa-334a-f8e6-db13047f8893">
      <Execution id="71082a05-c97d-4f4e-bc91-738770b31c59" />
      <TestMethod codeBase="D:/Visual Studio 2010/Projects/WowDotNetAPI/RealmAPI.Test/bin/Debug/RealmAPI.Test.DLL" adapterTypeName="Microsoft.VisualStudio.TestTools.TestTypes.Unit.UnitTestAdapter, Microsoft.VisualStudio.QualityTools.Tips.UnitTest.Adapter, Version=10.0.0.0, Culture=neutral, PublicKeyToken=b03f5f7f11d50a3a" className="RealmAPI.Test.RealmExplorerTest, RealmAPI.Test, Version=1.0.0.0, Culture=neutral, PublicKeyToken=null" name="Get_Invalid_EU_Realm_Returns_Null" />
    </UnitTest>
    <UnitTest name="Get_Valid_EU_Realm_Returns_Unique_EU_Realm" storage="d:\visual studio 2010\projects\wowdotnetapi\realmapi.test\bin\debug\realmapi.test.dll" id="4ec20c7b-f01b-d96e-c825-f861e7c35ccc">
      <Execution id="61a35adf-6eb7-43b4-8ee4-fd0ed2fa046f" />
      <TestMethod codeBase="D:/Visual Studio 2010/Projects/WowDotNetAPI/RealmAPI.Test/bin/Debug/RealmAPI.Test.DLL" adapterTypeName="Microsoft.VisualStudio.TestTools.TestTypes.Unit.UnitTestAdapter, Microsoft.VisualStudio.QualityTools.Tips.UnitTest.Adapter, Version=10.0.0.0, Culture=neutral, PublicKeyToken=b03f5f7f11d50a3a" className="RealmAPI.Test.RealmExplorerTest, RealmAPI.Test, Version=1.0.0.0, Culture=neutral, PublicKeyToken=null" name="Get_Valid_EU_Realm_Returns_Unique_EU_Realm" />
    </UnitTest>
    <UnitTest name="Get_Invalid_US_Realm_Returns_Null" storage="d:\visual studio 2010\projects\wowdotnetapi\realmapi.test\bin\debug\realmapi.test.dll" id="baffacb8-31fa-91fb-ce8c-dedacdb1da42">
      <Execution id="02f2e12b-4f10-4d6e-8f0f-d307d80ebe7c" />
      <TestMethod codeBase="D:/Visual Studio 2010/Projects/WowDotNetAPI/RealmAPI.Test/bin/Debug/RealmAPI.Test.DLL" adapterTypeName="Microsoft.VisualStudio.TestTools.TestTypes.Unit.UnitTestAdapter, Microsoft.VisualStudio.QualityTools.Tips.UnitTest.Adapter, Version=10.0.0.0, Culture=neutral, PublicKeyToken=b03f5f7f11d50a3a" className="RealmAPI.Test.RealmExplorerTest, RealmAPI.Test, Version=1.0.0.0, Culture=neutral, PublicKeyToken=null" name="Get_Invalid_US_Realm_Returns_Null" />
    </UnitTest>
    <UnitTest name="Get_All_Realms_By_Population_Returns_Realms_That_Have_Low_Population" storage="d:\visual studio 2010\projects\wowdotnetapi\realmapi.test\bin\debug\realmapi.test.dll" id="54503d8b-a3d8-1798-6cd1-f35962641478">
      <Execution id="a9d59830-1e57-4478-bc12-8ebdd20d58f5" />
      <TestMethod codeBase="D:/Visual Studio 2010/Projects/WowDotNetAPI/RealmAPI.Test/bin/Debug/RealmAPI.Test.DLL" adapterTypeName="Microsoft.VisualStudio.TestTools.TestTypes.Unit.UnitTestAdapter, Microsoft.VisualStudio.QualityTools.Tips.UnitTest.Adapter, Version=10.0.0.0, Culture=neutral, PublicKeyToken=b03f5f7f11d50a3a" className="RealmAPI.Test.RealmExplorerTest, RealmAPI.Test, Version=1.0.0.0, Culture=neutral, PublicKeyToken=null" name="Get_All_Realms_By_Population_Returns_Realms_That_Have_Low_Population" />
    </UnitTest>
    <UnitTest name="Get_All_Realms_By_Queue_Returns_Realms_That_Have_Queues" storage="d:\visual studio 2010\projects\wowdotnetapi\realmapi.test\bin\debug\realmapi.test.dll" id="a6bce660-b39b-2f9d-0612-08c1546f021e">
      <Execution id="ec38338b-58a8-415e-ae87-650e31e56f04" />
      <TestMethod codeBase="D:/Visual Studio 2010/Projects/WowDotNetAPI/RealmAPI.Test/bin/Debug/RealmAPI.Test.DLL" adapterTypeName="Microsoft.VisualStudio.TestTools.TestTypes.Unit.UnitTestAdapter, Microsoft.VisualStudio.QualityTools.Tips.UnitTest.Adapter, Version=10.0.0.0, Culture=neutral, PublicKeyToken=b03f5f7f11d50a3a" className="RealmAPI.Test.RealmExplorerTest, RealmAPI.Test, Version=1.0.0.0, Culture=neutral, PublicKeyToken=null" name="Get_All_Realms_By_Queue_Returns_Realms_That_Have_Queues" />
    </UnitTest>
    <UnitTest name="Get_Realms_Using_Invalid_Realm_Name_In_Query_Returns_Null" storage="d:\visual studio 2010\projects\wowdotnetapi\realmapi.test\bin\debug\realmapi.test.dll" id="f1eef956-58c1-3c5f-13db-9a26d9fdbd4f">
      <Execution id="a181d53c-40a6-4578-8703-eca7858048f2" />
      <TestMethod codeBase="D:/Visual Studio 2010/Projects/WowDotNetAPI/RealmAPI.Test/bin/Debug/RealmAPI.Test.DLL" adapterTypeName="Microsoft.VisualStudio.TestTools.TestTypes.Unit.UnitTestAdapter, Microsoft.VisualStudio.QualityTools.Tips.UnitTest.Adapter, Version=10.0.0.0, Culture=neutral, PublicKeyToken=b03f5f7f11d50a3a" className="RealmAPI.Test.RealmExplorerTest, RealmAPI.Test, Version=1.0.0.0, Culture=neutral, PublicKeyToken=null" name="Get_Realms_Using_Invalid_Realm_Name_In_Query_Returns_Null" />
    </UnitTest>
    <UnitTest name="GetAll_US_Realms_Returns_All_Realms" storage="d:\visual studio 2010\projects\wowdotnetapi\realmapi.test\bin\debug\realmapi.test.dll" id="74e71098-7b33-aa98-3016-e2856bfb56ac">
      <Execution id="31254f59-ff01-495e-ad54-298bd9bee58d" />
      <TestMethod codeBase="D:/Visual Studio 2010/Projects/WowDotNetAPI/RealmAPI.Test/bin/Debug/RealmAPI.Test.DLL" adapterTypeName="Microsoft.VisualStudio.TestTools.TestTypes.Unit.UnitTestAdapter, Microsoft.VisualStudio.QualityTools.Tips.UnitTest.Adapter, Version=10.0.0.0, Culture=neutral, PublicKeyToken=b03f5f7f11d50a3a" className="RealmAPI.Test.RealmExplorerTest, RealmAPI.Test, Version=1.0.0.0, Culture=neutral, PublicKeyToken=null" name="GetAll_US_Realms_Returns_All_Realms" />
    </UnitTest>
  </TestDefinitions>
  <TestLists>
    <TestList name="Results Not in a List" id="8c84fa94-04c1-424b-9868-57a2d4851a1d" />
    <TestList name="All Loaded Results" id="19431567-8539-422a-85d7-44ee4e166bda" />
  </TestLists>
  <TestEntries>
    <TestEntry testId="016416bb-5658-18e6-338e-14fab632fbb4" executionId="625a3333-8e9a-4613-a3c8-e82e275e8fcd" testListId="8c84fa94-04c1-424b-9868-57a2d4851a1d" />
    <TestEntry testId="1c3657c1-2092-354d-0489-a5922b3117c4" executionId="c82e0fa2-ab49-4ba0-b7e7-412eaf2001df" testListId="8c84fa94-04c1-424b-9868-57a2d4851a1d" />
    <TestEntry testId="3a58a424-202c-4993-1f21-dcc161491d40" executionId="42fc32b9-0389-4ad6-8b78-4bdb86242484" testListId="8c84fa94-04c1-424b-9868-57a2d4851a1d" />
    <TestEntry testId="3b9aa556-05fa-334a-f8e6-db13047f8893" executionId="71082a05-c97d-4f4e-bc91-738770b31c59" testListId="8c84fa94-04c1-424b-9868-57a2d4851a1d" />
    <TestEntry testId="4ec20c7b-f01b-d96e-c825-f861e7c35ccc" executionId="61a35adf-6eb7-43b4-8ee4-fd0ed2fa046f" testListId="8c84fa94-04c1-424b-9868-57a2d4851a1d" />
    <TestEntry testId="54503d8b-a3d8-1798-6cd1-f35962641478" executionId="a9d59830-1e57-4478-bc12-8ebdd20d58f5" testListId="8c84fa94-04c1-424b-9868-57a2d4851a1d" />
    <TestEntry testId="6a5af8ba-1649-fa6f-04cb-4e7907ab9f9d" executionId="268aa82e-445e-4833-b747-6479fd07b7bc" testListId="8c84fa94-04c1-424b-9868-57a2d4851a1d" />
    <TestEntry testId="74e71098-7b33-aa98-3016-e2856bfb56ac" executionId="31254f59-ff01-495e-ad54-298bd9bee58d" testListId="8c84fa94-04c1-424b-9868-57a2d4851a1d" />
    <TestEntry testId="a6bce660-b39b-2f9d-0612-08c1546f021e" executionId="ec38338b-58a8-415e-ae87-650e31e56f04" testListId="8c84fa94-04c1-424b-9868-57a2d4851a1d" />
    <TestEntry testId="b00eb8c3-44d1-b0d5-78ed-133c1351f56b" executionId="63c10b12-ce98-4f84-8b05-8aca7c14f4e3" testListId="8c84fa94-04c1-424b-9868-57a2d4851a1d" />
    <TestEntry testId="baffacb8-31fa-91fb-ce8c-dedacdb1da42" executionId="02f2e12b-4f10-4d6e-8f0f-d307d80ebe7c" testListId="8c84fa94-04c1-424b-9868-57a2d4851a1d" />
    <TestEntry testId="c7d225fc-83c1-55fe-9ae3-d47fdb1fcede" executionId="a1b1e31b-2f91-4f4d-b371-fc57a83381e1" testListId="8c84fa94-04c1-424b-9868-57a2d4851a1d" />
    <TestEntry testId="c8ece4fe-fdd5-8895-437a-ba9d562a9393" executionId="f3a2afa0-615b-4d94-a1a0-ab390bf85d75" testListId="8c84fa94-04c1-424b-9868-57a2d4851a1d" />
    <TestEntry testId="c9c45897-e78f-62ad-4751-2c45d854b123" executionId="d652be20-4f48-45d7-800e-3e5704ccda67" testListId="8c84fa94-04c1-424b-9868-57a2d4851a1d" />
    <TestEntry testId="d608dcce-d9fb-6d84-90fd-9e607a078572" executionId="1e449f79-e3ec-47a2-9eb4-6ce11db89cd1" testListId="8c84fa94-04c1-424b-9868-57a2d4851a1d" />
    <TestEntry testId="d87e1b83-355f-19ba-4fe3-fcbe52a0fe6d" executionId="5a0a8639-7215-4a02-ab8d-7ecf4ddfe465" testListId="8c84fa94-04c1-424b-9868-57a2d4851a1d" />
    <TestEntry testId="e2215a6e-e592-4a84-bf11-86df07375fb2" executionId="bbdbce52-055f-42f8-9713-26fa6794a115" testListId="8c84fa94-04c1-424b-9868-57a2d4851a1d" />
    <TestEntry testId="e963691d-9802-8dbe-87d9-40c135a80620" executionId="e935d916-8c51-46f8-a795-78f66c74c7dd" testListId="8c84fa94-04c1-424b-9868-57a2d4851a1d" />
    <TestEntry testId="f1eef956-58c1-3c5f-13db-9a26d9fdbd4f" executionId="a181d53c-40a6-4578-8703-eca7858048f2" testListId="8c84fa94-04c1-424b-9868-57a2d4851a1d" />
    <TestEntry testId="f6966b7c-5c2e-4e63-4e06-258062d73de5" executionId="08122ddc-3966-48e7-9845-327209314bbc" testListId="8c84fa94-04c1-424b-9868-57a2d4851a1d" />
    <TestEntry testId="fa9fed67-eb0e-afb0-864a-a12221f60dd9" executionId="1241a157-124e-4520-893e-feda9d756172" testListId="8c84fa94-04c1-424b-9868-57a2d4851a1d" />
  </TestEntries>
  <Results>
    <UnitTestResult executionId="625a3333-8e9a-4613-a3c8-e82e275e8fcd" testId="016416bb-5658-18e6-338e-14fab632fbb4" testName="GetAll_EU_Realms_Returns_All_EU_Realms" computerName="TERRA" duration="00:00:01.0684591" startTime="2011-04-23T03:10:45.0080609-04:00" endTime="2011-04-23T03:10:46.2101297-04:00" testType="13cdc9d9-ddb5-4fa4-a97d-d965ccfc6d4b" outcome="Passed" testListId="8c84fa94-04c1-424b-9868-57a2d4851a1d" relativeResultsDirectory="625a3333-8e9a-4613-a3c8-e82e275e8fcd">
    </UnitTestResult>
    <UnitTestResult executionId="c82e0fa2-ab49-4ba0-b7e7-412eaf2001df" testId="1c3657c1-2092-354d-0489-a5922b3117c4" testName="Get_Valid_KR_Realm_Returns_Unique_KR_Realm" computerName="TERRA" duration="00:00:00.6111485" startTime="2011-04-23T03:10:46.2111298-04:00" endTime="2011-04-23T03:10:46.8251649-04:00" testType="13cdc9d9-ddb5-4fa4-a97d-d965ccfc6d4b" outcome="Passed" testListId="8c84fa94-04c1-424b-9868-57a2d4851a1d" relativeResultsDirectory="c82e0fa2-ab49-4ba0-b7e7-412eaf2001df">
    </UnitTestResult>
    <UnitTestResult executionId="42fc32b9-0389-4ad6-8b78-4bdb86242484" testId="3a58a424-202c-4993-1f21-dcc161491d40" testName="Get_All_Realms_By_Status_Returns_Realms_That_Are_Up" computerName="TERRA" duration="00:00:00.9264051" startTime="2011-04-23T03:10:46.8271650-04:00" endTime="2011-04-23T03:10:47.7582182-04:00" testType="13cdc9d9-ddb5-4fa4-a97d-d965ccfc6d4b" outcome="Passed" testListId="8c84fa94-04c1-424b-9868-57a2d4851a1d" relativeResultsDirectory="42fc32b9-0389-4ad6-8b78-4bdb86242484">
    </UnitTestResult>
    <UnitTestResult executionId="71082a05-c97d-4f4e-bc91-738770b31c59" testId="3b9aa556-05fa-334a-f8e6-db13047f8893" testName="Get_Invalid_EU_Realm_Returns_Null" computerName="TERRA" duration="00:00:00.1443433" startTime="2011-04-23T03:10:47.7602184-04:00" endTime="2011-04-23T03:10:47.9092269-04:00" testType="13cdc9d9-ddb5-4fa4-a97d-d965ccfc6d4b" outcome="Passed" testListId="8c84fa94-04c1-424b-9868-57a2d4851a1d" relativeResultsDirectory="71082a05-c97d-4f4e-bc91-738770b31c59">
    </UnitTestResult>
    <UnitTestResult executionId="61a35adf-6eb7-43b4-8ee4-fd0ed2fa046f" testId="4ec20c7b-f01b-d96e-c825-f861e7c35ccc" testName="Get_Valid_EU_Realm_Returns_Unique_EU_Realm" computerName="TERRA" duration="00:00:00.2636922" startTime="2011-04-23T03:10:47.9112270-04:00" endTime="2011-04-23T03:10:48.1802424-04:00" testType="13cdc9d9-ddb5-4fa4-a97d-d965ccfc6d4b" outcome="Passed" testListId="8c84fa94-04c1-424b-9868-57a2d4851a1d" relativeResultsDirectory="61a35adf-6eb7-43b4-8ee4-fd0ed2fa046f">
    </UnitTestResult>
    <UnitTestResult executionId="a9d59830-1e57-4478-bc12-8ebdd20d58f5" testId="54503d8b-a3d8-1798-6cd1-f35962641478" testName="Get_All_Realms_By_Population_Returns_Realms_That_Have_Low_Population" computerName="TERRA" duration="00:00:00.5096664" startTime="2011-04-23T03:10:48.1812424-04:00" endTime="2011-04-23T03:10:48.6962719-04:00" testType="13cdc9d9-ddb5-4fa4-a97d-d965ccfc6d4b" outcome="Passed" testListId="8c84fa94-04c1-424b-9868-57a2d4851a1d" relativeResultsDirectory="a9d59830-1e57-4478-bc12-8ebdd20d58f5">
    </UnitTestResult>
    <UnitTestResult executionId="268aa82e-445e-4833-b747-6479fd07b7bc" testId="6a5af8ba-1649-fa6f-04cb-4e7907ab9f9d" testName="GetAll_KR_Realms_Returns_All_KR_Realms" computerName="TERRA" duration="00:00:00.6408196" startTime="2011-04-23T03:10:48.6972720-04:00" endTime="2011-04-23T03:10:49.3443090-04:00" testType="13cdc9d9-ddb5-4fa4-a97d-d965ccfc6d4b" outcome="Passed" testListId="8c84fa94-04c1-424b-9868-57a2d4851a1d" relativeResultsDirectory="268aa82e-445e-4833-b747-6479fd07b7bc">
    </UnitTestResult>
    <UnitTestResult executionId="31254f59-ff01-495e-ad54-298bd9bee58d" testId="74e71098-7b33-aa98-3016-e2856bfb56ac" testName="GetAll_US_Realms_Returns_All_Realms" computerName="TERRA" duration="00:00:00.6305921" startTime="2011-04-23T03:10:49.3463091-04:00" endTime="2011-04-23T03:10:49.9803453-04:00" testType="13cdc9d9-ddb5-4fa4-a97d-d965ccfc6d4b" outcome="Passed" testListId="8c84fa94-04c1-424b-9868-57a2d4851a1d" relativeResultsDirectory="31254f59-ff01-495e-ad54-298bd9bee58d">
    </UnitTestResult>
    <UnitTestResult executionId="ec38338b-58a8-415e-ae87-650e31e56f04" testId="a6bce660-b39b-2f9d-0612-08c1546f021e" testName="Get_All_Realms_By_Queue_Returns_Realms_That_Have_Queues" computerName="TERRA" duration="00:00:00.3964942" startTime="2011-04-23T03:10:49.9813454-04:00" endTime="2011-04-23T03:10:50.3823683-04:00" testType="13cdc9d9-ddb5-4fa4-a97d-d965ccfc6d4b" outcome="Passed" testListId="8c84fa94-04c1-424b-9868-57a2d4851a1d" relativeResultsDirectory="ec38338b-58a8-415e-ae87-650e31e56f04">
    </UnitTestResult>
    <UnitTestResult executionId="63c10b12-ce98-4f84-8b05-8aca7c14f4e3" testId="b00eb8c3-44d1-b0d5-78ed-133c1351f56b" testName="Get_Realms_Using_Valid_Query_Returns_Valid_Results" computerName="TERRA" duration="00:00:00.1296707" startTime="2011-04-23T03:10:50.3853685-04:00" endTime="2011-04-23T03:10:50.5203762-04:00" testType="13cdc9d9-ddb5-4fa4-a97d-d965ccfc6d4b" outcome="Passed" testListId="8c84fa94-04c1-424b-9868-57a2d4851a1d" relativeResultsDirectory="63c10b12-ce98-4f84-8b05-8aca7c14f4e3">
    </UnitTestResult>
    <UnitTestResult executionId="02f2e12b-4f10-4d6e-8f0f-d307d80ebe7c" testId="baffacb8-31fa-91fb-ce8c-dedacdb1da42" testName="Get_Invalid_US_Realm_Returns_Null" computerName="TERRA" duration="00:00:00.1358930" startTime="2011-04-23T03:10:50.5223763-04:00" endTime="2011-04-23T03:10:50.6633844-04:00" testType="13cdc9d9-ddb5-4fa4-a97d-d965ccfc6d4b" outcome="Passed" testListId="8c84fa94-04c1-424b-9868-57a2d4851a1d" relativeResultsDirectory="02f2e12b-4f10-4d6e-8f0f-d307d80ebe7c">
    </UnitTestResult>
    <UnitTestResult executionId="a1b1e31b-2f91-4f4d-b371-fc57a83381e1" testId="c7d225fc-83c1-55fe-9ae3-d47fdb1fcede" testName="Get_Valid_US_Realm_Returns_Unique_Realm" computerName="TERRA" duration="00:00:00.2448604" startTime="2011-04-23T03:10:50.6643845-04:00" endTime="2011-04-23T03:10:50.9123987-04:00" testType="13cdc9d9-ddb5-4fa4-a97d-d965ccfc6d4b" outcome="Passed" testListId="8c84fa94-04c1-424b-9868-57a2d4851a1d" relativeResultsDirectory="a1b1e31b-2f91-4f4d-b371-fc57a83381e1">
    </UnitTestResult>
    <UnitTestResult executionId="f3a2afa0-615b-4d94-a1a0-ab390bf85d75" testId="c8ece4fe-fdd5-8895-437a-ba9d562a9393" testName="Get_Realms_Using_Multiple_InvalidNamesArray_Query_Returns_Null" computerName="TERRA" duration="00:00:00.1322335" startTime="2011-04-23T03:10:50.9143988-04:00" endTime="2011-04-23T03:10:51.0514066-04:00" testType="13cdc9d9-ddb5-4fa4-a97d-d965ccfc6d4b" outcome="Passed" testListId="8c84fa94-04c1-424b-9868-57a2d4851a1d" relativeResultsDirectory="f3a2afa0-615b-4d94-a1a0-ab390bf85d75">
    </UnitTestResult>
    <UnitTestResult executionId="d652be20-4f48-45d7-800e-3e5704ccda67" testId="c9c45897-e78f-62ad-4751-2c45d854b123" testName="Get_All_Realms_By_Type_Returns_Pvp_Realms" computerName="TERRA" duration="00:00:00.8563466" startTime="2011-04-23T03:10:51.0534067-04:00" endTime="2011-04-23T03:10:51.9154560-04:00" testType="13cdc9d9-ddb5-4fa4-a97d-d965ccfc6d4b" outcome="Passed" testListId="8c84fa94-04c1-424b-9868-57a2d4851a1d" relativeResultsDirectory="d652be20-4f48-45d7-800e-3e5704ccda67">
    </UnitTestResult>
    <UnitTestResult executionId="1e449f79-e3ec-47a2-9eb4-6ce11db89cd1" testId="d608dcce-d9fb-6d84-90fd-9e607a078572" testName="Get_Realms_Using_Multiple_InvalidNames_Query_Returns_One_Valid_Result" computerName="TERRA" duration="00:00:00.1327865" startTime="2011-04-23T03:10:51.9174561-04:00" endTime="2011-04-23T03:10:52.0544640-04:00" testType="13cdc9d9-ddb5-4fa4-a97d-d965ccfc6d4b" outcome="Passed" testListId="8c84fa94-04c1-424b-9868-57a2d4851a1d" relativeResultsDirectory="1e449f79-e3ec-47a2-9eb4-6ce11db89cd1">
    </UnitTestResult>
    <UnitTestResult executionId="5a0a8639-7215-4a02-ab8d-7ecf4ddfe465" testId="d87e1b83-355f-19ba-4fe3-fcbe52a0fe6d" testName="Get_Realms_Using_Multiple_ValidNamesArray_Query_Returns_Valid_Results" computerName="TERRA" duration="00:00:00.1311027" startTime="2011-04-23T03:10:52.0564641-04:00" endTime="2011-04-23T03:10:52.1924719-04:00" testType="13cdc9d9-ddb5-4fa4-a97d-d965ccfc6d4b" outcome="Passed" testListId="8c84fa94-04c1-424b-9868-57a2d4851a1d" relativeResultsDirectory="5a0a8639-7215-4a02-ab8d-7ecf4ddfe465">
    </UnitTestResult>
    <UnitTestResult executionId="bbdbce52-055f-42f8-9713-26fa6794a115" testId="e2215a6e-e592-4a84-bf11-86df07375fb2" testName="Get_Realms_Using_Multiple_ValidNames_Query_Returns_Valid_Results" computerName="TERRA" duration="00:00:00.1338378" startTime="2011-04-23T03:10:52.1934719-04:00" endTime="2011-04-23T03:10:52.3334799-04:00" testType="13cdc9d9-ddb5-4fa4-a97d-d965ccfc6d4b" outcome="Passed" testListId="8c84fa94-04c1-424b-9868-57a2d4851a1d" relativeResultsDirectory="bbdbce52-055f-42f8-9713-26fa6794a115">
    </UnitTestResult>
    <UnitTestResult executionId="e935d916-8c51-46f8-a795-78f66c74c7dd" testId="e963691d-9802-8dbe-87d9-40c135a80620" testName="Get_Realms_Using_Garbage_Query_Still_Returns_All_Realms" computerName="TERRA" duration="00:00:00.2880975" startTime="2011-04-23T03:10:52.3344800-04:00" endTime="2011-04-23T03:10:52.6274967-04:00" testType="13cdc9d9-ddb5-4fa4-a97d-d965ccfc6d4b" outcome="Passed" testListId="8c84fa94-04c1-424b-9868-57a2d4851a1d" relativeResultsDirectory="e935d916-8c51-46f8-a795-78f66c74c7dd">
    </UnitTestResult>
    <UnitTestResult executionId="a181d53c-40a6-4578-8703-eca7858048f2" testId="f1eef956-58c1-3c5f-13db-9a26d9fdbd4f" testName="Get_Realms_Using_Invalid_Realm_Name_In_Query_Returns_Null" computerName="TERRA" duration="00:00:00.1328298" startTime="2011-04-23T03:10:52.6294969-04:00" endTime="2011-04-23T03:10:52.7675048-04:00" testType="13cdc9d9-ddb5-4fa4-a97d-d965ccfc6d4b" outcome="Passed" testListId="8c84fa94-04c1-424b-9868-57a2d4851a1d" relativeResultsDirectory="a181d53c-40a6-4578-8703-eca7858048f2">
    </UnitTestResult>
    <UnitTestResult executionId="08122ddc-3966-48e7-9845-327209314bbc" testId="f6966b7c-5c2e-4e63-4e06-258062d73de5" testName="GetAllRealms_InvalidRegion_URL_Throws_WebException" computerName="TERRA" duration="00:00:02.2648811" startTime="2011-04-23T03:10:52.7695049-04:00" endTime="2011-04-23T03:10:55.0396347-04:00" testType="13cdc9d9-ddb5-4fa4-a97d-d965ccfc6d4b" outcome="Passed" testListId="8c84fa94-04c1-424b-9868-57a2d4851a1d" relativeResultsDirectory="08122ddc-3966-48e7-9845-327209314bbc">
    </UnitTestResult>
    <UnitTestResult executionId="1241a157-124e-4520-893e-feda9d756172" testId="fa9fed67-eb0e-afb0-864a-a12221f60dd9" testName="Get_Invalid_KR_Realm_Returns_Null" computerName="TERRA" duration="00:00:00.3184973" startTime="2011-04-23T03:10:55.0406348-04:00" endTime="2011-04-23T03:10:55.3636532-04:00" testType="13cdc9d9-ddb5-4fa4-a97d-d965ccfc6d4b" outcome="Passed" testListId="8c84fa94-04c1-424b-9868-57a2d4851a1d" relativeResultsDirectory="1241a157-124e-4520-893e-feda9d756172">
    </UnitTestResult>
  </Results>
</TestRun>