<?xml version="1.0" encoding="UTF-8"?>
<TestRun id="d783295f-bf97-45b4-935f-f78c21ac6e18" name="briandek@TERRA 2011-04-23 03:06:29" runUser="Terra\briandek" xmlns="http://microsoft.com/schemas/VisualStudio/TeamTest/2010">
  <TestSettings name="Local" id="0134485d-d616-41be-ad31-963a4aa628bb">
    <Description>These are default test settings for a local test run.</Description>
    <Deployment enabled="false" runDeploymentRoot="briandek_TERRA 2011-04-23 03_06_29">
      <DeploymentItem filename="D:\Visual Studio 2010\Projects\WowDotNetAPI\RealmAPI\bin\Debug\RealmAPI.dll" />
    </Deployment>
    <Execution>
      <TestTypeSpecific />
      <AgentRule name="Execution Agents">
      </AgentRule>
    </Execution>
  </TestSettings>
  <Times creation="2011-04-23T03:06:29.9464723-04:00" queuing="2011-04-23T03:06:29.9664734-04:00" start="2011-04-23T03:06:29.9724737-04:00" finish="2011-04-23T03:06:39.9790461-04:00" />
  <ResultSummary outcome="Completed">
    <Counters total="20" executed="20" passed="20" error="0" failed="0" timeout="0" aborted="0" inconclusive="0" passedButRunAborted="0" notRunnable="0" notExecuted="0" disconnected="0" warning="0" completed="0" inProgress="0" pending="0" />
  </ResultSummary>
  <TestDefinitions>
    <UnitTest name="GetAll_KR_Realms_Returns_All_KR_Realms" storage="d:\visual studio 2010\projects\wowdotnetapi\realmapi.test\bin\debug\realmapi.test.dll" id="6a5af8ba-1649-fa6f-04cb-4e7907ab9f9d">
      <Execution id="52347cf5-694b-48b1-823b-d57e21d2e4da" />
      <TestMethod codeBase="D:/Visual Studio 2010/Projects/WowDotNetAPI/RealmAPI.Test/bin/Debug/RealmAPI.Test.DLL" adapterTypeName="Microsoft.VisualStudio.TestTools.TestTypes.Unit.UnitTestAdapter, Microsoft.VisualStudio.QualityTools.Tips.UnitTest.Adapter, Version=10.0.0.0, Culture=neutral, PublicKeyToken=b03f5f7f11d50a3a" className="RealmAPI.Test.RealmExplorerTest, RealmAPI.Test, Version=1.0.0.0, Culture=neutral, PublicKeyToken=null" name="GetAll_KR_Realms_Returns_All_KR_Realms" />
    </UnitTest>
    <UnitTest name="Get_Realms_Using_Multiple_ValidNames_Query_Returns_Valid_Results" storage="d:\visual studio 2010\projects\wowdotnetapi\realmapi.test\bin\debug\realmapi.test.dll" id="e2215a6e-e592-4a84-bf11-86df07375fb2">
      <Execution id="52622dcb-1e78-4387-a891-e35eeba8dbb2" />
      <TestMethod codeBase="D:/Visual Studio 2010/Projects/WowDotNetAPI/RealmAPI.Test/bin/Debug/RealmAPI.Test.DLL" adapterTypeName="Microsoft.VisualStudio.TestTools.TestTypes.Unit.UnitTestAdapter, Microsoft.VisualStudio.QualityTools.Tips.UnitTest.Adapter, Version=10.0.0.0, Culture=neutral, PublicKeyToken=b03f5f7f11d50a3a" className="RealmAPI.Test.RealmExplorerTest, RealmAPI.Test, Version=1.0.0.0, Culture=neutral, PublicKeyToken=null" name="Get_Realms_Using_Multiple_ValidNames_Query_Returns_Valid_Results" />
    </UnitTest>
    <UnitTest name="GetAll_EU_Realms_Returns_All_EU_Realms" storage="d:\visual studio 2010\projects\wowdotnetapi\realmapi.test\bin\debug\realmapi.test.dll" id="016416bb-5658-18e6-338e-14fab632fbb4">
      <Execution id="d097f889-4077-4674-b159-ae84505cd677" />
      <TestMethod codeBase="D:/Visual Studio 2010/Projects/WowDotNetAPI/RealmAPI.Test/bin/Debug/RealmAPI.Test.DLL" adapterTypeName="Microsoft.VisualStudio.TestTools.TestTypes.Unit.UnitTestAdapter, Microsoft.VisualStudio.QualityTools.Tips.UnitTest.Adapter, Version=10.0.0.0, Culture=neutral, PublicKeyToken=b03f5f7f11d50a3a" className="RealmAPI.Test.RealmExplorerTest, RealmAPI.Test, Version=1.0.0.0, Culture=neutral, PublicKeyToken=null" name="GetAll_EU_Realms_Returns_All_EU_Realms" />
    </UnitTest>
    <UnitTest name="Get_Realms_Using_Multiple_InvalidNamesArray_Query_Returns_Null" storage="d:\visual studio 2010\projects\wowdotnetapi\realmapi.test\bin\debug\realmapi.test.dll" id="c8ece4fe-fdd5-8895-437a-ba9d562a9393">
      <Execution id="89f3c2ef-4e2a-4b5b-88e9-385765018dc0" />
      <TestMethod codeBase="D:/Visual Studio 2010/Projects/WowDotNetAPI/RealmAPI.Test/bin/Debug/RealmAPI.Test.DLL" adapterTypeName="Microsoft.VisualStudio.TestTools.TestTypes.Unit.UnitTestAdapter, Microsoft.VisualStudio.QualityTools.Tips.UnitTest.Adapter, Version=10.0.0.0, Culture=neutral, PublicKeyToken=b03f5f7f11d50a3a" className="RealmAPI.Test.RealmExplorerTest, RealmAPI.Test, Version=1.0.0.0, Culture=neutral, PublicKeyToken=null" name="Get_Realms_Using_Multiple_InvalidNamesArray_Query_Returns_Null" />
    </UnitTest>
    <UnitTest name="Get_Valid_US_Realm_Returns_Unique_Realm" storage="d:\visual studio 2010\projects\wowdotnetapi\realmapi.test\bin\debug\realmapi.test.dll" id="c7d225fc-83c1-55fe-9ae3-d47fdb1fcede">
      <Execution id="6a4b0cc7-b7eb-4fac-b1cd-fb71ed6ee05b" />
      <TestMethod codeBase="D:/Visual Studio 2010/Projects/WowDotNetAPI/RealmAPI.Test/bin/Debug/RealmAPI.Test.DLL" adapterTypeName="Microsoft.VisualStudio.TestTools.TestTypes.Unit.UnitTestAdapter, Microsoft.VisualStudio.QualityTools.Tips.UnitTest.Adapter, Version=10.0.0.0, Culture=neutral, PublicKeyToken=b03f5f7f11d50a3a" className="RealmAPI.Test.RealmExplorerTest, RealmAPI.Test, Version=1.0.0.0, Culture=neutral, PublicKeyToken=null" name="Get_Valid_US_Realm_Returns_Unique_Realm" />
    </UnitTest>
    <UnitTest name="Get_All_Realms_By_Type_Returns_Pvp_Realms" storage="d:\visual studio 2010\projects\wowdotnetapi\realmapi.test\bin\debug\realmapi.test.dll" id="c9c45897-e78f-62ad-4751-2c45d854b123">
      <Execution id="a90b9dd7-12f1-4124-9432-17116dc5eede" />
      <TestMethod codeBase="D:/Visual Studio 2010/Projects/WowDotNetAPI/RealmAPI.Test/bin/Debug/RealmAPI.Test.DLL" adapterTypeName="Microsoft.VisualStudio.TestTools.TestTypes.Unit.UnitTestAdapter, Microsoft.VisualStudio.QualityTools.Tips.UnitTest.Adapter, Version=10.0.0.0, Culture=neutral, PublicKeyToken=b03f5f7f11d50a3a" className="RealmAPI.Test.RealmExplorerTest, RealmAPI.Test, Version=1.0.0.0, Culture=neutral, PublicKeyToken=null" name="Get_All_Realms_By_Type_Returns_Pvp_Realms" />
    </UnitTest>
    <UnitTest name="Get_Realms_Using_Multiple_ValidNamesArray_Query_Returns_Valid_Results" storage="d:\visual studio 2010\projects\wowdotnetapi\realmapi.test\bin\debug\realmapi.test.dll" id="d87e1b83-355f-19ba-4fe3-fcbe52a0fe6d">
      <Execution id="8237b68d-2d3e-41fc-9477-8a9d37d28e95" />
      <TestMethod codeBase="D:/Visual Studio 2010/Projects/WowDotNetAPI/RealmAPI.Test/bin/Debug/RealmAPI.Test.DLL" adapterTypeName="Microsoft.VisualStudio.TestTools.TestTypes.Unit.UnitTestAdapter, Microsoft.VisualStudio.QualityTools.Tips.UnitTest.Adapter, Version=10.0.0.0, Culture=neutral, PublicKeyToken=b03f5f7f11d50a3a" className="RealmAPI.Test.RealmExplorerTest, RealmAPI.Test, Version=1.0.0.0, Culture=neutral, PublicKeyToken=null" name="Get_Realms_Using_Multiple_ValidNamesArray_Query_Returns_Valid_Results" />
    </UnitTest>
    <UnitTest name="Get_Realms_Using_Multiple_InvalidNames_Query_Returns_One_Valid_Result" storage="d:\visual studio 2010\projects\wowdotnetapi\realmapi.test\bin\debug\realmapi.test.dll" id="d608dcce-d9fb-6d84-90fd-9e607a078572">
      <Execution id="1643ceb8-a8d0-4269-aea9-e507ea25801f" />
      <TestMethod codeBase="D:/Visual Studio 2010/Projects/WowDotNetAPI/RealmAPI.Test/bin/Debug/RealmAPI.Test.DLL" adapterTypeName="Microsoft.VisualStudio.TestTools.TestTypes.Unit.UnitTestAdapter, Microsoft.VisualStudio.QualityTools.Tips.UnitTest.Adapter, Version=10.0.0.0, Culture=neutral, PublicKeyToken=b03f5f7f11d50a3a" className="RealmAPI.Test.RealmExplorerTest, RealmAPI.Test, Version=1.0.0.0, Culture=neutral, PublicKeyToken=null" name="Get_Realms_Using_Multiple_InvalidNames_Query_Returns_One_Valid_Result" />
    </UnitTest>
    <UnitTest name="Get_Valid_KR_Realm_Returns_Unique_KR_Realm" storage="d:\visual studio 2010\projects\wowdotnetapi\realmapi.test\bin\debug\realmapi.test.dll" id="1c3657c1-2092-354d-0489-a5922b3117c4">
      <Execution id="2f0dea95-aa92-4197-840a-386f0de5fd3c" />
      <TestMethod codeBase="D:/Visual Studio 2010/Projects/WowDotNetAPI/RealmAPI.Test/bin/Debug/RealmAPI.Test.DLL" adapterTypeName="Microsoft.VisualStudio.TestTools.TestTypes.Unit.UnitTestAdapter, Microsoft.VisualStudio.QualityTools.Tips.UnitTest.Adapter, Version=10.0.0.0, Culture=neutral, PublicKeyToken=b03f5f7f11d50a3a" className="RealmAPI.Test.RealmExplorerTest, RealmAPI.Test, Version=1.0.0.0, Culture=neutral, PublicKeyToken=null" name="Get_Valid_KR_Realm_Returns_Unique_KR_Realm" />
    </UnitTest>
    <UnitTest name="Get_All_Realms_By_Status_Returns_Realms_That_Are_Up" storage="d:\visual studio 2010\projects\wowdotnetapi\realmapi.test\bin\debug\realmapi.test.dll" id="3a58a424-202c-4993-1f21-dcc161491d40">
      <Execution id="93a8b625-23b2-4e09-a2b7-a5c718c688df" />
      <TestMethod codeBase="D:/Visual Studio 2010/Projects/WowDotNetAPI/RealmAPI.Test/bin/Debug/RealmAPI.Test.DLL" adapterTypeName="Microsoft.VisualStudio.TestTools.TestTypes.Unit.UnitTestAdapter, Microsoft.VisualStudio.QualityTools.Tips.UnitTest.Adapter, Version=10.0.0.0, Culture=neutral, PublicKeyToken=b03f5f7f11d50a3a" className="RealmAPI.Test.RealmExplorerTest, RealmAPI.Test, Version=1.0.0.0, Culture=neutral, PublicKeyToken=null" name="Get_All_Realms_By_Status_Returns_Realms_That_Are_Up" />
    </UnitTest>
    <UnitTest name="GetAllRealms_InvalidRegion_URL_Throws_WebException" storage="d:\visual studio 2010\projects\wowdotnetapi\realmapi.test\bin\debug\realmapi.test.dll" id="f6966b7c-5c2e-4e63-4e06-258062d73de5">
      <Execution id="096b336b-81fd-4841-85a2-9ff46c3f378d" />
      <TestMethod codeBase="D:/Visual Studio 2010/Projects/WowDotNetAPI/RealmAPI.Test/bin/Debug/RealmAPI.Test.DLL" adapterTypeName="Microsoft.VisualStudio.TestTools.TestTypes.Unit.UnitTestAdapter, Microsoft.VisualStudio.QualityTools.Tips.UnitTest.Adapter, Version=10.0.0.0, Culture=neutral, PublicKeyToken=b03f5f7f11d50a3a" className="RealmAPI.Test.RealmExplorerTest, RealmAPI.Test, Version=1.0.0.0, Culture=neutral, PublicKeyToken=null" name="GetAllRealms_InvalidRegion_URL_Throws_WebException" />
    </UnitTest>
    <UnitTest name="Get_Invalid_KR_Realm_Returns_Null" storage="d:\visual studio 2010\projects\wowdotnetapi\realmapi.test\bin\debug\realmapi.test.dll" id="fa9fed67-eb0e-afb0-864a-a12221f60dd9">
      <Execution id="ea4888a4-b3bb-4165-8db0-82e7e1c4a40e" />
      <TestMethod codeBase="D:/Visual Studio 2010/Projects/WowDotNetAPI/RealmAPI.Test/bin/Debug/RealmAPI.Test.DLL" adapterTypeName="Microsoft.VisualStudio.TestTools.TestTypes.Unit.UnitTestAdapter, Microsoft.VisualStudio.QualityTools.Tips.UnitTest.Adapter, Version=10.0.0.0, Culture=neutral, PublicKeyToken=b03f5f7f11d50a3a" className="RealmAPI.Test.RealmExplorerTest, RealmAPI.Test, Version=1.0.0.0, Culture=neutral, PublicKeyToken=null" name="Get_Invalid_KR_Realm_Returns_Null" />
    </UnitTest>
    <UnitTest name="Get_Realms_Using_Valid_Query_Returns_Valid_Results" storage="d:\visual studio 2010\projects\wowdotnetapi\realmapi.test\bin\debug\realmapi.test.dll" id="b00eb8c3-44d1-b0d5-78ed-133c1351f56b">
      <Execution id="c887c4bd-6710-47be-84e3-0cc699471fc1" />
      <TestMethod codeBase="D:/Visual Studio 2010/Projects/WowDotNetAPI/RealmAPI.Test/bin/Debug/RealmAPI.Test.DLL" adapterTypeName="Microsoft.VisualStudio.TestTools.TestTypes.Unit.UnitTestAdapter, Microsoft.VisualStudio.QualityTools.Tips.UnitTest.Adapter, Version=10.0.0.0, Culture=neutral, PublicKeyToken=b03f5f7f11d50a3a" className="RealmAPI.Test.RealmExplorerTest, RealmAPI.Test, Version=1.0.0.0, Culture=neutral, PublicKeyToken=null" name="Get_Realms_Using_Valid_Query_Returns_Valid_Results" />
    </UnitTest>
    <UnitTest name="Get_Invalid_EU_Realm_Returns_Null" storage="d:\visual studio 2010\projects\wowdotnetapi\realmapi.test\bin\debug\realmapi.test.dll" id="3b9aa556-05fa-334a-f8e6-db13047f8893">
      <Execution id="56132fd3-68d7-4568-b653-80cc97302b3d" />
      <TestMethod codeBase="D:/Visual Studio 2010/Projects/WowDotNetAPI/RealmAPI.Test/bin/Debug/RealmAPI.Test.DLL" adapterTypeName="Microsoft.VisualStudio.TestTools.TestTypes.Unit.UnitTestAdapter, Microsoft.VisualStudio.QualityTools.Tips.UnitTest.Adapter, Version=10.0.0.0, Culture=neutral, PublicKeyToken=b03f5f7f11d50a3a" className="RealmAPI.Test.RealmExplorerTest, RealmAPI.Test, Version=1.0.0.0, Culture=neutral, PublicKeyToken=null" name="Get_Invalid_EU_Realm_Returns_Null" />
    </UnitTest>
    <UnitTest name="Get_Valid_EU_Realm_Returns_Unique_EU_Realm" storage="d:\visual studio 2010\projects\wowdotnetapi\realmapi.test\bin\debug\realmapi.test.dll" id="4ec20c7b-f01b-d96e-c825-f861e7c35ccc">
      <Execution id="a5c671ca-e0f3-460e-b708-7ccfcaee657a" />
      <TestMethod codeBase="D:/Visual Studio 2010/Projects/WowDotNetAPI/RealmAPI.Test/bin/Debug/RealmAPI.Test.DLL" adapterTypeName="Microsoft.VisualStudio.TestTools.TestTypes.Unit.UnitTestAdapter, Microsoft.VisualStudio.QualityTools.Tips.UnitTest.Adapter, Version=10.0.0.0, Culture=neutral, PublicKeyToken=b03f5f7f11d50a3a" className="RealmAPI.Test.RealmExplorerTest, RealmAPI.Test, Version=1.0.0.0, Culture=neutral, PublicKeyToken=null" name="Get_Valid_EU_Realm_Returns_Unique_EU_Realm" />
    </UnitTest>
    <UnitTest name="Get_Invalid_US_Realm_Returns_Null" storage="d:\visual studio 2010\projects\wowdotnetapi\realmapi.test\bin\debug\realmapi.test.dll" id="baffacb8-31fa-91fb-ce8c-dedacdb1da42">
      <Execution id="f0d0b22e-6f28-4e90-9ff4-7572445c5d95" />
      <TestMethod codeBase="D:/Visual Studio 2010/Projects/WowDotNetAPI/RealmAPI.Test/bin/Debug/RealmAPI.Test.DLL" adapterTypeName="Microsoft.VisualStudio.TestTools.TestTypes.Unit.UnitTestAdapter, Microsoft.VisualStudio.QualityTools.Tips.UnitTest.Adapter, Version=10.0.0.0, Culture=neutral, PublicKeyToken=b03f5f7f11d50a3a" className="RealmAPI.Test.RealmExplorerTest, RealmAPI.Test, Version=1.0.0.0, Culture=neutral, PublicKeyToken=null" name="Get_Invalid_US_Realm_Returns_Null" />
    </UnitTest>
    <UnitTest name="Get_All_Realms_By_Population_Returns_Realms_That_Have_Low_Population" storage="d:\visual studio 2010\projects\wowdotnetapi\realmapi.test\bin\debug\realmapi.test.dll" id="54503d8b-a3d8-1798-6cd1-f35962641478">
      <Execution id="a99d19a4-40ba-445f-8f8d-c2677e211a7a" />
      <TestMethod codeBase="D:/Visual Studio 2010/Projects/WowDotNetAPI/RealmAPI.Test/bin/Debug/RealmAPI.Test.DLL" adapterTypeName="Microsoft.VisualStudio.TestTools.TestTypes.Unit.UnitTestAdapter, Microsoft.VisualStudio.QualityTools.Tips.UnitTest.Adapter, Version=10.0.0.0, Culture=neutral, PublicKeyToken=b03f5f7f11d50a3a" className="RealmAPI.Test.RealmExplorerTest, RealmAPI.Test, Version=1.0.0.0, Culture=neutral, PublicKeyToken=null" name="Get_All_Realms_By_Population_Returns_Realms_That_Have_Low_Population" />
    </UnitTest>
    <UnitTest name="Get_Realms_Using_Invalid_Query_Returns_Null" storage="d:\visual studio 2010\projects\wowdotnetapi\realmapi.test\bin\debug\realmapi.test.dll" id="db641adb-f27b-7ead-2e88-bfa3a60e2035">
      <Execution id="96c4112f-3deb-4ca4-932f-7975187108a5" />
      <TestMethod codeBase="D:/Visual Studio 2010/Projects/WowDotNetAPI/RealmAPI.Test/bin/Debug/RealmAPI.Test.DLL" adapterTypeName="Microsoft.VisualStudio.TestTools.TestTypes.Unit.UnitTestAdapter, Microsoft.VisualStudio.QualityTools.Tips.UnitTest.Adapter, Version=10.0.0.0, Culture=neutral, PublicKeyToken=b03f5f7f11d50a3a" className="RealmAPI.Test.RealmExplorerTest, RealmAPI.Test, Version=1.0.0.0, Culture=neutral, PublicKeyToken=null" name="Get_Realms_Using_Invalid_Query_Returns_Null" />
    </UnitTest>
    <UnitTest name="Get_All_Realms_By_Queue_Returns_Realms_That_Have_Queues" storage="d:\visual studio 2010\projects\wowdotnetapi\realmapi.test\bin\debug\realmapi.test.dll" id="a6bce660-b39b-2f9d-0612-08c1546f021e">
      <Execution id="1c68eddd-8279-40db-8568-2ebbd826a6b4" />
      <TestMethod codeBase="D:/Visual Studio 2010/Projects/WowDotNetAPI/RealmAPI.Test/bin/Debug/RealmAPI.Test.DLL" adapterTypeName="Microsoft.VisualStudio.TestTools.TestTypes.Unit.UnitTestAdapter, Microsoft.VisualStudio.QualityTools.Tips.UnitTest.Adapter, Version=10.0.0.0, Culture=neutral, PublicKeyToken=b03f5f7f11d50a3a" className="RealmAPI.Test.RealmExplorerTest, RealmAPI.Test, Version=1.0.0.0, Culture=neutral, PublicKeyToken=null" name="Get_All_Realms_By_Queue_Returns_Realms_That_Have_Queues" />
    </UnitTest>
    <UnitTest name="GetAll_US_Realms_Returns_All_Realms" storage="d:\visual studio 2010\projects\wowdotnetapi\realmapi.test\bin\debug\realmapi.test.dll" id="74e71098-7b33-aa98-3016-e2856bfb56ac">
      <Execution id="9f1e50bb-a2e8-4fd5-accf-6dccf69af590" />
      <TestMethod codeBase="D:/Visual Studio 2010/Projects/WowDotNetAPI/RealmAPI.Test/bin/Debug/RealmAPI.Test.DLL" adapterTypeName="Microsoft.VisualStudio.TestTools.TestTypes.Unit.UnitTestAdapter, Microsoft.VisualStudio.QualityTools.Tips.UnitTest.Adapter, Version=10.0.0.0, Culture=neutral, PublicKeyToken=b03f5f7f11d50a3a" className="RealmAPI.Test.RealmExplorerTest, RealmAPI.Test, Version=1.0.0.0, Culture=neutral, PublicKeyToken=null" name="GetAll_US_Realms_Returns_All_Realms" />
    </UnitTest>
  </TestDefinitions>
  <TestLists>
    <TestList name="Results Not in a List" id="8c84fa94-04c1-424b-9868-57a2d4851a1d" />
    <TestList name="All Loaded Results" id="19431567-8539-422a-85d7-44ee4e166bda" />
  </TestLists>
  <TestEntries>
    <TestEntry testId="016416bb-5658-18e6-338e-14fab632fbb4" executionId="d097f889-4077-4674-b159-ae84505cd677" testListId="8c84fa94-04c1-424b-9868-57a2d4851a1d" />
    <TestEntry testId="1c3657c1-2092-354d-0489-a5922b3117c4" executionId="2f0dea95-aa92-4197-840a-386f0de5fd3c" testListId="8c84fa94-04c1-424b-9868-57a2d4851a1d" />
    <TestEntry testId="3a58a424-202c-4993-1f21-dcc161491d40" executionId="93a8b625-23b2-4e09-a2b7-a5c718c688df" testListId="8c84fa94-04c1-424b-9868-57a2d4851a1d" />
    <TestEntry testId="3b9aa556-05fa-334a-f8e6-db13047f8893" executionId="56132fd3-68d7-4568-b653-80cc97302b3d" testListId="8c84fa94-04c1-424b-9868-57a2d4851a1d" />
    <TestEntry testId="4ec20c7b-f01b-d96e-c825-f861e7c35ccc" executionId="a5c671ca-e0f3-460e-b708-7ccfcaee657a" testListId="8c84fa94-04c1-424b-9868-57a2d4851a1d" />
    <TestEntry testId="54503d8b-a3d8-1798-6cd1-f35962641478" executionId="a99d19a4-40ba-445f-8f8d-c2677e211a7a" testListId="8c84fa94-04c1-424b-9868-57a2d4851a1d" />
    <TestEntry testId="6a5af8ba-1649-fa6f-04cb-4e7907ab9f9d" executionId="52347cf5-694b-48b1-823b-d57e21d2e4da" testListId="8c84fa94-04c1-424b-9868-57a2d4851a1d" />
    <TestEntry testId="74e71098-7b33-aa98-3016-e2856bfb56ac" executionId="9f1e50bb-a2e8-4fd5-accf-6dccf69af590" testListId="8c84fa94-04c1-424b-9868-57a2d4851a1d" />
    <TestEntry testId="a6bce660-b39b-2f9d-0612-08c1546f021e" executionId="1c68eddd-8279-40db-8568-2ebbd826a6b4" testListId="8c84fa94-04c1-424b-9868-57a2d4851a1d" />
    <TestEntry testId="b00eb8c3-44d1-b0d5-78ed-133c1351f56b" executionId="c887c4bd-6710-47be-84e3-0cc699471fc1" testListId="8c84fa94-04c1-424b-9868-57a2d4851a1d" />
    <TestEntry testId="baffacb8-31fa-91fb-ce8c-dedacdb1da42" executionId="f0d0b22e-6f28-4e90-9ff4-7572445c5d95" testListId="8c84fa94-04c1-424b-9868-57a2d4851a1d" />
    <TestEntry testId="c7d225fc-83c1-55fe-9ae3-d47fdb1fcede" executionId="6a4b0cc7-b7eb-4fac-b1cd-fb71ed6ee05b" testListId="8c84fa94-04c1-424b-9868-57a2d4851a1d" />
    <TestEntry testId="c8ece4fe-fdd5-8895-437a-ba9d562a9393" executionId="89f3c2ef-4e2a-4b5b-88e9-385765018dc0" testListId="8c84fa94-04c1-424b-9868-57a2d4851a1d" />
    <TestEntry testId="c9c45897-e78f-62ad-4751-2c45d854b123" executionId="a90b9dd7-12f1-4124-9432-17116dc5eede" testListId="8c84fa94-04c1-424b-9868-57a2d4851a1d" />
    <TestEntry testId="d608dcce-d9fb-6d84-90fd-9e607a078572" executionId="1643ceb8-a8d0-4269-aea9-e507ea25801f" testListId="8c84fa94-04c1-424b-9868-57a2d4851a1d" />
    <TestEntry testId="d87e1b83-355f-19ba-4fe3-fcbe52a0fe6d" executionId="8237b68d-2d3e-41fc-9477-8a9d37d28e95" testListId="8c84fa94-04c1-424b-9868-57a2d4851a1d" />
    <TestEntry testId="db641adb-f27b-7ead-2e88-bfa3a60e2035" executionId="96c4112f-3deb-4ca4-932f-7975187108a5" testListId="8c84fa94-04c1-424b-9868-57a2d4851a1d" />
    <TestEntry testId="e2215a6e-e592-4a84-bf11-86df07375fb2" executionId="52622dcb-1e78-4387-a891-e35eeba8dbb2" testListId="8c84fa94-04c1-424b-9868-57a2d4851a1d" />
    <TestEntry testId="f6966b7c-5c2e-4e63-4e06-258062d73de5" executionId="096b336b-81fd-4841-85a2-9ff46c3f378d" testListId="8c84fa94-04c1-424b-9868-57a2d4851a1d" />
    <TestEntry testId="fa9fed67-eb0e-afb0-864a-a12221f60dd9" executionId="ea4888a4-b3bb-4165-8db0-82e7e1c4a40e" testListId="8c84fa94-04c1-424b-9868-57a2d4851a1d" />
  </TestEntries>
  <Results>
    <UnitTestResult executionId="d097f889-4077-4674-b159-ae84505cd677" testId="016416bb-5658-18e6-338e-14fab632fbb4" testName="GetAll_EU_Realms_Returns_All_EU_Realms" computerName="TERRA" duration="00:00:01.0453844" startTime="2011-04-23T03:06:29.9734738-04:00" endTime="2011-04-23T03:06:31.1535413-04:00" testType="13cdc9d9-ddb5-4fa4-a97d-d965ccfc6d4b" outcome="Passed" testListId="8c84fa94-04c1-424b-9868-57a2d4851a1d" relativeResultsDirectory="d097f889-4077-4674-b159-ae84505cd677">
    </UnitTestResult>
    <UnitTestResult executionId="2f0dea95-aa92-4197-840a-386f0de5fd3c" testId="1c3657c1-2092-354d-0489-a5922b3117c4" testName="Get_Valid_KR_Realm_Returns_Unique_KR_Realm" computerName="TERRA" duration="00:00:00.6389608" startTime="2011-04-23T03:06:31.1545414-04:00" endTime="2011-04-23T03:06:31.7975781-04:00" testType="13cdc9d9-ddb5-4fa4-a97d-d965ccfc6d4b" outcome="Passed" testListId="8c84fa94-04c1-424b-9868-57a2d4851a1d" relativeResultsDirectory="2f0dea95-aa92-4197-840a-386f0de5fd3c">
    </UnitTestResult>
    <UnitTestResult executionId="93a8b625-23b2-4e09-a2b7-a5c718c688df" testId="3a58a424-202c-4993-1f21-dcc161491d40" testName="Get_All_Realms_By_Status_Returns_Realms_That_Are_Up" computerName="TERRA" duration="00:00:00.8982897" startTime="2011-04-23T03:06:31.7985782-04:00" endTime="2011-04-23T03:06:32.7026299-04:00" testType="13cdc9d9-ddb5-4fa4-a97d-d965ccfc6d4b" outcome="Passed" testListId="8c84fa94-04c1-424b-9868-57a2d4851a1d" relativeResultsDirectory="93a8b625-23b2-4e09-a2b7-a5c718c688df">
    </UnitTestResult>
    <UnitTestResult executionId="56132fd3-68d7-4568-b653-80cc97302b3d" testId="3b9aa556-05fa-334a-f8e6-db13047f8893" testName="Get_Invalid_EU_Realm_Returns_Null" computerName="TERRA" duration="00:00:00.1408184" startTime="2011-04-23T03:06:32.7036300-04:00" endTime="2011-04-23T03:06:32.8496383-04:00" testType="13cdc9d9-ddb5-4fa4-a97d-d965ccfc6d4b" outcome="Passed" testListId="8c84fa94-04c1-424b-9868-57a2d4851a1d" relativeResultsDirectory="56132fd3-68d7-4568-b653-80cc97302b3d">
    </UnitTestResult>
    <UnitTestResult executionId="a5c671ca-e0f3-460e-b708-7ccfcaee657a" testId="4ec20c7b-f01b-d96e-c825-f861e7c35ccc" testName="Get_Valid_EU_Realm_Returns_Unique_EU_Realm" computerName="TERRA" duration="00:00:00.2771221" startTime="2011-04-23T03:06:32.8516384-04:00" endTime="2011-04-23T03:06:33.1336546-04:00" testType="13cdc9d9-ddb5-4fa4-a97d-d965ccfc6d4b" outcome="Passed" testListId="8c84fa94-04c1-424b-9868-57a2d4851a1d" relativeResultsDirectory="a5c671ca-e0f3-460e-b708-7ccfcaee657a">
    </UnitTestResult>
    <UnitTestResult executionId="a99d19a4-40ba-445f-8f8d-c2677e211a7a" testId="54503d8b-a3d8-1798-6cd1-f35962641478" testName="Get_All_Realms_By_Population_Returns_Realms_That_Have_Low_Population" computerName="TERRA" duration="00:00:00.5192271" startTime="2011-04-23T03:06:33.1356547-04:00" endTime="2011-04-23T03:06:33.6596846-04:00" testType="13cdc9d9-ddb5-4fa4-a97d-d965ccfc6d4b" outcome="Passed" testListId="8c84fa94-04c1-424b-9868-57a2d4851a1d" relativeResultsDirectory="a99d19a4-40ba-445f-8f8d-c2677e211a7a">
    </UnitTestResult>
    <UnitTestResult executionId="52347cf5-694b-48b1-823b-d57e21d2e4da" testId="6a5af8ba-1649-fa6f-04cb-4e7907ab9f9d" testName="GetAll_KR_Realms_Returns_All_KR_Realms" computerName="TERRA" duration="00:00:00.6089033" startTime="2011-04-23T03:06:33.6616848-04:00" endTime="2011-04-23T03:06:34.2757199-04:00" testType="13cdc9d9-ddb5-4fa4-a97d-d965ccfc6d4b" outcome="Passed" testListId="8c84fa94-04c1-424b-9868-57a2d4851a1d" relativeResultsDirectory="52347cf5-694b-48b1-823b-d57e21d2e4da">
    </UnitTestResult>
    <UnitTestResult executionId="9f1e50bb-a2e8-4fd5-accf-6dccf69af590" testId="74e71098-7b33-aa98-3016-e2856bfb56ac" testName="GetAll_US_Realms_Returns_All_Realms" computerName="TERRA" duration="00:00:00.4927769" startTime="2011-04-23T03:06:34.2777200-04:00" endTime="2011-04-23T03:06:34.7737484-04:00" testType="13cdc9d9-ddb5-4fa4-a97d-d965ccfc6d4b" outcome="Passed" testListId="8c84fa94-04c1-424b-9868-57a2d4851a1d" relativeResultsDirectory="9f1e50bb-a2e8-4fd5-accf-6dccf69af590">
    </UnitTestResult>
    <UnitTestResult executionId="1c68eddd-8279-40db-8568-2ebbd826a6b4" testId="a6bce660-b39b-2f9d-0612-08c1546f021e" testName="Get_All_Realms_By_Queue_Returns_Realms_That_Have_Queues" computerName="TERRA" duration="00:00:00.2630267" startTime="2011-04-23T03:06:34.7747484-04:00" endTime="2011-04-23T03:06:35.0417637-04:00" testType="13cdc9d9-ddb5-4fa4-a97d-d965ccfc6d4b" outcome="Passed" testListId="8c84fa94-04c1-424b-9868-57a2d4851a1d" relativeResultsDirectory="1c68eddd-8279-40db-8568-2ebbd826a6b4">
    </UnitTestResult>
    <UnitTestResult executionId="c887c4bd-6710-47be-84e3-0cc699471fc1" testId="b00eb8c3-44d1-b0d5-78ed-133c1351f56b" testName="Get_Realms_Using_Valid_Query_Returns_Valid_Results" computerName="TERRA" duration="00:00:00.1339887" startTime="2011-04-23T03:06:35.0427637-04:00" endTime="2011-04-23T03:06:35.1817717-04:00" testType="13cdc9d9-ddb5-4fa4-a97d-d965ccfc6d4b" outcome="Passed" testListId="8c84fa94-04c1-424b-9868-57a2d4851a1d" relativeResultsDirectory="c887c4bd-6710-47be-84e3-0cc699471fc1">
    </UnitTestResult>
    <UnitTestResult executionId="f0d0b22e-6f28-4e90-9ff4-7572445c5d95" testId="baffacb8-31fa-91fb-ce8c-dedacdb1da42" testName="Get_Invalid_US_Realm_Returns_Null" computerName="TERRA" duration="00:00:00.1327701" startTime="2011-04-23T03:06:35.1837718-04:00" endTime="2011-04-23T03:06:35.3217797-04:00" testType="13cdc9d9-ddb5-4fa4-a97d-d965ccfc6d4b" outcome="Passed" testListId="8c84fa94-04c1-424b-9868-57a2d4851a1d" relativeResultsDirectory="f0d0b22e-6f28-4e90-9ff4-7572445c5d95">
    </UnitTestResult>
    <UnitTestResult executionId="6a4b0cc7-b7eb-4fac-b1cd-fb71ed6ee05b" testId="c7d225fc-83c1-55fe-9ae3-d47fdb1fcede" testName="Get_Valid_US_Realm_Returns_Unique_Realm" computerName="TERRA" duration="00:00:00.2511021" startTime="2011-04-23T03:06:35.3227798-04:00" endTime="2011-04-23T03:06:35.5787944-04:00" testType="13cdc9d9-ddb5-4fa4-a97d-d965ccfc6d4b" outcome="Passed" testListId="8c84fa94-04c1-424b-9868-57a2d4851a1d" relativeResultsDirectory="6a4b0cc7-b7eb-4fac-b1cd-fb71ed6ee05b">
    </UnitTestResult>
    <UnitTestResult executionId="89f3c2ef-4e2a-4b5b-88e9-385765018dc0" testId="c8ece4fe-fdd5-8895-437a-ba9d562a9393" testName="Get_Realms_Using_Multiple_InvalidNamesArray_Query_Returns_Null" computerName="TERRA" duration="00:00:00.1310140" startTime="2011-04-23T03:06:35.5807945-04:00" endTime="2011-04-23T03:06:35.7168023-04:00" testType="13cdc9d9-ddb5-4fa4-a97d-d965ccfc6d4b" outcome="Passed" testListId="8c84fa94-04c1-424b-9868-57a2d4851a1d" relativeResultsDirectory="89f3c2ef-4e2a-4b5b-88e9-385765018dc0">
    </UnitTestResult>
    <UnitTestResult executionId="a90b9dd7-12f1-4124-9432-17116dc5eede" testId="c9c45897-e78f-62ad-4751-2c45d854b123" testName="Get_All_Realms_By_Type_Returns_Pvp_Realms" computerName="TERRA" duration="00:00:00.8561382" startTime="2011-04-23T03:06:35.7188024-04:00" endTime="2011-04-23T03:06:36.5798517-04:00" testType="13cdc9d9-ddb5-4fa4-a97d-d965ccfc6d4b" outcome="Passed" testListId="8c84fa94-04c1-424b-9868-57a2d4851a1d" relativeResultsDirectory="a90b9dd7-12f1-4124-9432-17116dc5eede">
    </UnitTestResult>
    <UnitTestResult executionId="1643ceb8-a8d0-4269-aea9-e507ea25801f" testId="d608dcce-d9fb-6d84-90fd-9e607a078572" testName="Get_Realms_Using_Multiple_InvalidNames_Query_Returns_One_Valid_Result" computerName="TERRA" duration="00:00:00.1476975" startTime="2011-04-23T03:06:36.5818518-04:00" endTime="2011-04-23T03:06:36.7338605-04:00" testType="13cdc9d9-ddb5-4fa4-a97d-d965ccfc6d4b" outcome="Passed" testListId="8c84fa94-04c1-424b-9868-57a2d4851a1d" relativeResultsDirectory="1643ceb8-a8d0-4269-aea9-e507ea25801f">
    </UnitTestResult>
    <UnitTestResult executionId="8237b68d-2d3e-41fc-9477-8a9d37d28e95" testId="d87e1b83-355f-19ba-4fe3-fcbe52a0fe6d" testName="Get_Realms_Using_Multiple_ValidNamesArray_Query_Returns_Valid_Results" computerName="TERRA" duration="00:00:00.1309923" startTime="2011-04-23T03:06:36.7358606-04:00" endTime="2011-04-23T03:06:36.8718684-04:00" testType="13cdc9d9-ddb5-4fa4-a97d-d965ccfc6d4b" outcome="Passed" testListId="8c84fa94-04c1-424b-9868-57a2d4851a1d" relativeResultsDirectory="8237b68d-2d3e-41fc-9477-8a9d37d28e95">
    </UnitTestResult>
    <UnitTestResult executionId="96c4112f-3deb-4ca4-932f-7975187108a5" testId="db641adb-f27b-7ead-2e88-bfa3a60e2035" testName="Get_Realms_Using_Invalid_Query_Returns_Null" computerName="TERRA" duration="00:00:00.1315401" startTime="2011-04-23T03:06:36.8728684-04:00" endTime="2011-04-23T03:06:37.0098763-04:00" testType="13cdc9d9-ddb5-4fa4-a97d-d965ccfc6d4b" outcome="Passed" testListId="8c84fa94-04c1-424b-9868-57a2d4851a1d" relativeResultsDirectory="96c4112f-3deb-4ca4-932f-7975187108a5">
    </UnitTestResult>
    <UnitTestResult executionId="52622dcb-1e78-4387-a891-e35eeba8dbb2" testId="e2215a6e-e592-4a84-bf11-86df07375fb2" testName="Get_Realms_Using_Multiple_ValidNames_Query_Returns_Valid_Results" computerName="TERRA" duration="00:00:00.2587517" startTime="2011-04-23T03:06:37.0108763-04:00" endTime="2011-04-23T03:06:37.2748914-04:00" testType="13cdc9d9-ddb5-4fa4-a97d-d965ccfc6d4b" outcome="Passed" testListId="8c84fa94-04c1-424b-9868-57a2d4851a1d" relativeResultsDirectory="52622dcb-1e78-4387-a891-e35eeba8dbb2">
    </UnitTestResult>
    <UnitTestResult executionId="096b336b-81fd-4841-85a2-9ff46c3f378d" testId="f6966b7c-5c2e-4e63-4e06-258062d73de5" testName="GetAllRealms_InvalidRegion_URL_Throws_WebException" computerName="TERRA" duration="00:00:02.3241795" startTime="2011-04-23T03:06:37.2768915-04:00" endTime="2011-04-23T03:06:39.6060247-04:00" testType="13cdc9d9-ddb5-4fa4-a97d-d965ccfc6d4b" outcome="Passed" testListId="8c84fa94-04c1-424b-9868-57a2d4851a1d" relativeResultsDirectory="096b336b-81fd-4841-85a2-9ff46c3f378d">
    </UnitTestResult>
    <UnitTestResult executionId="ea4888a4-b3bb-4165-8db0-82e7e1c4a40e" testId="fa9fed67-eb0e-afb0-864a-a12221f60dd9" testName="Get_Invalid_KR_Realm_Returns_Null" computerName="TERRA" duration="00:00:00.3254785" startTime="2011-04-23T03:06:39.6070248-04:00" endTime="2011-04-23T03:06:39.9380437-04:00" testType="13cdc9d9-ddb5-4fa4-a97d-d965ccfc6d4b" outcome="Passed" testListId="8c84fa94-04c1-424b-9868-57a2d4851a1d" relativeResultsDirectory="ea4888a4-b3bb-4165-8db0-82e7e1c4a40e">
    </UnitTestResult>
  </Results>
</TestRun>