<?xml version="1.0" encoding="UTF-8"?>
<TestRun id="291b04b8-66fa-4905-9ea0-17077e0855d1" name="briandek@TERRA 2011-04-23 03:17:17" runUser="Terra\briandek" xmlns="http://microsoft.com/schemas/VisualStudio/TeamTest/2010">
  <TestSettings name="Local" id="0134485d-d616-41be-ad31-963a4aa628bb">
    <Description>These are default test settings for a local test run.</Description>
    <Deployment enabled="false" runDeploymentRoot="briandek_TERRA 2011-04-23 03_17_17">
      <DeploymentItem filename="D:\Visual Studio 2010\Projects\WowDotNetAPI\RealmAPI\bin\Debug\RealmAPI.dll" />
    </Deployment>
    <Execution>
      <TestTypeSpecific />
      <AgentRule name="Execution Agents">
      </AgentRule>
    </Execution>
  </TestSettings>
  <Times creation="2011-04-23T03:17:17.6635196-04:00" queuing="2011-04-23T03:17:17.7285233-04:00" start="2011-04-23T03:17:17.7395239-04:00" finish="2011-04-23T03:17:28.3211291-04:00" />
  <ResultSummary outcome="Completed">
    <Counters total="21" executed="21" passed="21" error="0" failed="0" timeout="0" aborted="0" inconclusive="0" passedButRunAborted="0" notRunnable="0" notExecuted="0" disconnected="0" warning="0" completed="0" inProgress="0" pending="0" />
  </ResultSummary>
  <TestDefinitions>
    <UnitTest name="GetAll_KR_Realms_Returns_All_KR_Realms" storage="d:\visual studio 2010\projects\wowdotnetapi\realmapi.test\bin\debug\realmapi.test.dll" id="6a5af8ba-1649-fa6f-04cb-4e7907ab9f9d">
      <Execution id="a0496438-3a6f-4544-b6f5-f154c14b7ba0" />
      <TestMethod codeBase="D:/Visual Studio 2010/Projects/WowDotNetAPI/RealmAPI.Test/bin/Debug/RealmAPI.Test.DLL" adapterTypeName="Microsoft.VisualStudio.TestTools.TestTypes.Unit.UnitTestAdapter, Microsoft.VisualStudio.QualityTools.Tips.UnitTest.Adapter, Version=10.0.0.0, Culture=neutral, PublicKeyToken=b03f5f7f11d50a3a" className="RealmAPI.Test.RealmExplorerTest, RealmAPI.Test, Version=1.0.0.0, Culture=neutral, PublicKeyToken=null" name="GetAll_KR_Realms_Returns_All_KR_Realms" />
    </UnitTest>
    <UnitTest name="Get_Realms_Using_Multiple_ValidNames_Query_Returns_Valid_Results" storage="d:\visual studio 2010\projects\wowdotnetapi\realmapi.test\bin\debug\realmapi.test.dll" id="e2215a6e-e592-4a84-bf11-86df07375fb2">
      <Execution id="148ca20f-c0b4-4bf7-8bec-3e2e9c88135c" />
      <TestMethod codeBase="D:/Visual Studio 2010/Projects/WowDotNetAPI/RealmAPI.Test/bin/Debug/RealmAPI.Test.DLL" adapterTypeName="Microsoft.VisualStudio.TestTools.TestTypes.Unit.UnitTestAdapter, Microsoft.VisualStudio.QualityTools.Tips.UnitTest.Adapter, Version=10.0.0.0, Culture=neutral, PublicKeyToken=b03f5f7f11d50a3a" className="RealmAPI.Test.RealmExplorerTest, RealmAPI.Test, Version=1.0.0.0, Culture=neutral, PublicKeyToken=null" name="Get_Realms_Using_Multiple_ValidNames_Query_Returns_Valid_Results" />
    </UnitTest>
    <UnitTest name="GetAll_EU_Realms_Returns_All_EU_Realms" storage="d:\visual studio 2010\projects\wowdotnetapi\realmapi.test\bin\debug\realmapi.test.dll" id="016416bb-5658-18e6-338e-14fab632fbb4">
      <Execution id="3340507e-8187-453c-9467-381bb5b9778a" />
      <TestMethod codeBase="D:/Visual Studio 2010/Projects/WowDotNetAPI/RealmAPI.Test/bin/Debug/RealmAPI.Test.DLL" adapterTypeName="Microsoft.VisualStudio.TestTools.TestTypes.Unit.UnitTestAdapter, Microsoft.VisualStudio.QualityTools.Tips.UnitTest.Adapter, Version=10.0.0.0, Culture=neutral, PublicKeyToken=b03f5f7f11d50a3a" className="RealmAPI.Test.RealmExplorerTest, RealmAPI.Test, Version=1.0.0.0, Culture=neutral, PublicKeyToken=null" name="GetAll_EU_Realms_Returns_All_EU_Realms" />
    </UnitTest>
    <UnitTest name="Get_Realms_Using_Multiple_InvalidNamesArray_Query_Returns_Null" storage="d:\visual studio 2010\projects\wowdotnetapi\realmapi.test\bin\debug\realmapi.test.dll" id="c8ece4fe-fdd5-8895-437a-ba9d562a9393">
      <Execution id="7a89b5f3-d496-48fc-8d92-06209622684f" />
      <TestMethod codeBase="D:/Visual Studio 2010/Projects/WowDotNetAPI/RealmAPI.Test/bin/Debug/RealmAPI.Test.DLL" adapterTypeName="Microsoft.VisualStudio.TestTools.TestTypes.Unit.UnitTestAdapter, Microsoft.VisualStudio.QualityTools.Tips.UnitTest.Adapter, Version=10.0.0.0, Culture=neutral, PublicKeyToken=b03f5f7f11d50a3a" className="RealmAPI.Test.RealmExplorerTest, RealmAPI.Test, Version=1.0.0.0, Culture=neutral, PublicKeyToken=null" name="Get_Realms_Using_Multiple_InvalidNamesArray_Query_Returns_Null" />
    </UnitTest>
    <UnitTest name="Get_Valid_US_Realm_Returns_Unique_Realm" storage="d:\visual studio 2010\projects\wowdotnetapi\realmapi.test\bin\debug\realmapi.test.dll" id="c7d225fc-83c1-55fe-9ae3-d47fdb1fcede">
      <Execution id="854fb5da-29b5-4bf7-acfd-0dc9f8af71c1" />
      <TestMethod codeBase="D:/Visual Studio 2010/Projects/WowDotNetAPI/RealmAPI.Test/bin/Debug/RealmAPI.Test.DLL" adapterTypeName="Microsoft.VisualStudio.TestTools.TestTypes.Unit.UnitTestAdapter, Microsoft.VisualStudio.QualityTools.Tips.UnitTest.Adapter, Version=10.0.0.0, Culture=neutral, PublicKeyToken=b03f5f7f11d50a3a" className="RealmAPI.Test.RealmExplorerTest, RealmAPI.Test, Version=1.0.0.0, Culture=neutral, PublicKeyToken=null" name="Get_Valid_US_Realm_Returns_Unique_Realm" />
    </UnitTest>
    <UnitTest name="Get_All_Realms_By_Type_Returns_Pvp_Realms" storage="d:\visual studio 2010\projects\wowdotnetapi\realmapi.test\bin\debug\realmapi.test.dll" id="c9c45897-e78f-62ad-4751-2c45d854b123">
      <Execution id="ec6bd559-b2f3-4917-a85a-8f500009bc74" />
      <TestMethod codeBase="D:/Visual Studio 2010/Projects/WowDotNetAPI/RealmAPI.Test/bin/Debug/RealmAPI.Test.DLL" adapterTypeName="Microsoft.VisualStudio.TestTools.TestTypes.Unit.UnitTestAdapter, Microsoft.VisualStudio.QualityTools.Tips.UnitTest.Adapter, Version=10.0.0.0, Culture=neutral, PublicKeyToken=b03f5f7f11d50a3a" className="RealmAPI.Test.RealmExplorerTest, RealmAPI.Test, Version=1.0.0.0, Culture=neutral, PublicKeyToken=null" name="Get_All_Realms_By_Type_Returns_Pvp_Realms" />
    </UnitTest>
    <UnitTest name="Get_Realms_Using_Multiple_ValidNamesArray_Query_Returns_Valid_Results" storage="d:\visual studio 2010\projects\wowdotnetapi\realmapi.test\bin\debug\realmapi.test.dll" id="d87e1b83-355f-19ba-4fe3-fcbe52a0fe6d">
      <Execution id="552b57c7-8ce0-4f39-a7fe-36c3c5e30cea" />
      <TestMethod codeBase="D:/Visual Studio 2010/Projects/WowDotNetAPI/RealmAPI.Test/bin/Debug/RealmAPI.Test.DLL" adapterTypeName="Microsoft.VisualStudio.TestTools.TestTypes.Unit.UnitTestAdapter, Microsoft.VisualStudio.QualityTools.Tips.UnitTest.Adapter, Version=10.0.0.0, Culture=neutral, PublicKeyToken=b03f5f7f11d50a3a" className="RealmAPI.Test.RealmExplorerTest, RealmAPI.Test, Version=1.0.0.0, Culture=neutral, PublicKeyToken=null" name="Get_Realms_Using_Multiple_ValidNamesArray_Query_Returns_Valid_Results" />
    </UnitTest>
    <UnitTest name="Get_Realms_Using_Multiple_InvalidNames_Query_Returns_One_Valid_Result" storage="d:\visual studio 2010\projects\wowdotnetapi\realmapi.test\bin\debug\realmapi.test.dll" id="d608dcce-d9fb-6d84-90fd-9e607a078572">
      <Execution id="d8ddaf43-1421-432f-841a-baf78bb8d650" />
      <TestMethod codeBase="D:/Visual Studio 2010/Projects/WowDotNetAPI/RealmAPI.Test/bin/Debug/RealmAPI.Test.DLL" adapterTypeName="Microsoft.VisualStudio.TestTools.TestTypes.Unit.UnitTestAdapter, Microsoft.VisualStudio.QualityTools.Tips.UnitTest.Adapter, Version=10.0.0.0, Culture=neutral, PublicKeyToken=b03f5f7f11d50a3a" className="RealmAPI.Test.RealmExplorerTest, RealmAPI.Test, Version=1.0.0.0, Culture=neutral, PublicKeyToken=null" name="Get_Realms_Using_Multiple_InvalidNames_Query_Returns_One_Valid_Result" />
    </UnitTest>
    <UnitTest name="Get_Valid_KR_Realm_Returns_Unique_KR_Realm" storage="d:\visual studio 2010\projects\wowdotnetapi\realmapi.test\bin\debug\realmapi.test.dll" id="1c3657c1-2092-354d-0489-a5922b3117c4">
      <Execution id="cf51debe-c443-4f30-bea9-bdf3180d6c72" />
      <TestMethod codeBase="D:/Visual Studio 2010/Projects/WowDotNetAPI/RealmAPI.Test/bin/Debug/RealmAPI.Test.DLL" adapterTypeName="Microsoft.VisualStudio.TestTools.TestTypes.Unit.UnitTestAdapter, Microsoft.VisualStudio.QualityTools.Tips.UnitTest.Adapter, Version=10.0.0.0, Culture=neutral, PublicKeyToken=b03f5f7f11d50a3a" className="RealmAPI.Test.RealmExplorerTest, RealmAPI.Test, Version=1.0.0.0, Culture=neutral, PublicKeyToken=null" name="Get_Valid_KR_Realm_Returns_Unique_KR_Realm" />
    </UnitTest>
    <UnitTest name="Get_All_Realms_By_Status_Returns_Realms_That_Are_Up" storage="d:\visual studio 2010\projects\wowdotnetapi\realmapi.test\bin\debug\realmapi.test.dll" id="3a58a424-202c-4993-1f21-dcc161491d40">
      <Execution id="06a5c5a5-553c-4345-ac67-da0904a83321" />
      <TestMethod codeBase="D:/Visual Studio 2010/Projects/WowDotNetAPI/RealmAPI.Test/bin/Debug/RealmAPI.Test.DLL" adapterTypeName="Microsoft.VisualStudio.TestTools.TestTypes.Unit.UnitTestAdapter, Microsoft.VisualStudio.QualityTools.Tips.UnitTest.Adapter, Version=10.0.0.0, Culture=neutral, PublicKeyToken=b03f5f7f11d50a3a" className="RealmAPI.Test.RealmExplorerTest, RealmAPI.Test, Version=1.0.0.0, Culture=neutral, PublicKeyToken=null" name="Get_All_Realms_By_Status_Returns_Realms_That_Are_Up" />
    </UnitTest>
    <UnitTest name="GetAllRealms_InvalidRegion_URL_Throws_WebException" storage="d:\visual studio 2010\projects\wowdotnetapi\realmapi.test\bin\debug\realmapi.test.dll" id="f6966b7c-5c2e-4e63-4e06-258062d73de5">
      <Execution id="fb674615-771c-431a-a0a2-26bba7270f00" />
      <TestMethod codeBase="D:/Visual Studio 2010/Projects/WowDotNetAPI/RealmAPI.Test/bin/Debug/RealmAPI.Test.DLL" adapterTypeName="Microsoft.VisualStudio.TestTools.TestTypes.Unit.UnitTestAdapter, Microsoft.VisualStudio.QualityTools.Tips.UnitTest.Adapter, Version=10.0.0.0, Culture=neutral, PublicKeyToken=b03f5f7f11d50a3a" className="RealmAPI.Test.RealmExplorerTest, RealmAPI.Test, Version=1.0.0.0, Culture=neutral, PublicKeyToken=null" name="GetAllRealms_InvalidRegion_URL_Throws_WebException" />
    </UnitTest>
    <UnitTest name="Get_Invalid_KR_Realm_Returns_Null" storage="d:\visual studio 2010\projects\wowdotnetapi\realmapi.test\bin\debug\realmapi.test.dll" id="fa9fed67-eb0e-afb0-864a-a12221f60dd9">
      <Execution id="5d12d740-570c-4694-8fd7-b9e3c47bdca1" />
      <TestMethod codeBase="D:/Visual Studio 2010/Projects/WowDotNetAPI/RealmAPI.Test/bin/Debug/RealmAPI.Test.DLL" adapterTypeName="Microsoft.VisualStudio.TestTools.TestTypes.Unit.UnitTestAdapter, Microsoft.VisualStudio.QualityTools.Tips.UnitTest.Adapter, Version=10.0.0.0, Culture=neutral, PublicKeyToken=b03f5f7f11d50a3a" className="RealmAPI.Test.RealmExplorerTest, RealmAPI.Test, Version=1.0.0.0, Culture=neutral, PublicKeyToken=null" name="Get_Invalid_KR_Realm_Returns_Null" />
    </UnitTest>
    <UnitTest name="Get_Realms_Using_Valid_Query_Returns_Valid_Results" storage="d:\visual studio 2010\projects\wowdotnetapi\realmapi.test\bin\debug\realmapi.test.dll" id="b00eb8c3-44d1-b0d5-78ed-133c1351f56b">
      <Execution id="35edfb43-b3af-48e7-bc0e-aa5bd653785c" />
      <TestMethod codeBase="D:/Visual Studio 2010/Projects/WowDotNetAPI/RealmAPI.Test/bin/Debug/RealmAPI.Test.DLL" adapterTypeName="Microsoft.VisualStudio.TestTools.TestTypes.Unit.UnitTestAdapter, Microsoft.VisualStudio.QualityTools.Tips.UnitTest.Adapter, Version=10.0.0.0, Culture=neutral, PublicKeyToken=b03f5f7f11d50a3a" className="RealmAPI.Test.RealmExplorerTest, RealmAPI.Test, Version=1.0.0.0, Culture=neutral, PublicKeyToken=null" name="Get_Realms_Using_Valid_Query_Returns_Valid_Results" />
    </UnitTest>
    <UnitTest name="Get_Realms_Using_Garbage_Query_Still_Returns_All_Realms" storage="d:\visual studio 2010\projects\wowdotnetapi\realmapi.test\bin\debug\realmapi.test.dll" id="e963691d-9802-8dbe-87d9-40c135a80620">
      <Execution id="d82eac67-0005-42f9-9d98-4aa422ea1455" />
      <TestMethod codeBase="D:/Visual Studio 2010/Projects/WowDotNetAPI/RealmAPI.Test/bin/Debug/RealmAPI.Test.DLL" adapterTypeName="Microsoft.VisualStudio.TestTools.TestTypes.Unit.UnitTestAdapter, Microsoft.VisualStudio.QualityTools.Tips.UnitTest.Adapter, Version=10.0.0.0, Culture=neutral, PublicKeyToken=b03f5f7f11d50a3a" className="RealmAPI.Test.RealmExplorerTest, RealmAPI.Test, Version=1.0.0.0, Culture=neutral, PublicKeyToken=null" name="Get_Realms_Using_Garbage_Query_Still_Returns_All_Realms" />
    </UnitTest>
    <UnitTest name="Get_Invalid_EU_Realm_Returns_Null" storage="d:\visual studio 2010\projects\wowdotnetapi\realmapi.test\bin\debug\realmapi.test.dll" id="3b9aa556-05fa-334a-f8e6-db13047f8893">
      <Execution id="1ef0985f-d602-4fbb-9e1c-ca12b7920a8b" />
      <TestMethod codeBase="D:/Visual Studio 2010/Projects/WowDotNetAPI/RealmAPI.Test/bin/Debug/RealmAPI.Test.DLL" adapterTypeName="Microsoft.VisualStudio.TestTools.TestTypes.Unit.UnitTestAdapter, Microsoft.VisualStudio.QualityTools.Tips.UnitTest.Adapter, Version=10.0.0.0, Culture=neutral, PublicKeyToken=b03f5f7f11d50a3a" className="RealmAPI.Test.RealmExplorerTest, RealmAPI.Test, Version=1.0.0.0, Culture=neutral, PublicKeyToken=null" name="Get_Invalid_EU_Realm_Returns_Null" />
    </UnitTest>
    <UnitTest name="Get_Valid_EU_Realm_Returns_Unique_EU_Realm" storage="d:\visual studio 2010\projects\wowdotnetapi\realmapi.test\bin\debug\realmapi.test.dll" id="4ec20c7b-f01b-d96e-c825-f861e7c35ccc">
      <Execution id="3e129397-28ac-415a-a8dc-98646e02c6e2" />
      <TestMethod codeBase="D:/Visual Studio 2010/Projects/WowDotNetAPI/RealmAPI.Test/bin/Debug/RealmAPI.Test.DLL" adapterTypeName="Microsoft.VisualStudio.TestTools.TestTypes.Unit.UnitTestAdapter, Microsoft.VisualStudio.QualityTools.Tips.UnitTest.Adapter, Version=10.0.0.0, Culture=neutral, PublicKeyToken=b03f5f7f11d50a3a" className="RealmAPI.Test.RealmExplorerTest, RealmAPI.Test, Version=1.0.0.0, Culture=neutral, PublicKeyToken=null" name="Get_Valid_EU_Realm_Returns_Unique_EU_Realm" />
    </UnitTest>
    <UnitTest name="Get_Invalid_US_Realm_Returns_Null" storage="d:\visual studio 2010\projects\wowdotnetapi\realmapi.test\bin\debug\realmapi.test.dll" id="baffacb8-31fa-91fb-ce8c-dedacdb1da42">
      <Execution id="c9767a97-c2a2-489b-aebc-cdd9ff0ac0f4" />
      <TestMethod codeBase="D:/Visual Studio 2010/Projects/WowDotNetAPI/RealmAPI.Test/bin/Debug/RealmAPI.Test.DLL" adapterTypeName="Microsoft.VisualStudio.TestTools.TestTypes.Unit.UnitTestAdapter, Microsoft.VisualStudio.QualityTools.Tips.UnitTest.Adapter, Version=10.0.0.0, Culture=neutral, PublicKeyToken=b03f5f7f11d50a3a" className="RealmAPI.Test.RealmExplorerTest, RealmAPI.Test, Version=1.0.0.0, Culture=neutral, PublicKeyToken=null" name="Get_Invalid_US_Realm_Returns_Null" />
    </UnitTest>
    <UnitTest name="Get_All_Realms_By_Population_Returns_Realms_That_Have_Low_Population" storage="d:\visual studio 2010\projects\wowdotnetapi\realmapi.test\bin\debug\realmapi.test.dll" id="54503d8b-a3d8-1798-6cd1-f35962641478">
      <Execution id="b177483c-bf2d-4e11-8c7a-6054154a786a" />
      <TestMethod codeBase="D:/Visual Studio 2010/Projects/WowDotNetAPI/RealmAPI.Test/bin/Debug/RealmAPI.Test.DLL" adapterTypeName="Microsoft.VisualStudio.TestTools.TestTypes.Unit.UnitTestAdapter, Microsoft.VisualStudio.QualityTools.Tips.UnitTest.Adapter, Version=10.0.0.0, Culture=neutral, PublicKeyToken=b03f5f7f11d50a3a" className="RealmAPI.Test.RealmExplorerTest, RealmAPI.Test, Version=1.0.0.0, Culture=neutral, PublicKeyToken=null" name="Get_All_Realms_By_Population_Returns_Realms_That_Have_Low_Population" />
    </UnitTest>
    <UnitTest name="Get_All_Realms_By_Queue_Returns_Realms_That_Have_Queues" storage="d:\visual studio 2010\projects\wowdotnetapi\realmapi.test\bin\debug\realmapi.test.dll" id="a6bce660-b39b-2f9d-0612-08c1546f021e">
      <Execution id="ff921aeb-634a-4594-8631-b61dbc0d3596" />
      <TestMethod codeBase="D:/Visual Studio 2010/Projects/WowDotNetAPI/RealmAPI.Test/bin/Debug/RealmAPI.Test.DLL" adapterTypeName="Microsoft.VisualStudio.TestTools.TestTypes.Unit.UnitTestAdapter, Microsoft.VisualStudio.QualityTools.Tips.UnitTest.Adapter, Version=10.0.0.0, Culture=neutral, PublicKeyToken=b03f5f7f11d50a3a" className="RealmAPI.Test.RealmExplorerTest, RealmAPI.Test, Version=1.0.0.0, Culture=neutral, PublicKeyToken=null" name="Get_All_Realms_By_Queue_Returns_Realms_That_Have_Queues" />
    </UnitTest>
    <UnitTest name="Get_Realms_Using_Invalid_Realm_Name_In_Query_Returns_Null" storage="d:\visual studio 2010\projects\wowdotnetapi\realmapi.test\bin\debug\realmapi.test.dll" id="f1eef956-58c1-3c5f-13db-9a26d9fdbd4f">
      <Execution id="14b9cead-4ba6-4e3d-9535-25c8dca0e3e6" />
      <TestMethod codeBase="D:/Visual Studio 2010/Projects/WowDotNetAPI/RealmAPI.Test/bin/Debug/RealmAPI.Test.DLL" adapterTypeName="Microsoft.VisualStudio.TestTools.TestTypes.Unit.UnitTestAdapter, Microsoft.VisualStudio.QualityTools.Tips.UnitTest.Adapter, Version=10.0.0.0, Culture=neutral, PublicKeyToken=b03f5f7f11d50a3a" className="RealmAPI.Test.RealmExplorerTest, RealmAPI.Test, Version=1.0.0.0, Culture=neutral, PublicKeyToken=null" name="Get_Realms_Using_Invalid_Realm_Name_In_Query_Returns_Null" />
    </UnitTest>
    <UnitTest name="GetAll_US_Realms_Returns_All_Realms" storage="d:\visual studio 2010\projects\wowdotnetapi\realmapi.test\bin\debug\realmapi.test.dll" id="74e71098-7b33-aa98-3016-e2856bfb56ac">
      <Execution id="f19245df-0b2d-4243-92e7-eb68f2c8476c" />
      <TestMethod codeBase="D:/Visual Studio 2010/Projects/WowDotNetAPI/RealmAPI.Test/bin/Debug/RealmAPI.Test.DLL" adapterTypeName="Microsoft.VisualStudio.TestTools.TestTypes.Unit.UnitTestAdapter, Microsoft.VisualStudio.QualityTools.Tips.UnitTest.Adapter, Version=10.0.0.0, Culture=neutral, PublicKeyToken=b03f5f7f11d50a3a" className="RealmAPI.Test.RealmExplorerTest, RealmAPI.Test, Version=1.0.0.0, Culture=neutral, PublicKeyToken=null" name="GetAll_US_Realms_Returns_All_Realms" />
    </UnitTest>
  </TestDefinitions>
  <TestLists>
    <TestList name="Results Not in a List" id="8c84fa94-04c1-424b-9868-57a2d4851a1d" />
    <TestList name="All Loaded Results" id="19431567-8539-422a-85d7-44ee4e166bda" />
  </TestLists>
  <TestEntries>
    <TestEntry testId="016416bb-5658-18e6-338e-14fab632fbb4" executionId="3340507e-8187-453c-9467-381bb5b9778a" testListId="8c84fa94-04c1-424b-9868-57a2d4851a1d" />
    <TestEntry testId="1c3657c1-2092-354d-0489-a5922b3117c4" executionId="cf51debe-c443-4f30-bea9-bdf3180d6c72" testListId="8c84fa94-04c1-424b-9868-57a2d4851a1d" />
    <TestEntry testId="3a58a424-202c-4993-1f21-dcc161491d40" executionId="06a5c5a5-553c-4345-ac67-da0904a83321" testListId="8c84fa94-04c1-424b-9868-57a2d4851a1d" />
    <TestEntry testId="3b9aa556-05fa-334a-f8e6-db13047f8893" executionId="1ef0985f-d602-4fbb-9e1c-ca12b7920a8b" testListId="8c84fa94-04c1-424b-9868-57a2d4851a1d" />
    <TestEntry testId="4ec20c7b-f01b-d96e-c825-f861e7c35ccc" executionId="3e129397-28ac-415a-a8dc-98646e02c6e2" testListId="8c84fa94-04c1-424b-9868-57a2d4851a1d" />
    <TestEntry testId="54503d8b-a3d8-1798-6cd1-f35962641478" executionId="b177483c-bf2d-4e11-8c7a-6054154a786a" testListId="8c84fa94-04c1-424b-9868-57a2d4851a1d" />
    <TestEntry testId="6a5af8ba-1649-fa6f-04cb-4e7907ab9f9d" executionId="a0496438-3a6f-4544-b6f5-f154c14b7ba0" testListId="8c84fa94-04c1-424b-9868-57a2d4851a1d" />
    <TestEntry testId="74e71098-7b33-aa98-3016-e2856bfb56ac" executionId="f19245df-0b2d-4243-92e7-eb68f2c8476c" testListId="8c84fa94-04c1-424b-9868-57a2d4851a1d" />
    <TestEntry testId="a6bce660-b39b-2f9d-0612-08c1546f021e" executionId="ff921aeb-634a-4594-8631-b61dbc0d3596" testListId="8c84fa94-04c1-424b-9868-57a2d4851a1d" />
    <TestEntry testId="b00eb8c3-44d1-b0d5-78ed-133c1351f56b" executionId="35edfb43-b3af-48e7-bc0e-aa5bd653785c" testListId="8c84fa94-04c1-424b-9868-57a2d4851a1d" />
    <TestEntry testId="baffacb8-31fa-91fb-ce8c-dedacdb1da42" executionId="c9767a97-c2a2-489b-aebc-cdd9ff0ac0f4" testListId="8c84fa94-04c1-424b-9868-57a2d4851a1d" />
    <TestEntry testId="c7d225fc-83c1-55fe-9ae3-d47fdb1fcede" executionId="854fb5da-29b5-4bf7-acfd-0dc9f8af71c1" testListId="8c84fa94-04c1-424b-9868-57a2d4851a1d" />
    <TestEntry testId="c8ece4fe-fdd5-8895-437a-ba9d562a9393" executionId="7a89b5f3-d496-48fc-8d92-06209622684f" testListId="8c84fa94-04c1-424b-9868-57a2d4851a1d" />
    <TestEntry testId="c9c45897-e78f-62ad-4751-2c45d854b123" executionId="ec6bd559-b2f3-4917-a85a-8f500009bc74" testListId="8c84fa94-04c1-424b-9868-57a2d4851a1d" />
    <TestEntry testId="d608dcce-d9fb-6d84-90fd-9e607a078572" executionId="d8ddaf43-1421-432f-841a-baf78bb8d650" testListId="8c84fa94-04c1-424b-9868-57a2d4851a1d" />
    <TestEntry testId="d87e1b83-355f-19ba-4fe3-fcbe52a0fe6d" executionId="552b57c7-8ce0-4f39-a7fe-36c3c5e30cea" testListId="8c84fa94-04c1-424b-9868-57a2d4851a1d" />
    <TestEntry testId="e2215a6e-e592-4a84-bf11-86df07375fb2" executionId="148ca20f-c0b4-4bf7-8bec-3e2e9c88135c" testListId="8c84fa94-04c1-424b-9868-57a2d4851a1d" />
    <TestEntry testId="e963691d-9802-8dbe-87d9-40c135a80620" executionId="d82eac67-0005-42f9-9d98-4aa422ea1455" testListId="8c84fa94-04c1-424b-9868-57a2d4851a1d" />
    <TestEntry testId="f1eef956-58c1-3c5f-13db-9a26d9fdbd4f" executionId="14b9cead-4ba6-4e3d-9535-25c8dca0e3e6" testListId="8c84fa94-04c1-424b-9868-57a2d4851a1d" />
    <TestEntry testId="f6966b7c-5c2e-4e63-4e06-258062d73de5" executionId="fb674615-771c-431a-a0a2-26bba7270f00" testListId="8c84fa94-04c1-424b-9868-57a2d4851a1d" />
    <TestEntry testId="fa9fed67-eb0e-afb0-864a-a12221f60dd9" executionId="5d12d740-570c-4694-8fd7-b9e3c47bdca1" testListId="8c84fa94-04c1-424b-9868-57a2d4851a1d" />
  </TestEntries>
  <Results>
    <UnitTestResult executionId="3340507e-8187-453c-9467-381bb5b9778a" testId="016416bb-5658-18e6-338e-14fab632fbb4" testName="GetAll_EU_Realms_Returns_All_EU_Realms" computerName="TERRA" duration="00:00:01.2561664" startTime="2011-04-23T03:17:17.7425241-04:00" endTime="2011-04-23T03:17:19.1696057-04:00" testType="13cdc9d9-ddb5-4fa4-a97d-d965ccfc6d4b" outcome="Passed" testListId="8c84fa94-04c1-424b-9868-57a2d4851a1d" relativeResultsDirectory="3340507e-8187-453c-9467-381bb5b9778a">
    </UnitTestResult>
    <UnitTestResult executionId="cf51debe-c443-4f30-bea9-bdf3180d6c72" testId="1c3657c1-2092-354d-0489-a5922b3117c4" testName="Get_Valid_KR_Realm_Returns_Unique_KR_Realm" computerName="TERRA" duration="00:00:00.6425532" startTime="2011-04-23T03:17:19.1706058-04:00" endTime="2011-04-23T03:17:19.8166427-04:00" testType="13cdc9d9-ddb5-4fa4-a97d-d965ccfc6d4b" outcome="Passed" testListId="8c84fa94-04c1-424b-9868-57a2d4851a1d" relativeResultsDirectory="cf51debe-c443-4f30-bea9-bdf3180d6c72">
    </UnitTestResult>
    <UnitTestResult executionId="06a5c5a5-553c-4345-ac67-da0904a83321" testId="3a58a424-202c-4993-1f21-dcc161491d40" testName="Get_All_Realms_By_Status_Returns_Realms_That_Are_Up" computerName="TERRA" duration="00:00:00.9280493" startTime="2011-04-23T03:17:19.8186428-04:00" endTime="2011-04-23T03:17:20.7516962-04:00" testType="13cdc9d9-ddb5-4fa4-a97d-d965ccfc6d4b" outcome="Passed" testListId="8c84fa94-04c1-424b-9868-57a2d4851a1d" relativeResultsDirectory="06a5c5a5-553c-4345-ac67-da0904a83321">
    </UnitTestResult>
    <UnitTestResult executionId="1ef0985f-d602-4fbb-9e1c-ca12b7920a8b" testId="3b9aa556-05fa-334a-f8e6-db13047f8893" testName="Get_Invalid_EU_Realm_Returns_Null" computerName="TERRA" duration="00:00:00.1500413" startTime="2011-04-23T03:17:20.7526962-04:00" endTime="2011-04-23T03:17:20.9077051-04:00" testType="13cdc9d9-ddb5-4fa4-a97d-d965ccfc6d4b" outcome="Passed" testListId="8c84fa94-04c1-424b-9868-57a2d4851a1d" relativeResultsDirectory="1ef0985f-d602-4fbb-9e1c-ca12b7920a8b">
    </UnitTestResult>
    <UnitTestResult executionId="3e129397-28ac-415a-a8dc-98646e02c6e2" testId="4ec20c7b-f01b-d96e-c825-f861e7c35ccc" testName="Get_Valid_EU_Realm_Returns_Unique_EU_Realm" computerName="TERRA" duration="00:00:00.2625770" startTime="2011-04-23T03:17:20.9097052-04:00" endTime="2011-04-23T03:17:21.1827208-04:00" testType="13cdc9d9-ddb5-4fa4-a97d-d965ccfc6d4b" outcome="Passed" testListId="8c84fa94-04c1-424b-9868-57a2d4851a1d" relativeResultsDirectory="3e129397-28ac-415a-a8dc-98646e02c6e2">
    </UnitTestResult>
    <UnitTestResult executionId="b177483c-bf2d-4e11-8c7a-6054154a786a" testId="54503d8b-a3d8-1798-6cd1-f35962641478" testName="Get_All_Realms_By_Population_Returns_Realms_That_Have_Low_Population" computerName="TERRA" duration="00:00:00.4968833" startTime="2011-04-23T03:17:21.1847210-04:00" endTime="2011-04-23T03:17:21.6867497-04:00" testType="13cdc9d9-ddb5-4fa4-a97d-d965ccfc6d4b" outcome="Passed" testListId="8c84fa94-04c1-424b-9868-57a2d4851a1d" relativeResultsDirectory="b177483c-bf2d-4e11-8c7a-6054154a786a">
    </UnitTestResult>
    <UnitTestResult executionId="a0496438-3a6f-4544-b6f5-f154c14b7ba0" testId="6a5af8ba-1649-fa6f-04cb-4e7907ab9f9d" testName="GetAll_KR_Realms_Returns_All_KR_Realms" computerName="TERRA" duration="00:00:00.6505028" startTime="2011-04-23T03:17:21.6887498-04:00" endTime="2011-04-23T03:17:22.3417871-04:00" testType="13cdc9d9-ddb5-4fa4-a97d-d965ccfc6d4b" outcome="Passed" testListId="8c84fa94-04c1-424b-9868-57a2d4851a1d" relativeResultsDirectory="a0496438-3a6f-4544-b6f5-f154c14b7ba0">
    </UnitTestResult>
    <UnitTestResult executionId="f19245df-0b2d-4243-92e7-eb68f2c8476c" testId="74e71098-7b33-aa98-3016-e2856bfb56ac" testName="GetAll_US_Realms_Returns_All_Realms" computerName="TERRA" duration="00:00:00.4963504" startTime="2011-04-23T03:17:22.3427872-04:00" endTime="2011-04-23T03:17:22.8418157-04:00" testType="13cdc9d9-ddb5-4fa4-a97d-d965ccfc6d4b" outcome="Passed" testListId="8c84fa94-04c1-424b-9868-57a2d4851a1d" relativeResultsDirectory="f19245df-0b2d-4243-92e7-eb68f2c8476c">
    </UnitTestResult>
    <UnitTestResult executionId="ff921aeb-634a-4594-8631-b61dbc0d3596" testId="a6bce660-b39b-2f9d-0612-08c1546f021e" testName="Get_All_Realms_By_Queue_Returns_Realms_That_Have_Queues" computerName="TERRA" duration="00:00:00.2677003" startTime="2011-04-23T03:17:22.8428158-04:00" endTime="2011-04-23T03:17:23.1148313-04:00" testType="13cdc9d9-ddb5-4fa4-a97d-d965ccfc6d4b" outcome="Passed" testListId="8c84fa94-04c1-424b-9868-57a2d4851a1d" relativeResultsDirectory="ff921aeb-634a-4594-8631-b61dbc0d3596">
    </UnitTestResult>
    <UnitTestResult executionId="35edfb43-b3af-48e7-bc0e-aa5bd653785c" testId="b00eb8c3-44d1-b0d5-78ed-133c1351f56b" testName="Get_Realms_Using_Valid_Query_Returns_Valid_Results" computerName="TERRA" duration="00:00:00.1517953" startTime="2011-04-23T03:17:23.1178315-04:00" endTime="2011-04-23T03:17:23.2758406-04:00" testType="13cdc9d9-ddb5-4fa4-a97d-d965ccfc6d4b" outcome="Passed" testListId="8c84fa94-04c1-424b-9868-57a2d4851a1d" relativeResultsDirectory="35edfb43-b3af-48e7-bc0e-aa5bd653785c">
    </UnitTestResult>
    <UnitTestResult executionId="c9767a97-c2a2-489b-aebc-cdd9ff0ac0f4" testId="baffacb8-31fa-91fb-ce8c-dedacdb1da42" testName="Get_Invalid_US_Realm_Returns_Null" computerName="TERRA" duration="00:00:00.1358988" startTime="2011-04-23T03:17:23.2768406-04:00" endTime="2011-04-23T03:17:23.4178487-04:00" testType="13cdc9d9-ddb5-4fa4-a97d-d965ccfc6d4b" outcome="Passed" testListId="8c84fa94-04c1-424b-9868-57a2d4851a1d" relativeResultsDirectory="c9767a97-c2a2-489b-aebc-cdd9ff0ac0f4">
    </UnitTestResult>
    <UnitTestResult executionId="854fb5da-29b5-4bf7-acfd-0dc9f8af71c1" testId="c7d225fc-83c1-55fe-9ae3-d47fdb1fcede" testName="Get_Valid_US_Realm_Returns_Unique_Realm" computerName="TERRA" duration="00:00:00.2626469" startTime="2011-04-23T03:17:23.4188487-04:00" endTime="2011-04-23T03:17:23.6868641-04:00" testType="13cdc9d9-ddb5-4fa4-a97d-d965ccfc6d4b" outcome="Passed" testListId="8c84fa94-04c1-424b-9868-57a2d4851a1d" relativeResultsDirectory="854fb5da-29b5-4bf7-acfd-0dc9f8af71c1">
    </UnitTestResult>
    <UnitTestResult executionId="7a89b5f3-d496-48fc-8d92-06209622684f" testId="c8ece4fe-fdd5-8895-437a-ba9d562a9393" testName="Get_Realms_Using_Multiple_InvalidNamesArray_Query_Returns_Null" computerName="TERRA" duration="00:00:00.1401769" startTime="2011-04-23T03:17:23.6888642-04:00" endTime="2011-04-23T03:17:23.8338725-04:00" testType="13cdc9d9-ddb5-4fa4-a97d-d965ccfc6d4b" outcome="Passed" testListId="8c84fa94-04c1-424b-9868-57a2d4851a1d" relativeResultsDirectory="7a89b5f3-d496-48fc-8d92-06209622684f">
    </UnitTestResult>
    <UnitTestResult executionId="ec6bd559-b2f3-4917-a85a-8f500009bc74" testId="c9c45897-e78f-62ad-4751-2c45d854b123" testName="Get_All_Realms_By_Type_Returns_Pvp_Realms" computerName="TERRA" duration="00:00:00.8773243" startTime="2011-04-23T03:17:23.8358726-04:00" endTime="2011-04-23T03:17:24.7179230-04:00" testType="13cdc9d9-ddb5-4fa4-a97d-d965ccfc6d4b" outcome="Passed" testListId="8c84fa94-04c1-424b-9868-57a2d4851a1d" relativeResultsDirectory="ec6bd559-b2f3-4917-a85a-8f500009bc74">
    </UnitTestResult>
    <UnitTestResult executionId="d8ddaf43-1421-432f-841a-baf78bb8d650" testId="d608dcce-d9fb-6d84-90fd-9e607a078572" testName="Get_Realms_Using_Multiple_InvalidNames_Query_Returns_One_Valid_Result" computerName="TERRA" duration="00:00:00.1360971" startTime="2011-04-23T03:17:24.7189231-04:00" endTime="2011-04-23T03:17:24.8599312-04:00" testType="13cdc9d9-ddb5-4fa4-a97d-d965ccfc6d4b" outcome="Passed" testListId="8c84fa94-04c1-424b-9868-57a2d4851a1d" relativeResultsDirectory="d8ddaf43-1421-432f-841a-baf78bb8d650">
    </UnitTestResult>
    <UnitTestResult executionId="552b57c7-8ce0-4f39-a7fe-36c3c5e30cea" testId="d87e1b83-355f-19ba-4fe3-fcbe52a0fe6d" testName="Get_Realms_Using_Multiple_ValidNamesArray_Query_Returns_Valid_Results" computerName="TERRA" duration="00:00:00.1378492" startTime="2011-04-23T03:17:24.8609312-04:00" endTime="2011-04-23T03:17:25.0039394-04:00" testType="13cdc9d9-ddb5-4fa4-a97d-d965ccfc6d4b" outcome="Passed" testListId="8c84fa94-04c1-424b-9868-57a2d4851a1d" relativeResultsDirectory="552b57c7-8ce0-4f39-a7fe-36c3c5e30cea">
    </UnitTestResult>
    <UnitTestResult executionId="148ca20f-c0b4-4bf7-8bec-3e2e9c88135c" testId="e2215a6e-e592-4a84-bf11-86df07375fb2" testName="Get_Realms_Using_Multiple_ValidNames_Query_Returns_Valid_Results" computerName="TERRA" duration="00:00:00.1364472" startTime="2011-04-23T03:17:25.0059395-04:00" endTime="2011-04-23T03:17:25.1479476-04:00" testType="13cdc9d9-ddb5-4fa4-a97d-d965ccfc6d4b" outcome="Passed" testListId="8c84fa94-04c1-424b-9868-57a2d4851a1d" relativeResultsDirectory="148ca20f-c0b4-4bf7-8bec-3e2e9c88135c">
    </UnitTestResult>
    <UnitTestResult executionId="d82eac67-0005-42f9-9d98-4aa422ea1455" testId="e963691d-9802-8dbe-87d9-40c135a80620" testName="Get_Realms_Using_Garbage_Query_Still_Returns_All_Realms" computerName="TERRA" duration="00:00:00.3892752" startTime="2011-04-23T03:17:25.1489477-04:00" endTime="2011-04-23T03:17:25.5429702-04:00" testType="13cdc9d9-ddb5-4fa4-a97d-d965ccfc6d4b" outcome="Passed" testListId="8c84fa94-04c1-424b-9868-57a2d4851a1d" relativeResultsDirectory="d82eac67-0005-42f9-9d98-4aa422ea1455">
    </UnitTestResult>
    <UnitTestResult executionId="14b9cead-4ba6-4e3d-9535-25c8dca0e3e6" testId="f1eef956-58c1-3c5f-13db-9a26d9fdbd4f" testName="Get_Realms_Using_Invalid_Realm_Name_In_Query_Returns_Null" computerName="TERRA" duration="00:00:00.1387820" startTime="2011-04-23T03:17:25.5449703-04:00" endTime="2011-04-23T03:17:25.6889786-04:00" testType="13cdc9d9-ddb5-4fa4-a97d-d965ccfc6d4b" outcome="Passed" testListId="8c84fa94-04c1-424b-9868-57a2d4851a1d" relativeResultsDirectory="14b9cead-4ba6-4e3d-9535-25c8dca0e3e6">
    </UnitTestResult>
    <UnitTestResult executionId="fb674615-771c-431a-a0a2-26bba7270f00" testId="f6966b7c-5c2e-4e63-4e06-258062d73de5" testName="GetAllRealms_InvalidRegion_URL_Throws_WebException" computerName="TERRA" duration="00:00:02.2640090" startTime="2011-04-23T03:17:25.6899786-04:00" endTime="2011-04-23T03:17:27.9591084-04:00" testType="13cdc9d9-ddb5-4fa4-a97d-d965ccfc6d4b" outcome="Passed" testListId="8c84fa94-04c1-424b-9868-57a2d4851a1d" relativeResultsDirectory="fb674615-771c-431a-a0a2-26bba7270f00">
    </UnitTestResult>
    <UnitTestResult executionId="5d12d740-570c-4694-8fd7-b9e3c47bdca1" testId="fa9fed67-eb0e-afb0-864a-a12221f60dd9" testName="Get_Invalid_KR_Realm_Returns_Null" computerName="TERRA" duration="00:00:00.3316813" startTime="2011-04-23T03:17:27.9601085-04:00" endTime="2011-04-23T03:17:28.2961277-04:00" testType="13cdc9d9-ddb5-4fa4-a97d-d965ccfc6d4b" outcome="Passed" testListId="8c84fa94-04c1-424b-9868-57a2d4851a1d" relativeResultsDirectory="5d12d740-570c-4694-8fd7-b9e3c47bdca1">
    </UnitTestResult>
  </Results>
</TestRun>